2021-01-13 14:56:56.513 | DEBUG | main | com.CloudBranchApplication-line:56 | Running with Spring Boot v2.3.4.RELEASE, Spring v5.2.9.RELEASE
2021-01-13 14:57:30.103 | DEBUG | main | com.CloudBranchApplication-line:56 | Running with Spring Boot v2.3.4.RELEASE, Spring v5.2.9.RELEASE
2021-01-13 15:06:28.879 | DEBUG | http-nio-8090-exec-10 | com.modules.sys.admin.dao.UserDao.findByUserName-line:137 | ==>  Preparing: SELECT * FROM user WHERE USER_NAME = ?
2021-01-13 15:06:28.899 | DEBUG | http-nio-8090-exec-10 | com.modules.sys.admin.dao.UserDao.findByUserName-line:137 | ==> Parameters: admin(String)
2021-01-13 15:06:28.934 | DEBUG | http-nio-8090-exec-10 | com.modules.sys.admin.dao.UserDao.findByUserName-line:137 | <==      Total: 1
2021-01-13 15:15:28.058 | DEBUG | main | com.CloudBranchApplication-line:56 | Running with Spring Boot v2.3.4.RELEASE, Spring v5.2.9.RELEASE
2021-01-13 15:15:52.719 | DEBUG | http-nio-8090-exec-3 | com.modules.sys.admin.dao.UserDao.findByUserName-line:137 | ==>  Preparing: SELECT * FROM user WHERE USER_NAME = ?
2021-01-13 15:15:52.739 | DEBUG | http-nio-8090-exec-3 | com.modules.sys.admin.dao.UserDao.findByUserName-line:137 | ==> Parameters: admin(String)
2021-01-13 15:15:52.755 | DEBUG | http-nio-8090-exec-3 | com.modules.sys.admin.dao.UserDao.findByUserName-line:137 | <==      Total: 1
2021-01-13 15:28:00.834 | DEBUG | http-nio-8090-exec-1 | com.modules.sys.admin.dao.UserDao.findByUserName-line:137 | ==>  Preparing: SELECT * FROM user WHERE USER_NAME = ?
2021-01-13 15:28:00.835 | DEBUG | http-nio-8090-exec-1 | com.modules.sys.admin.dao.UserDao.findByUserName-line:137 | ==> Parameters: admin(String)
2021-01-13 15:28:00.837 | DEBUG | http-nio-8090-exec-1 | com.modules.sys.admin.dao.UserDao.findByUserName-line:137 | <==      Total: 1
2021-01-13 15:28:00.841 | DEBUG | http-nio-8090-exec-1 | com.modules.sys.admin.dao.UserDao.findByUserName-line:137 | ==>  Preparing: SELECT * FROM user WHERE USER_NAME = ?
2021-01-13 15:28:00.843 | DEBUG | http-nio-8090-exec-1 | com.modules.sys.admin.dao.UserDao.findByUserName-line:137 | ==> Parameters: admin(String)
2021-01-13 15:28:00.845 | DEBUG | http-nio-8090-exec-1 | com.modules.sys.admin.dao.UserDao.findByUserName-line:137 | <==      Total: 1
2021-01-13 15:28:00.848 | DEBUG | http-nio-8090-exec-1 | com.modules.sys.admin.dao.UserRoleDao.findByUserId-line:137 | ==>  Preparing: SELECT * FROM user_role WHERE USER_ID = ?
2021-01-13 15:28:00.849 | DEBUG | http-nio-8090-exec-1 | com.modules.sys.admin.dao.UserRoleDao.findByUserId-line:137 | ==> Parameters: 1(Long)
2021-01-13 15:28:00.855 | DEBUG | http-nio-8090-exec-1 | com.modules.sys.admin.dao.UserRoleDao.findByUserId-line:137 | <==      Total: 1
2021-01-13 15:28:00.856 | DEBUG | http-nio-8090-exec-1 | com.modules.sys.admin.dao.MenuDao.findAll-line:137 | ==>  Preparing: SELECT * FROM menu WHERE ID <> 0 ORDER BY ORDER_NUM ASC
2021-01-13 15:28:00.856 | DEBUG | http-nio-8090-exec-1 | com.modules.sys.admin.dao.MenuDao.findAll-line:137 | ==> Parameters: 
2021-01-13 15:28:00.864 | DEBUG | http-nio-8090-exec-1 | com.modules.sys.admin.dao.MenuDao.findAll-line:137 | <==      Total: 22
2021-01-13 15:28:00.865 | DEBUG | http-nio-8090-exec-1 | com.modules.sys.admin.dao.MenuDao.findAll-line:137 | ==>  Preparing: SELECT * FROM menu WHERE ID <> 0 ORDER BY ORDER_NUM ASC
2021-01-13 15:28:00.865 | DEBUG | http-nio-8090-exec-1 | com.modules.sys.admin.dao.MenuDao.findAll-line:137 | ==> Parameters: 
2021-01-13 15:28:00.869 | DEBUG | http-nio-8090-exec-1 | com.modules.sys.admin.dao.MenuDao.findAll-line:137 | <==      Total: 22
2021-01-13 15:28:13.657 | DEBUG | main | com.CloudBranchApplication-line:56 | Running with Spring Boot v2.3.4.RELEASE, Spring v5.2.9.RELEASE
2021-01-13 15:28:59.719 | DEBUG | http-nio-8090-exec-6 | com.modules.sys.admin.dao.UserDao.findByUserName-line:137 | ==>  Preparing: SELECT * FROM user WHERE USER_NAME = ?
2021-01-13 15:28:59.755 | DEBUG | http-nio-8090-exec-6 | com.modules.sys.admin.dao.UserDao.findByUserName-line:137 | ==> Parameters: admin(String)
2021-01-13 15:28:59.789 | DEBUG | http-nio-8090-exec-6 | com.modules.sys.admin.dao.UserDao.findByUserName-line:137 | <==      Total: 1
2021-01-13 15:30:35.948 | DEBUG | http-nio-8090-exec-10 | com.modules.sys.admin.dao.UserDao.findByUserName-line:137 | ==>  Preparing: SELECT * FROM user WHERE USER_NAME = ?
2021-01-13 15:30:35.949 | DEBUG | http-nio-8090-exec-10 | com.modules.sys.admin.dao.UserDao.findByUserName-line:137 | ==> Parameters: admin(String)
2021-01-13 15:30:35.951 | DEBUG | http-nio-8090-exec-10 | com.modules.sys.admin.dao.UserDao.findByUserName-line:137 | <==      Total: 1
2021-01-13 15:30:35.954 | DEBUG | http-nio-8090-exec-10 | com.modules.sys.admin.dao.UserDao.findByUserName-line:137 | ==>  Preparing: SELECT * FROM user WHERE USER_NAME = ?
2021-01-13 15:30:35.955 | DEBUG | http-nio-8090-exec-10 | com.modules.sys.admin.dao.UserDao.findByUserName-line:137 | ==> Parameters: admin(String)
2021-01-13 15:30:35.957 | DEBUG | http-nio-8090-exec-10 | com.modules.sys.admin.dao.UserDao.findByUserName-line:137 | <==      Total: 1
2021-01-13 15:30:35.959 | DEBUG | http-nio-8090-exec-10 | com.modules.sys.admin.dao.UserRoleDao.findByUserId-line:137 | ==>  Preparing: SELECT * FROM user_role WHERE USER_ID = ?
2021-01-13 15:30:35.960 | DEBUG | http-nio-8090-exec-10 | com.modules.sys.admin.dao.UserRoleDao.findByUserId-line:137 | ==> Parameters: 1(Long)
2021-01-13 15:30:35.961 | DEBUG | http-nio-8090-exec-10 | com.modules.sys.admin.dao.UserRoleDao.findByUserId-line:137 | <==      Total: 1
2021-01-13 15:30:35.963 | DEBUG | http-nio-8090-exec-10 | com.modules.sys.admin.dao.MenuDao.findAll-line:137 | ==>  Preparing: SELECT * FROM menu WHERE ID <> 0 ORDER BY ORDER_NUM ASC
2021-01-13 15:30:35.963 | DEBUG | http-nio-8090-exec-10 | com.modules.sys.admin.dao.MenuDao.findAll-line:137 | ==> Parameters: 
2021-01-13 15:30:35.971 | DEBUG | http-nio-8090-exec-10 | com.modules.sys.admin.dao.MenuDao.findAll-line:137 | <==      Total: 22
2021-01-13 15:30:35.973 | DEBUG | http-nio-8090-exec-10 | com.modules.sys.admin.dao.MenuDao.findAll-line:137 | ==>  Preparing: SELECT * FROM menu WHERE ID <> 0 ORDER BY ORDER_NUM ASC
2021-01-13 15:30:35.973 | DEBUG | http-nio-8090-exec-10 | com.modules.sys.admin.dao.MenuDao.findAll-line:137 | ==> Parameters: 
2021-01-13 15:30:35.977 | DEBUG | http-nio-8090-exec-10 | com.modules.sys.admin.dao.MenuDao.findAll-line:137 | <==      Total: 22
2021-01-13 15:32:04.000 | DEBUG | http-nio-8090-exec-1 | com.modules.sys.admin.dao.UserDao.findByUserName-line:137 | ==>  Preparing: SELECT * FROM user WHERE USER_NAME = ?
2021-01-13 15:32:04.000 | DEBUG | http-nio-8090-exec-1 | com.modules.sys.admin.dao.UserDao.findByUserName-line:137 | ==> Parameters: admin(String)
2021-01-13 15:32:04.002 | DEBUG | http-nio-8090-exec-1 | com.modules.sys.admin.dao.UserDao.findByUserName-line:137 | <==      Total: 1
2021-01-13 15:32:04.004 | DEBUG | http-nio-8090-exec-1 | com.modules.sys.admin.dao.UserDao.findByUserName-line:137 | ==>  Preparing: SELECT * FROM user WHERE USER_NAME = ?
2021-01-13 15:32:04.004 | DEBUG | http-nio-8090-exec-1 | com.modules.sys.admin.dao.UserDao.findByUserName-line:137 | ==> Parameters: admin(String)
2021-01-13 15:32:04.006 | DEBUG | http-nio-8090-exec-1 | com.modules.sys.admin.dao.UserDao.findByUserName-line:137 | <==      Total: 1
2021-01-13 15:32:04.007 | DEBUG | http-nio-8090-exec-1 | com.modules.sys.admin.dao.UserRoleDao.findByUserId-line:137 | ==>  Preparing: SELECT * FROM user_role WHERE USER_ID = ?
2021-01-13 15:32:04.007 | DEBUG | http-nio-8090-exec-1 | com.modules.sys.admin.dao.UserRoleDao.findByUserId-line:137 | ==> Parameters: 1(Long)
2021-01-13 15:32:04.008 | DEBUG | http-nio-8090-exec-1 | com.modules.sys.admin.dao.UserRoleDao.findByUserId-line:137 | <==      Total: 1
2021-01-13 15:32:04.009 | DEBUG | http-nio-8090-exec-1 | com.modules.sys.admin.dao.MenuDao.findAll-line:137 | ==>  Preparing: SELECT * FROM menu WHERE ID <> 0 ORDER BY ORDER_NUM ASC
2021-01-13 15:32:04.009 | DEBUG | http-nio-8090-exec-1 | com.modules.sys.admin.dao.MenuDao.findAll-line:137 | ==> Parameters: 
2021-01-13 15:32:04.012 | DEBUG | http-nio-8090-exec-1 | com.modules.sys.admin.dao.MenuDao.findAll-line:137 | <==      Total: 22
2021-01-13 15:32:04.014 | DEBUG | http-nio-8090-exec-1 | com.modules.sys.admin.dao.MenuDao.findAll-line:137 | ==>  Preparing: SELECT * FROM menu WHERE ID <> 0 ORDER BY ORDER_NUM ASC
2021-01-13 15:32:04.015 | DEBUG | http-nio-8090-exec-1 | com.modules.sys.admin.dao.MenuDao.findAll-line:137 | ==> Parameters: 
2021-01-13 15:32:04.020 | DEBUG | http-nio-8090-exec-1 | com.modules.sys.admin.dao.MenuDao.findAll-line:137 | <==      Total: 22
2021-01-13 15:33:27.757 | DEBUG | http-nio-8090-exec-4 | com.modules.sys.admin.dao.UserDao.findByUserName-line:137 | ==>  Preparing: SELECT * FROM user WHERE USER_NAME = ?
2021-01-13 15:33:27.757 | DEBUG | http-nio-8090-exec-4 | com.modules.sys.admin.dao.UserDao.findByUserName-line:137 | ==> Parameters: admin(String)
2021-01-13 15:33:27.759 | DEBUG | http-nio-8090-exec-4 | com.modules.sys.admin.dao.UserDao.findByUserName-line:137 | <==      Total: 1
2021-01-13 15:33:27.762 | DEBUG | http-nio-8090-exec-4 | com.modules.sys.admin.dao.UserDao.findByUserName-line:137 | ==>  Preparing: SELECT * FROM user WHERE USER_NAME = ?
2021-01-13 15:33:27.763 | DEBUG | http-nio-8090-exec-4 | com.modules.sys.admin.dao.UserDao.findByUserName-line:137 | ==> Parameters: admin(String)
2021-01-13 15:33:27.764 | DEBUG | http-nio-8090-exec-4 | com.modules.sys.admin.dao.UserDao.findByUserName-line:137 | <==      Total: 1
2021-01-13 15:33:27.765 | DEBUG | http-nio-8090-exec-4 | com.modules.sys.admin.dao.UserRoleDao.findByUserId-line:137 | ==>  Preparing: SELECT * FROM user_role WHERE USER_ID = ?
2021-01-13 15:33:27.766 | DEBUG | http-nio-8090-exec-4 | com.modules.sys.admin.dao.UserRoleDao.findByUserId-line:137 | ==> Parameters: 1(Long)
2021-01-13 15:33:27.767 | DEBUG | http-nio-8090-exec-4 | com.modules.sys.admin.dao.UserRoleDao.findByUserId-line:137 | <==      Total: 1
2021-01-13 15:33:27.768 | DEBUG | http-nio-8090-exec-4 | com.modules.sys.admin.dao.MenuDao.findAll-line:137 | ==>  Preparing: SELECT * FROM menu WHERE ID <> 0 ORDER BY ORDER_NUM ASC
2021-01-13 15:33:27.769 | DEBUG | http-nio-8090-exec-4 | com.modules.sys.admin.dao.MenuDao.findAll-line:137 | ==> Parameters: 
2021-01-13 15:33:27.772 | DEBUG | http-nio-8090-exec-4 | com.modules.sys.admin.dao.MenuDao.findAll-line:137 | <==      Total: 22
2021-01-13 15:33:27.774 | DEBUG | http-nio-8090-exec-4 | com.modules.sys.admin.dao.MenuDao.findAll-line:137 | ==>  Preparing: SELECT * FROM menu WHERE ID <> 0 ORDER BY ORDER_NUM ASC
2021-01-13 15:33:27.775 | DEBUG | http-nio-8090-exec-4 | com.modules.sys.admin.dao.MenuDao.findAll-line:137 | ==> Parameters: 
2021-01-13 15:33:27.779 | DEBUG | http-nio-8090-exec-4 | com.modules.sys.admin.dao.MenuDao.findAll-line:137 | <==      Total: 22
2021-01-13 15:34:47.832 | DEBUG | main | com.CloudBranchApplication-line:56 | Running with Spring Boot v2.3.4.RELEASE, Spring v5.2.9.RELEASE
2021-01-13 15:36:08.959 | DEBUG | http-nio-8090-exec-5 | com.modules.sys.admin.dao.UserDao.findByUserName-line:137 | ==>  Preparing: SELECT * FROM user WHERE USER_NAME = ?
2021-01-13 15:36:08.981 | DEBUG | http-nio-8090-exec-5 | com.modules.sys.admin.dao.UserDao.findByUserName-line:137 | ==> Parameters: admin(String)
2021-01-13 15:36:08.998 | DEBUG | http-nio-8090-exec-5 | com.modules.sys.admin.dao.UserDao.findByUserName-line:137 | <==      Total: 1
2021-01-13 15:37:42.748 | DEBUG | main | com.CloudBranchApplication-line:56 | Running with Spring Boot v2.3.4.RELEASE, Spring v5.2.9.RELEASE
2021-01-13 15:38:22.659 | DEBUG | http-nio-8090-exec-5 | com.modules.sys.admin.dao.UserDao.findByUserName-line:137 | ==>  Preparing: SELECT * FROM user WHERE USER_NAME = ?
2021-01-13 15:38:22.678 | DEBUG | http-nio-8090-exec-5 | com.modules.sys.admin.dao.UserDao.findByUserName-line:137 | ==> Parameters: admin(String)
2021-01-13 15:38:22.694 | DEBUG | http-nio-8090-exec-5 | com.modules.sys.admin.dao.UserDao.findByUserName-line:137 | <==      Total: 1
2021-01-13 15:38:23.415 | DEBUG | http-nio-8090-exec-5 | com.modules.sys.admin.dao.UserDao.findByUserName-line:137 | ==>  Preparing: SELECT * FROM user WHERE USER_NAME = ?
2021-01-13 15:38:23.416 | DEBUG | http-nio-8090-exec-5 | com.modules.sys.admin.dao.UserDao.findByUserName-line:137 | ==> Parameters: admin(String)
2021-01-13 15:38:23.417 | DEBUG | http-nio-8090-exec-5 | com.modules.sys.admin.dao.UserDao.findByUserName-line:137 | <==      Total: 1
2021-01-13 15:38:23.419 | DEBUG | http-nio-8090-exec-5 | com.modules.sys.admin.dao.UserRoleDao.findByUserId-line:137 | ==>  Preparing: SELECT * FROM user_role WHERE USER_ID = ?
2021-01-13 15:38:23.420 | DEBUG | http-nio-8090-exec-5 | com.modules.sys.admin.dao.UserRoleDao.findByUserId-line:137 | ==> Parameters: 1(Long)
2021-01-13 15:38:23.421 | DEBUG | http-nio-8090-exec-5 | com.modules.sys.admin.dao.UserRoleDao.findByUserId-line:137 | <==      Total: 1
2021-01-13 15:38:23.422 | DEBUG | http-nio-8090-exec-5 | com.modules.sys.admin.dao.MenuDao.findAll-line:137 | ==>  Preparing: SELECT * FROM menu WHERE ID <> 0 ORDER BY ORDER_NUM ASC
2021-01-13 15:38:23.423 | DEBUG | http-nio-8090-exec-5 | com.modules.sys.admin.dao.MenuDao.findAll-line:137 | ==> Parameters: 
2021-01-13 15:38:23.430 | DEBUG | http-nio-8090-exec-5 | com.modules.sys.admin.dao.MenuDao.findAll-line:137 | <==      Total: 22
2021-01-13 15:38:23.431 | DEBUG | http-nio-8090-exec-5 | com.modules.sys.admin.dao.MenuDao.findAll-line:137 | ==>  Preparing: SELECT * FROM menu WHERE ID <> 0 ORDER BY ORDER_NUM ASC
2021-01-13 15:38:23.432 | DEBUG | http-nio-8090-exec-5 | com.modules.sys.admin.dao.MenuDao.findAll-line:137 | ==> Parameters: 
2021-01-13 15:38:23.436 | DEBUG | http-nio-8090-exec-5 | com.modules.sys.admin.dao.MenuDao.findAll-line:137 | <==      Total: 22
2021-01-13 17:00:57.983 | DEBUG | main | com.CloudBranchApplication-line:56 | Running with Spring Boot v2.3.4.RELEASE, Spring v5.2.9.RELEASE
