2021-01-28 10:10:04.193 | INFO  | main | com.CloudBranchApplication-line:55 | Starting CloudBranchApplication on PC-FRANK with PID 1692 (D:\IDEA\workspace_idea\dadal-cloud-branch\target\classes started by Administrator in D:\IDEA\workspace_idea\dadal-cloud-branch)
2021-01-28 10:10:04.171 | INFO  | background-preinit | org.hibernate.validator.internal.util.Version-line:21 | HV000001: Hibernate Validator 6.1.5.Final
2021-01-28 10:10:04.234 | INFO  | main | com.CloudBranchApplication-line:655 | The following profiles are active: dev
2021-01-28 10:10:09.819 | INFO  | main | org.springframework.data.repository.config.RepositoryConfigurationDelegate-line:249 | Multiple Spring Data modules found, entering strict repository configuration mode!
2021-01-28 10:10:09.823 | INFO  | main | org.springframework.data.repository.config.RepositoryConfigurationDelegate-line:127 | Bootstrapping Spring Data Redis repositories in DEFAULT mode.
2021-01-28 10:10:12.106 | INFO  | main | org.springframework.data.repository.config.RepositoryConfigurationDelegate-line:187 | Finished Spring Data repository scanning in 2263ms. Found 0 Redis repository interfaces.
2021-01-28 10:10:13.928 | INFO  | main | o.s.context.support.PostProcessorRegistrationDelegate$BeanPostProcessorChecker-line:335 | Bean 'shiroConfig' of type [com.modules.sys.admin.config.ShiroConfig$$EnhancerBySpringCGLIB$$d07f4c14] is not eligible for getting processed by all BeanPostProcessors (for example: not eligible for auto-proxying)
2021-01-28 10:10:13.980 | INFO  | main | o.s.context.support.PostProcessorRegistrationDelegate$BeanPostProcessorChecker-line:335 | Bean 'mybatis-org.mybatis.spring.boot.autoconfigure.MybatisProperties' of type [org.mybatis.spring.boot.autoconfigure.MybatisProperties] is not eligible for getting processed by all BeanPostProcessors (for example: not eligible for auto-proxying)
2021-01-28 10:10:13.992 | INFO  | main | o.s.context.support.PostProcessorRegistrationDelegate$BeanPostProcessorChecker-line:335 | Bean 'org.mybatis.spring.boot.autoconfigure.MybatisAutoConfiguration' of type [org.mybatis.spring.boot.autoconfigure.MybatisAutoConfiguration$$EnhancerBySpringCGLIB$$24b69364] is not eligible for getting processed by all BeanPostProcessors (for example: not eligible for auto-proxying)
2021-01-28 10:10:13.998 | INFO  | main | o.s.context.support.PostProcessorRegistrationDelegate$BeanPostProcessorChecker-line:335 | Bean 'cloudBranchApplication' of type [com.CloudBranchApplication$$EnhancerBySpringCGLIB$$b9d0701f] is not eligible for getting processed by all BeanPostProcessors (for example: not eligible for auto-proxying)
2021-01-28 10:10:14.083 | INFO  | main | o.s.context.support.PostProcessorRegistrationDelegate$BeanPostProcessorChecker-line:335 | Bean 'druid' of type [com.alibaba.druid.pool.DruidDataSource] is not eligible for getting processed by all BeanPostProcessors (for example: not eligible for auto-proxying)
2021-01-28 10:10:14.170 | INFO  | main | o.s.context.support.PostProcessorRegistrationDelegate$BeanPostProcessorChecker-line:335 | Bean 'spring.datasource-org.springframework.boot.autoconfigure.jdbc.DataSourceProperties' of type [org.springframework.boot.autoconfigure.jdbc.DataSourceProperties] is not eligible for getting processed by all BeanPostProcessors (for example: not eligible for auto-proxying)
2021-01-28 10:10:14.182 | INFO  | main | o.s.context.support.PostProcessorRegistrationDelegate$BeanPostProcessorChecker-line:335 | Bean 'org.springframework.boot.autoconfigure.jdbc.DataSourceInitializerInvoker' of type [org.springframework.boot.autoconfigure.jdbc.DataSourceInitializerInvoker] is not eligible for getting processed by all BeanPostProcessors (for example: not eligible for auto-proxying)
2021-01-28 10:10:14.485 | INFO  | main | o.s.context.support.PostProcessorRegistrationDelegate$BeanPostProcessorChecker-line:335 | Bean 'sqlSessionFactory' of type [org.apache.ibatis.session.defaults.DefaultSqlSessionFactory] is not eligible for getting processed by all BeanPostProcessors (for example: not eligible for auto-proxying)
2021-01-28 10:10:14.495 | INFO  | main | o.s.context.support.PostProcessorRegistrationDelegate$BeanPostProcessorChecker-line:335 | Bean 'sqlSessionTemplate' of type [org.mybatis.spring.SqlSessionTemplate] is not eligible for getting processed by all BeanPostProcessors (for example: not eligible for auto-proxying)
2021-01-28 10:10:14.499 | INFO  | main | o.s.context.support.PostProcessorRegistrationDelegate$BeanPostProcessorChecker-line:335 | Bean 'userDao' of type [org.mybatis.spring.mapper.MapperFactoryBean] is not eligible for getting processed by all BeanPostProcessors (for example: not eligible for auto-proxying)
2021-01-28 10:10:14.504 | INFO  | main | o.s.context.support.PostProcessorRegistrationDelegate$BeanPostProcessorChecker-line:335 | Bean 'userDao' of type [com.sun.proxy.$Proxy85] is not eligible for getting processed by all BeanPostProcessors (for example: not eligible for auto-proxying)
2021-01-28 10:10:14.514 | INFO  | main | o.s.context.support.PostProcessorRegistrationDelegate$BeanPostProcessorChecker-line:335 | Bean 'userRoleDao' of type [org.mybatis.spring.mapper.MapperFactoryBean] is not eligible for getting processed by all BeanPostProcessors (for example: not eligible for auto-proxying)
2021-01-28 10:10:14.515 | INFO  | main | o.s.context.support.PostProcessorRegistrationDelegate$BeanPostProcessorChecker-line:335 | Bean 'userRoleDao' of type [com.sun.proxy.$Proxy86] is not eligible for getting processed by all BeanPostProcessors (for example: not eligible for auto-proxying)
2021-01-28 10:10:14.519 | INFO  | main | o.s.context.support.PostProcessorRegistrationDelegate$BeanPostProcessorChecker-line:335 | Bean 'org.springframework.boot.autoconfigure.jdbc.DataSourceTransactionManagerAutoConfiguration$DataSourceTransactionManagerConfiguration' of type [org.springframework.boot.autoconfigure.jdbc.DataSourceTransactionManagerAutoConfiguration$DataSourceTransactionManagerConfiguration] is not eligible for getting processed by all BeanPostProcessors (for example: not eligible for auto-proxying)
2021-01-28 10:10:14.523 | INFO  | main | o.s.context.support.PostProcessorRegistrationDelegate$BeanPostProcessorChecker-line:335 | Bean 'org.springframework.boot.autoconfigure.transaction.TransactionAutoConfiguration' of type [org.springframework.boot.autoconfigure.transaction.TransactionAutoConfiguration] is not eligible for getting processed by all BeanPostProcessors (for example: not eligible for auto-proxying)
2021-01-28 10:10:14.531 | INFO  | main | o.s.context.support.PostProcessorRegistrationDelegate$BeanPostProcessorChecker-line:335 | Bean 'spring.transaction-org.springframework.boot.autoconfigure.transaction.TransactionProperties' of type [org.springframework.boot.autoconfigure.transaction.TransactionProperties] is not eligible for getting processed by all BeanPostProcessors (for example: not eligible for auto-proxying)
2021-01-28 10:10:14.536 | INFO  | main | o.s.context.support.PostProcessorRegistrationDelegate$BeanPostProcessorChecker-line:335 | Bean 'platformTransactionManagerCustomizers' of type [org.springframework.boot.autoconfigure.transaction.TransactionManagerCustomizers] is not eligible for getting processed by all BeanPostProcessors (for example: not eligible for auto-proxying)
2021-01-28 10:10:14.544 | INFO  | main | o.s.context.support.PostProcessorRegistrationDelegate$BeanPostProcessorChecker-line:335 | Bean 'transactionManager' of type [org.springframework.jdbc.datasource.DataSourceTransactionManager] is not eligible for getting processed by all BeanPostProcessors (for example: not eligible for auto-proxying)
2021-01-28 10:10:14.546 | INFO  | main | o.s.context.support.PostProcessorRegistrationDelegate$BeanPostProcessorChecker-line:335 | Bean 'userServiceImpl' of type [com.modules.sys.admin.service.impl.UserServiceImpl] is not eligible for getting processed by all BeanPostProcessors (for example: not eligible for auto-proxying)
2021-01-28 10:10:14.550 | INFO  | main | o.s.context.support.PostProcessorRegistrationDelegate$BeanPostProcessorChecker-line:335 | Bean 'userRoleServiceImpl' of type [com.modules.sys.admin.service.impl.UserRoleServiceImpl] is not eligible for getting processed by all BeanPostProcessors (for example: not eligible for auto-proxying)
2021-01-28 10:10:14.554 | INFO  | main | o.s.context.support.PostProcessorRegistrationDelegate$BeanPostProcessorChecker-line:335 | Bean 'menuDao' of type [org.mybatis.spring.mapper.MapperFactoryBean] is not eligible for getting processed by all BeanPostProcessors (for example: not eligible for auto-proxying)
2021-01-28 10:10:14.556 | INFO  | main | o.s.context.support.PostProcessorRegistrationDelegate$BeanPostProcessorChecker-line:335 | Bean 'menuDao' of type [com.sun.proxy.$Proxy89] is not eligible for getting processed by all BeanPostProcessors (for example: not eligible for auto-proxying)
2021-01-28 10:10:14.558 | INFO  | main | o.s.context.support.PostProcessorRegistrationDelegate$BeanPostProcessorChecker-line:335 | Bean 'menuServiceImpl' of type [com.modules.sys.admin.service.impl.MenuServiceImpl] is not eligible for getting processed by all BeanPostProcessors (for example: not eligible for auto-proxying)
2021-01-28 10:10:14.561 | INFO  | main | o.s.context.support.PostProcessorRegistrationDelegate$BeanPostProcessorChecker-line:335 | Bean 'redisTemplateConfig' of type [com.core.config.RedisTemplateConfig$$EnhancerBySpringCGLIB$$8d756f66] is not eligible for getting processed by all BeanPostProcessors (for example: not eligible for auto-proxying)
2021-01-28 10:10:14.572 | INFO  | main | o.s.context.support.PostProcessorRegistrationDelegate$BeanPostProcessorChecker-line:335 | Bean 'spring.redis-org.springframework.boot.autoconfigure.data.redis.RedisProperties' of type [org.springframework.boot.autoconfigure.data.redis.RedisProperties] is not eligible for getting processed by all BeanPostProcessors (for example: not eligible for auto-proxying)
2021-01-28 10:10:14.575 | INFO  | main | o.s.context.support.PostProcessorRegistrationDelegate$BeanPostProcessorChecker-line:335 | Bean 'org.springframework.boot.autoconfigure.data.redis.LettuceConnectionConfiguration' of type [org.springframework.boot.autoconfigure.data.redis.LettuceConnectionConfiguration] is not eligible for getting processed by all BeanPostProcessors (for example: not eligible for auto-proxying)
2021-01-28 10:10:14.691 | INFO  | main | o.s.context.support.PostProcessorRegistrationDelegate$BeanPostProcessorChecker-line:335 | Bean 'lettuceClientResources' of type [io.lettuce.core.resource.DefaultClientResources] is not eligible for getting processed by all BeanPostProcessors (for example: not eligible for auto-proxying)
2021-01-28 10:10:14.806 | INFO  | main | o.s.context.support.PostProcessorRegistrationDelegate$BeanPostProcessorChecker-line:335 | Bean 'redisConnectionFactory' of type [org.springframework.data.redis.connection.lettuce.LettuceConnectionFactory] is not eligible for getting processed by all BeanPostProcessors (for example: not eligible for auto-proxying)
2021-01-28 10:10:14.894 | INFO  | main | o.s.context.support.PostProcessorRegistrationDelegate$BeanPostProcessorChecker-line:335 | Bean 'redisTemplate' of type [org.springframework.data.redis.core.RedisTemplate] is not eligible for getting processed by all BeanPostProcessors (for example: not eligible for auto-proxying)
2021-01-28 10:10:14.904 | INFO  | main | o.s.context.support.PostProcessorRegistrationDelegate$BeanPostProcessorChecker-line:335 | Bean 'shiroRealm' of type [com.modules.sys.admin.config.ShiroRealm] is not eligible for getting processed by all BeanPostProcessors (for example: not eligible for auto-proxying)
2021-01-28 10:10:14.974 | INFO  | main | o.s.context.support.PostProcessorRegistrationDelegate$BeanPostProcessorChecker-line:335 | Bean 'securityManager' of type [org.apache.shiro.web.mgt.DefaultWebSecurityManager] is not eligible for getting processed by all BeanPostProcessors (for example: not eligible for auto-proxying)
2021-01-28 10:10:15.058 | INFO  | main | org.eclipse.jetty.util.log-line:169 | Logging initialized @15022ms to org.eclipse.jetty.util.log.Slf4jLog
2021-01-28 10:10:15.236 | INFO  | main | org.springframework.boot.web.embedded.jetty.JettyServletWebServerFactory-line:147 | Server initialized with port: 8090
2021-01-28 10:10:15.240 | INFO  | main | org.eclipse.jetty.server.Server-line:360 | jetty-9.4.31.v20200723; built: 2020-07-23T17:57:36.812Z; git: 450ba27947e13e66baa8cd1ce7e85a4461cacc1d; jvm 11.0.4+10-LTS
2021-01-28 10:10:15.271 | INFO  | main | org.eclipse.jetty.server.handler.ContextHandler.application-line:2303 | Initializing Spring embedded WebApplicationContext
2021-01-28 10:10:15.271 | INFO  | main | org.springframework.boot.web.servlet.context.ServletWebServerApplicationContext-line:285 | Root WebApplicationContext: initialization completed in 10905 ms
2021-01-28 10:10:15.415 | INFO  | main | org.eclipse.jetty.server.session-line:334 | DefaultSessionIdManager workerName=node0
2021-01-28 10:10:15.415 | INFO  | main | org.eclipse.jetty.server.session-line:339 | No SessionScavenger set, using defaults
2021-01-28 10:10:15.417 | INFO  | main | org.eclipse.jetty.server.session-line:140 | node0 Scavenging every 660000ms
2021-01-28 10:10:15.425 | INFO  | main | org.eclipse.jetty.server.handler.ContextHandler-line:860 | Started o.s.b.w.e.j.JettyEmbeddedWebAppContext@2398268c{application,/,[file:///C:/Users/Administrator/AppData/Local/Temp/jetty-docbase.10452321912288131636.8090/],AVAILABLE}
2021-01-28 10:10:15.426 | INFO  | main | org.eclipse.jetty.server.Server-line:400 | Started @15389ms
2021-01-28 10:10:16.422 | INFO  | main | org.springframework.boot.autoconfigure.web.servlet.WelcomePageHandlerMapping-line:54 | Adding welcome page: class path resource [static/index.html]
2021-01-28 10:10:16.943 | INFO  | main | org.eclipse.jetty.server.handler.ContextHandler.application-line:2303 | Initializing Spring DispatcherServlet 'dispatcherServlet'
2021-01-28 10:10:16.943 | INFO  | main | org.springframework.web.servlet.DispatcherServlet-line:525 | Initializing Servlet 'dispatcherServlet'
2021-01-28 10:10:16.954 | INFO  | main | org.springframework.web.servlet.DispatcherServlet-line:547 | Completed initialization in 11 ms
2021-01-28 10:10:17.037 | INFO  | main | org.eclipse.jetty.server.AbstractConnector-line:331 | Started ServerConnector@68a4a6c8{HTTP/1.1, (http/1.1)}{0.0.0.0:8090}
2021-01-28 10:10:17.041 | INFO  | main | org.springframework.boot.web.embedded.jetty.JettyWebServer-line:185 | Jetty started on port(s) 8090 (http/1.1) with context path '/'
2021-01-28 10:10:17.058 | INFO  | main | com.CloudBranchApplication-line:61 | Started CloudBranchApplication in 14.321 seconds (JVM running for 17.022)
2021-01-28 11:10:12.568 | INFO  | qtp1641196047-56 | com.alibaba.druid.pool.DruidDataSource-line:1002 | {dataSource-1} inited
2021-01-28 11:10:23.160 | INFO  | qtp1641196047-56 | com.modules.base.service.impl.DemoServiceImpl-line:38 | >>> Query from database..
2021-01-28 11:13:02.471 | INFO  | lettuce-eventExecutorLoop-1-4 | io.lettuce.core.protocol.ConnectionWatchdog-line:171 | Reconnecting, last destination was /192.168.75.130:6379
2021-01-28 11:13:07.970 | INFO  | lettuce-eventExecutorLoop-1-1 | io.lettuce.core.protocol.ConnectionWatchdog-line:171 | Reconnecting, last destination was 192.168.75.130:6379
2021-01-28 11:13:13.170 | INFO  | lettuce-eventExecutorLoop-1-1 | io.lettuce.core.protocol.ConnectionWatchdog-line:171 | Reconnecting, last destination was 192.168.75.130:6379
2021-01-28 11:13:18.370 | INFO  | lettuce-eventExecutorLoop-1-3 | io.lettuce.core.protocol.ConnectionWatchdog-line:171 | Reconnecting, last destination was 192.168.75.130:6379
2021-01-28 11:13:23.569 | INFO  | lettuce-eventExecutorLoop-1-4 | io.lettuce.core.protocol.ConnectionWatchdog-line:171 | Reconnecting, last destination was 192.168.75.130:6379
2021-01-28 11:13:32.870 | INFO  | lettuce-eventExecutorLoop-1-1 | io.lettuce.core.protocol.ConnectionWatchdog-line:171 | Reconnecting, last destination was 192.168.75.130:6379
2021-01-28 11:13:32.874 | INFO  | lettuce-nioEventLoop-4-3 | io.lettuce.core.protocol.ReconnectionHandler-line:194 | Reconnected to 192.168.75.130:6379
2021-01-28 11:14:42.671 | INFO  | lettuce-eventExecutorLoop-1-4 | io.lettuce.core.protocol.ConnectionWatchdog-line:171 | Reconnecting, last destination was /192.168.75.130:6379
2021-01-28 11:14:48.168 | INFO  | lettuce-eventExecutorLoop-1-1 | io.lettuce.core.protocol.ConnectionWatchdog-line:171 | Reconnecting, last destination was 192.168.75.130:6379
2021-01-28 11:14:49.788 | INFO  | lettuce-nioEventLoop-4-2 | io.lettuce.core.protocol.ReconnectionHandler-line:194 | Reconnected to 192.168.75.130:6379
2021-01-28 11:45:03.553 | INFO  | SpringContextShutdownHook | org.eclipse.jetty.server.AbstractConnector-line:381 | Stopped ServerConnector@68a4a6c8{HTTP/1.1, (http/1.1)}{0.0.0.0:8090}
2021-01-28 11:45:03.553 | INFO  | SpringContextShutdownHook | org.eclipse.jetty.server.session-line:158 | node0 Stopped scavenging
2021-01-28 11:45:03.553 | INFO  | SpringContextShutdownHook | org.eclipse.jetty.server.handler.ContextHandler.application-line:2303 | Destroying Spring FrameworkServlet 'dispatcherServlet'
2021-01-28 11:45:03.556 | INFO  | SpringContextShutdownHook | org.eclipse.jetty.server.handler.ContextHandler-line:1099 | Stopped o.s.b.w.e.j.JettyEmbeddedWebAppContext@2398268c{application,/,[file:///C:/Users/Administrator/AppData/Local/Temp/jetty-docbase.10452321912288131636.8090/],UNAVAILABLE}
