2021-08-15 10:00:51.239 | DEBUG | main | com.netflix.config.DynamicPropertyUpdater-line:122 | adding property key [app.website], value [www.baidu.com]
2021-08-15 10:00:51.241 | DEBUG | main | com.netflix.config.DynamicPropertyUpdater-line:122 | adding property key [app.age], value [30]
2021-08-15 10:00:51.242 | DEBUG | main | com.netflix.config.DynamicPropertyUpdater-line:122 | adding property key [app.report.name], value [/]
2021-08-15 10:00:51.242 | DEBUG | main | com.netflix.config.DynamicPropertyUpdater-line:122 | adding property key [app.isTall], value [true]
2021-08-15 10:00:51.243 | DEBUG | main | com.netflix.config.DynamicPropertyUpdater-line:122 | adding property key [app.name], value [frank]
2021-08-15 10:00:51.251 | DEBUG | main | com.netflix.config.DynamicPropertyUpdater-line:122 | adding property key [app.website], value [www.baidu.com]
2021-08-15 10:00:51.252 | DEBUG | main | com.netflix.config.DynamicPropertyUpdater-line:122 | adding property key [app.age], value [30]
2021-08-15 10:00:51.252 | DEBUG | main | com.netflix.config.DynamicPropertyUpdater-line:122 | adding property key [app.report.name], value [/]
2021-08-15 10:00:51.252 | DEBUG | main | com.netflix.config.DynamicPropertyUpdater-line:122 | adding property key [app.isTall], value [true]
2021-08-15 10:00:51.252 | DEBUG | main | com.netflix.config.DynamicPropertyUpdater-line:122 | adding property key [app.name], value [frank]
2021-08-15 10:01:21.264 | DEBUG | pollingConfigurationSource | com.netflix.config.AbstractPollingScheduler-line:160 | Polling started
2021-08-15 10:02:21.266 | DEBUG | pollingConfigurationSource | com.netflix.config.AbstractPollingScheduler-line:160 | Polling started
2021-08-15 10:03:21.268 | DEBUG | pollingConfigurationSource | com.netflix.config.AbstractPollingScheduler-line:160 | Polling started
2021-08-15 10:04:21.269 | DEBUG | pollingConfigurationSource | com.netflix.config.AbstractPollingScheduler-line:160 | Polling started
2021-08-15 10:05:21.272 | DEBUG | pollingConfigurationSource | com.netflix.config.AbstractPollingScheduler-line:160 | Polling started
2021-08-15 10:06:57.044 | DEBUG | main | com.netflix.config.DynamicPropertyUpdater-line:122 | adding property key [app.website], value [www.baidu.com]
2021-08-15 10:06:57.045 | DEBUG | main | com.netflix.config.DynamicPropertyUpdater-line:122 | adding property key [app.age], value [30]
2021-08-15 10:06:57.045 | DEBUG | main | com.netflix.config.DynamicPropertyUpdater-line:122 | adding property key [app.report.name], value [/]
2021-08-15 10:06:57.046 | DEBUG | main | com.netflix.config.DynamicPropertyUpdater-line:122 | adding property key [app.isTall], value [true]
2021-08-15 10:06:57.046 | DEBUG | main | com.netflix.config.DynamicPropertyUpdater-line:122 | adding property key [app.name], value [frank]
2021-08-15 10:06:57.061 | DEBUG | main | com.netflix.config.DynamicPropertyUpdater-line:122 | adding property key [app.website], value [www.baidu.com]
2021-08-15 10:06:57.061 | DEBUG | main | com.netflix.config.DynamicPropertyUpdater-line:122 | adding property key [app.age], value [30]
2021-08-15 10:06:57.061 | DEBUG | main | com.netflix.config.DynamicPropertyUpdater-line:122 | adding property key [app.report.name], value [/]
2021-08-15 10:06:57.062 | DEBUG | main | com.netflix.config.DynamicPropertyUpdater-line:122 | adding property key [app.isTall], value [true]
2021-08-15 10:06:57.062 | DEBUG | main | com.netflix.config.DynamicPropertyUpdater-line:122 | adding property key [app.name], value [frank]
2021-08-15 10:07:27.048 | DEBUG | pollingConfigurationSource | com.netflix.config.AbstractPollingScheduler-line:160 | Polling started
2021-08-15 10:08:27.054 | DEBUG | pollingConfigurationSource | com.netflix.config.AbstractPollingScheduler-line:160 | Polling started
2021-08-15 10:09:27.057 | DEBUG | pollingConfigurationSource | com.netflix.config.AbstractPollingScheduler-line:160 | Polling started
2021-08-15 10:10:27.058 | DEBUG | pollingConfigurationSource | com.netflix.config.AbstractPollingScheduler-line:160 | Polling started
2021-08-15 10:11:27.059 | DEBUG | pollingConfigurationSource | com.netflix.config.AbstractPollingScheduler-line:160 | Polling started
2021-08-15 10:12:27.061 | DEBUG | pollingConfigurationSource | com.netflix.config.AbstractPollingScheduler-line:160 | Polling started
2021-08-15 10:13:10.639 | DEBUG | main | com.netflix.config.DynamicPropertyUpdater-line:122 | adding property key [app.website], value [www.baidu.com]
2021-08-15 10:13:10.639 | DEBUG | main | com.netflix.config.DynamicPropertyUpdater-line:122 | adding property key [app.age], value [30]
2021-08-15 10:13:10.639 | DEBUG | main | com.netflix.config.DynamicPropertyUpdater-line:122 | adding property key [app.report.name], value [/]
2021-08-15 10:13:10.639 | DEBUG | main | com.netflix.config.DynamicPropertyUpdater-line:122 | adding property key [app.isTall], value [true]
2021-08-15 10:13:10.639 | DEBUG | main | com.netflix.config.DynamicPropertyUpdater-line:122 | adding property key [app.name], value [frank]
2021-08-15 10:13:10.646 | DEBUG | main | com.netflix.config.DynamicPropertyUpdater-line:122 | adding property key [app.website], value [www.baidu.com]
2021-08-15 10:13:10.646 | DEBUG | main | com.netflix.config.DynamicPropertyUpdater-line:122 | adding property key [app.age], value [30]
2021-08-15 10:13:10.646 | DEBUG | main | com.netflix.config.DynamicPropertyUpdater-line:122 | adding property key [app.report.name], value [/]
2021-08-15 10:13:10.646 | DEBUG | main | com.netflix.config.DynamicPropertyUpdater-line:122 | adding property key [app.isTall], value [true]
2021-08-15 10:13:10.647 | DEBUG | main | com.netflix.config.DynamicPropertyUpdater-line:122 | adding property key [app.name], value [frank]
2021-08-15 10:13:40.641 | DEBUG | pollingConfigurationSource | com.netflix.config.AbstractPollingScheduler-line:160 | Polling started
2021-08-15 10:14:40.643 | DEBUG | pollingConfigurationSource | com.netflix.config.AbstractPollingScheduler-line:160 | Polling started
2021-08-15 10:15:40.645 | DEBUG | pollingConfigurationSource | com.netflix.config.AbstractPollingScheduler-line:160 | Polling started
2021-08-15 10:16:50.821 | DEBUG | main | com.netflix.config.DynamicPropertyUpdater-line:122 | adding property key [app.website], value [www.baidu.com]
2021-08-15 10:16:50.822 | DEBUG | main | com.netflix.config.DynamicPropertyUpdater-line:122 | adding property key [app.age], value [30]
2021-08-15 10:16:50.822 | DEBUG | main | com.netflix.config.DynamicPropertyUpdater-line:122 | adding property key [app.report.name], value [/]
2021-08-15 10:16:50.822 | DEBUG | main | com.netflix.config.DynamicPropertyUpdater-line:122 | adding property key [app.isTall], value [true]
2021-08-15 10:16:50.822 | DEBUG | main | com.netflix.config.DynamicPropertyUpdater-line:122 | adding property key [app.name], value [frank]
2021-08-15 10:16:50.829 | DEBUG | main | com.netflix.config.DynamicPropertyUpdater-line:122 | adding property key [app.website], value [www.baidu.com]
2021-08-15 10:16:50.829 | DEBUG | main | com.netflix.config.DynamicPropertyUpdater-line:122 | adding property key [app.age], value [30]
2021-08-15 10:16:50.830 | DEBUG | main | com.netflix.config.DynamicPropertyUpdater-line:122 | adding property key [app.report.name], value [/]
2021-08-15 10:16:50.830 | DEBUG | main | com.netflix.config.DynamicPropertyUpdater-line:122 | adding property key [app.isTall], value [true]
2021-08-15 10:16:50.830 | DEBUG | main | com.netflix.config.DynamicPropertyUpdater-line:122 | adding property key [app.name], value [frank]
2021-08-15 10:17:20.824 | DEBUG | pollingConfigurationSource | com.netflix.config.AbstractPollingScheduler-line:160 | Polling started
2021-08-15 10:18:20.826 | DEBUG | pollingConfigurationSource | com.netflix.config.AbstractPollingScheduler-line:160 | Polling started
2021-08-15 10:19:18.242 | DEBUG | main | com.netflix.config.DynamicPropertyUpdater-line:122 | adding property key [app.website], value [www.baidu.com]
2021-08-15 10:19:18.242 | DEBUG | main | com.netflix.config.DynamicPropertyUpdater-line:122 | adding property key [app.age], value [30]
2021-08-15 10:19:18.242 | DEBUG | main | com.netflix.config.DynamicPropertyUpdater-line:122 | adding property key [app.report.name], value [/]
2021-08-15 10:19:18.242 | DEBUG | main | com.netflix.config.DynamicPropertyUpdater-line:122 | adding property key [app.isTall], value [true]
2021-08-15 10:19:18.242 | DEBUG | main | com.netflix.config.DynamicPropertyUpdater-line:122 | adding property key [app.name], value [frank]
2021-08-15 10:19:18.249 | DEBUG | main | com.netflix.config.DynamicPropertyUpdater-line:122 | adding property key [app.website], value [www.baidu.com]
2021-08-15 10:19:18.249 | DEBUG | main | com.netflix.config.DynamicPropertyUpdater-line:122 | adding property key [app.age], value [30]
2021-08-15 10:19:18.249 | DEBUG | main | com.netflix.config.DynamicPropertyUpdater-line:122 | adding property key [app.report.name], value [/]
2021-08-15 10:19:18.250 | DEBUG | main | com.netflix.config.DynamicPropertyUpdater-line:122 | adding property key [app.isTall], value [true]
2021-08-15 10:19:18.250 | DEBUG | main | com.netflix.config.DynamicPropertyUpdater-line:122 | adding property key [app.name], value [frank]
2021-08-15 10:19:48.245 | DEBUG | pollingConfigurationSource | com.netflix.config.AbstractPollingScheduler-line:160 | Polling started
2021-08-15 10:20:48.246 | DEBUG | pollingConfigurationSource | com.netflix.config.AbstractPollingScheduler-line:160 | Polling started
2021-08-15 10:21:48.248 | DEBUG | pollingConfigurationSource | com.netflix.config.AbstractPollingScheduler-line:160 | Polling started
2021-08-15 10:22:48.250 | DEBUG | pollingConfigurationSource | com.netflix.config.AbstractPollingScheduler-line:160 | Polling started
2021-08-15 10:23:48.251 | DEBUG | pollingConfigurationSource | com.netflix.config.AbstractPollingScheduler-line:160 | Polling started
2021-08-15 10:24:48.252 | DEBUG | pollingConfigurationSource | com.netflix.config.AbstractPollingScheduler-line:160 | Polling started
2021-08-15 10:25:48.253 | DEBUG | pollingConfigurationSource | com.netflix.config.AbstractPollingScheduler-line:160 | Polling started
2021-08-15 10:26:48.255 | DEBUG | pollingConfigurationSource | com.netflix.config.AbstractPollingScheduler-line:160 | Polling started
2021-08-15 10:27:48.256 | DEBUG | pollingConfigurationSource | com.netflix.config.AbstractPollingScheduler-line:160 | Polling started
2021-08-15 10:28:48.258 | DEBUG | pollingConfigurationSource | com.netflix.config.AbstractPollingScheduler-line:160 | Polling started
2021-08-15 10:29:48.259 | DEBUG | pollingConfigurationSource | com.netflix.config.AbstractPollingScheduler-line:160 | Polling started
2021-08-15 10:30:48.260 | DEBUG | pollingConfigurationSource | com.netflix.config.AbstractPollingScheduler-line:160 | Polling started
2021-08-15 10:31:48.262 | DEBUG | pollingConfigurationSource | com.netflix.config.AbstractPollingScheduler-line:160 | Polling started
2021-08-15 10:32:48.262 | DEBUG | pollingConfigurationSource | com.netflix.config.AbstractPollingScheduler-line:160 | Polling started
2021-08-15 10:33:48.265 | DEBUG | pollingConfigurationSource | com.netflix.config.AbstractPollingScheduler-line:160 | Polling started
2021-08-15 10:34:48.266 | DEBUG | pollingConfigurationSource | com.netflix.config.AbstractPollingScheduler-line:160 | Polling started
2021-08-15 11:37:04.644 | DEBUG | main | com.netflix.config.DynamicPropertyUpdater-line:122 | adding property key [app.website], value [www.baidu.com]
2021-08-15 11:37:04.645 | DEBUG | main | com.netflix.config.DynamicPropertyUpdater-line:122 | adding property key [app.age], value [30]
2021-08-15 11:37:04.645 | DEBUG | main | com.netflix.config.DynamicPropertyUpdater-line:122 | adding property key [app.report.name], value [/]
2021-08-15 11:37:04.645 | DEBUG | main | com.netflix.config.DynamicPropertyUpdater-line:122 | adding property key [app.isTall], value [true]
2021-08-15 11:37:04.646 | DEBUG | main | com.netflix.config.DynamicPropertyUpdater-line:122 | adding property key [app.name], value [frank]
2021-08-15 11:37:04.655 | DEBUG | main | com.netflix.config.DynamicPropertyUpdater-line:122 | adding property key [app.website], value [www.baidu.com]
2021-08-15 11:37:04.655 | DEBUG | main | com.netflix.config.DynamicPropertyUpdater-line:122 | adding property key [app.age], value [30]
2021-08-15 11:37:04.655 | DEBUG | main | com.netflix.config.DynamicPropertyUpdater-line:122 | adding property key [app.report.name], value [/]
2021-08-15 11:37:04.655 | DEBUG | main | com.netflix.config.DynamicPropertyUpdater-line:122 | adding property key [app.isTall], value [true]
2021-08-15 11:37:04.656 | DEBUG | main | com.netflix.config.DynamicPropertyUpdater-line:122 | adding property key [app.name], value [frank]
2021-08-15 11:38:09.454 | DEBUG | main | com.netflix.config.DynamicPropertyUpdater-line:122 | adding property key [app.website], value [www.baidu.com]
2021-08-15 11:38:09.455 | DEBUG | main | com.netflix.config.DynamicPropertyUpdater-line:122 | adding property key [app.age], value [30]
2021-08-15 11:38:09.455 | DEBUG | main | com.netflix.config.DynamicPropertyUpdater-line:122 | adding property key [app.report.name], value [/]
2021-08-15 11:38:09.455 | DEBUG | main | com.netflix.config.DynamicPropertyUpdater-line:122 | adding property key [app.isTall], value [true]
2021-08-15 11:38:09.456 | DEBUG | main | com.netflix.config.DynamicPropertyUpdater-line:122 | adding property key [app.name], value [frank]
2021-08-15 11:38:09.466 | DEBUG | main | com.netflix.config.DynamicPropertyUpdater-line:122 | adding property key [app.website], value [www.baidu.com]
2021-08-15 11:38:09.466 | DEBUG | main | com.netflix.config.DynamicPropertyUpdater-line:122 | adding property key [app.age], value [30]
2021-08-15 11:38:09.467 | DEBUG | main | com.netflix.config.DynamicPropertyUpdater-line:122 | adding property key [app.report.name], value [/]
2021-08-15 11:38:09.467 | DEBUG | main | com.netflix.config.DynamicPropertyUpdater-line:122 | adding property key [app.isTall], value [true]
2021-08-15 11:38:09.468 | DEBUG | main | com.netflix.config.DynamicPropertyUpdater-line:122 | adding property key [app.name], value [frank]
2021-08-15 11:38:39.459 | DEBUG | pollingConfigurationSource | com.netflix.config.AbstractPollingScheduler-line:160 | Polling started
2021-08-15 11:39:39.462 | DEBUG | pollingConfigurationSource | com.netflix.config.AbstractPollingScheduler-line:160 | Polling started
2021-08-15 11:40:39.465 | DEBUG | pollingConfigurationSource | com.netflix.config.AbstractPollingScheduler-line:160 | Polling started
2021-08-15 11:41:39.468 | DEBUG | pollingConfigurationSource | com.netflix.config.AbstractPollingScheduler-line:160 | Polling started
2021-08-15 11:42:39.470 | DEBUG | pollingConfigurationSource | com.netflix.config.AbstractPollingScheduler-line:160 | Polling started
2021-08-15 11:43:39.473 | DEBUG | pollingConfigurationSource | com.netflix.config.AbstractPollingScheduler-line:160 | Polling started
2021-08-15 11:44:39.483 | DEBUG | pollingConfigurationSource | com.netflix.config.AbstractPollingScheduler-line:160 | Polling started
2021-08-15 11:45:39.485 | DEBUG | pollingConfigurationSource | com.netflix.config.AbstractPollingScheduler-line:160 | Polling started
2021-08-15 11:46:39.486 | DEBUG | pollingConfigurationSource | com.netflix.config.AbstractPollingScheduler-line:160 | Polling started
2021-08-15 11:47:39.488 | DEBUG | pollingConfigurationSource | com.netflix.config.AbstractPollingScheduler-line:160 | Polling started
2021-08-15 11:48:39.489 | DEBUG | pollingConfigurationSource | com.netflix.config.AbstractPollingScheduler-line:160 | Polling started
2021-08-15 11:49:39.490 | DEBUG | pollingConfigurationSource | com.netflix.config.AbstractPollingScheduler-line:160 | Polling started
2021-08-15 11:50:39.491 | DEBUG | pollingConfigurationSource | com.netflix.config.AbstractPollingScheduler-line:160 | Polling started
2021-08-15 11:51:39.492 | DEBUG | pollingConfigurationSource | com.netflix.config.AbstractPollingScheduler-line:160 | Polling started
2021-08-15 11:52:39.493 | DEBUG | pollingConfigurationSource | com.netflix.config.AbstractPollingScheduler-line:160 | Polling started
2021-08-15 11:53:39.494 | DEBUG | pollingConfigurationSource | com.netflix.config.AbstractPollingScheduler-line:160 | Polling started
2021-08-15 11:54:39.496 | DEBUG | pollingConfigurationSource | com.netflix.config.AbstractPollingScheduler-line:160 | Polling started
2021-08-15 11:55:39.499 | DEBUG | pollingConfigurationSource | com.netflix.config.AbstractPollingScheduler-line:160 | Polling started
2021-08-15 11:56:39.502 | DEBUG | pollingConfigurationSource | com.netflix.config.AbstractPollingScheduler-line:160 | Polling started
2021-08-15 11:57:39.504 | DEBUG | pollingConfigurationSource | com.netflix.config.AbstractPollingScheduler-line:160 | Polling started
2021-08-15 11:58:39.506 | DEBUG | pollingConfigurationSource | com.netflix.config.AbstractPollingScheduler-line:160 | Polling started
2021-08-15 11:59:39.506 | DEBUG | pollingConfigurationSource | com.netflix.config.AbstractPollingScheduler-line:160 | Polling started
2021-08-15 12:00:39.509 | DEBUG | pollingConfigurationSource | com.netflix.config.AbstractPollingScheduler-line:160 | Polling started
2021-08-15 12:01:39.511 | DEBUG | pollingConfigurationSource | com.netflix.config.AbstractPollingScheduler-line:160 | Polling started
2021-08-15 12:02:39.513 | DEBUG | pollingConfigurationSource | com.netflix.config.AbstractPollingScheduler-line:160 | Polling started
2021-08-15 12:03:39.514 | DEBUG | pollingConfigurationSource | com.netflix.config.AbstractPollingScheduler-line:160 | Polling started
2021-08-15 12:04:39.515 | DEBUG | pollingConfigurationSource | com.netflix.config.AbstractPollingScheduler-line:160 | Polling started
2021-08-15 12:05:39.517 | DEBUG | pollingConfigurationSource | com.netflix.config.AbstractPollingScheduler-line:160 | Polling started
2021-08-15 12:06:39.520 | DEBUG | pollingConfigurationSource | com.netflix.config.AbstractPollingScheduler-line:160 | Polling started
2021-08-15 12:07:39.521 | DEBUG | pollingConfigurationSource | com.netflix.config.AbstractPollingScheduler-line:160 | Polling started
2021-08-15 12:08:39.524 | DEBUG | pollingConfigurationSource | com.netflix.config.AbstractPollingScheduler-line:160 | Polling started
2021-08-15 12:09:39.524 | DEBUG | pollingConfigurationSource | com.netflix.config.AbstractPollingScheduler-line:160 | Polling started
2021-08-15 12:10:39.526 | DEBUG | pollingConfigurationSource | com.netflix.config.AbstractPollingScheduler-line:160 | Polling started
2021-08-15 12:11:39.528 | DEBUG | pollingConfigurationSource | com.netflix.config.AbstractPollingScheduler-line:160 | Polling started
2021-08-15 12:12:39.531 | DEBUG | pollingConfigurationSource | com.netflix.config.AbstractPollingScheduler-line:160 | Polling started
2021-08-15 12:13:39.535 | DEBUG | pollingConfigurationSource | com.netflix.config.AbstractPollingScheduler-line:160 | Polling started
2021-08-15 12:14:39.536 | DEBUG | pollingConfigurationSource | com.netflix.config.AbstractPollingScheduler-line:160 | Polling started
2021-08-15 12:15:39.537 | DEBUG | pollingConfigurationSource | com.netflix.config.AbstractPollingScheduler-line:160 | Polling started
2021-08-15 12:16:39.540 | DEBUG | pollingConfigurationSource | com.netflix.config.AbstractPollingScheduler-line:160 | Polling started
2021-08-15 12:17:39.542 | DEBUG | pollingConfigurationSource | com.netflix.config.AbstractPollingScheduler-line:160 | Polling started
2021-08-15 12:18:39.544 | DEBUG | pollingConfigurationSource | com.netflix.config.AbstractPollingScheduler-line:160 | Polling started
2021-08-15 12:19:39.546 | DEBUG | pollingConfigurationSource | com.netflix.config.AbstractPollingScheduler-line:160 | Polling started
2021-08-15 12:20:39.548 | DEBUG | pollingConfigurationSource | com.netflix.config.AbstractPollingScheduler-line:160 | Polling started
2021-08-15 12:21:39.550 | DEBUG | pollingConfigurationSource | com.netflix.config.AbstractPollingScheduler-line:160 | Polling started
2021-08-15 12:22:39.551 | DEBUG | pollingConfigurationSource | com.netflix.config.AbstractPollingScheduler-line:160 | Polling started
2021-08-15 12:23:39.553 | DEBUG | pollingConfigurationSource | com.netflix.config.AbstractPollingScheduler-line:160 | Polling started
2021-08-15 12:24:39.556 | DEBUG | pollingConfigurationSource | com.netflix.config.AbstractPollingScheduler-line:160 | Polling started
2021-08-15 12:25:39.556 | DEBUG | pollingConfigurationSource | com.netflix.config.AbstractPollingScheduler-line:160 | Polling started
2021-08-15 12:26:39.558 | DEBUG | pollingConfigurationSource | com.netflix.config.AbstractPollingScheduler-line:160 | Polling started
2021-08-15 12:27:39.561 | DEBUG | pollingConfigurationSource | com.netflix.config.AbstractPollingScheduler-line:160 | Polling started
2021-08-15 12:28:39.564 | DEBUG | pollingConfigurationSource | com.netflix.config.AbstractPollingScheduler-line:160 | Polling started
2021-08-15 12:29:39.567 | DEBUG | pollingConfigurationSource | com.netflix.config.AbstractPollingScheduler-line:160 | Polling started
2021-08-15 12:30:39.568 | DEBUG | pollingConfigurationSource | com.netflix.config.AbstractPollingScheduler-line:160 | Polling started
2021-08-15 12:31:39.569 | DEBUG | pollingConfigurationSource | com.netflix.config.AbstractPollingScheduler-line:160 | Polling started
2021-08-15 12:32:39.571 | DEBUG | pollingConfigurationSource | com.netflix.config.AbstractPollingScheduler-line:160 | Polling started
2021-08-15 12:33:39.573 | DEBUG | pollingConfigurationSource | com.netflix.config.AbstractPollingScheduler-line:160 | Polling started
2021-08-15 12:34:39.575 | DEBUG | pollingConfigurationSource | com.netflix.config.AbstractPollingScheduler-line:160 | Polling started
2021-08-15 12:35:39.577 | DEBUG | pollingConfigurationSource | com.netflix.config.AbstractPollingScheduler-line:160 | Polling started
2021-08-15 12:36:39.580 | DEBUG | pollingConfigurationSource | com.netflix.config.AbstractPollingScheduler-line:160 | Polling started
2021-08-15 12:37:39.581 | DEBUG | pollingConfigurationSource | com.netflix.config.AbstractPollingScheduler-line:160 | Polling started
2021-08-15 12:38:39.583 | DEBUG | pollingConfigurationSource | com.netflix.config.AbstractPollingScheduler-line:160 | Polling started
2021-08-15 12:39:39.585 | DEBUG | pollingConfigurationSource | com.netflix.config.AbstractPollingScheduler-line:160 | Polling started
2021-08-15 12:40:39.587 | DEBUG | pollingConfigurationSource | com.netflix.config.AbstractPollingScheduler-line:160 | Polling started
2021-08-15 12:41:39.589 | DEBUG | pollingConfigurationSource | com.netflix.config.AbstractPollingScheduler-line:160 | Polling started
2021-08-15 12:42:39.591 | DEBUG | pollingConfigurationSource | com.netflix.config.AbstractPollingScheduler-line:160 | Polling started
2021-08-15 12:43:39.594 | DEBUG | pollingConfigurationSource | com.netflix.config.AbstractPollingScheduler-line:160 | Polling started
2021-08-15 12:44:39.595 | DEBUG | pollingConfigurationSource | com.netflix.config.AbstractPollingScheduler-line:160 | Polling started
2021-08-15 12:45:39.596 | DEBUG | pollingConfigurationSource | com.netflix.config.AbstractPollingScheduler-line:160 | Polling started
2021-08-15 12:46:39.597 | DEBUG | pollingConfigurationSource | com.netflix.config.AbstractPollingScheduler-line:160 | Polling started
2021-08-15 16:42:17.493 | DEBUG | main | com.netflix.config.DynamicPropertyUpdater-line:122 | adding property key [app.website], value [www.baidu.com]
2021-08-15 16:42:17.494 | DEBUG | main | com.netflix.config.DynamicPropertyUpdater-line:122 | adding property key [app.age], value [30]
2021-08-15 16:42:17.494 | DEBUG | main | com.netflix.config.DynamicPropertyUpdater-line:122 | adding property key [app.report.name], value [/]
2021-08-15 16:42:17.494 | DEBUG | main | com.netflix.config.DynamicPropertyUpdater-line:122 | adding property key [app.isTall], value [true]
2021-08-15 16:42:17.494 | DEBUG | main | com.netflix.config.DynamicPropertyUpdater-line:122 | adding property key [app.name], value [frank]
2021-08-15 16:42:17.502 | DEBUG | main | com.netflix.config.DynamicPropertyUpdater-line:122 | adding property key [app.website], value [www.baidu.com]
2021-08-15 16:42:17.502 | DEBUG | main | com.netflix.config.DynamicPropertyUpdater-line:122 | adding property key [app.age], value [30]
2021-08-15 16:42:17.503 | DEBUG | main | com.netflix.config.DynamicPropertyUpdater-line:122 | adding property key [app.report.name], value [/]
2021-08-15 16:42:17.503 | DEBUG | main | com.netflix.config.DynamicPropertyUpdater-line:122 | adding property key [app.isTall], value [true]
2021-08-15 16:42:17.503 | DEBUG | main | com.netflix.config.DynamicPropertyUpdater-line:122 | adding property key [app.name], value [frank]
2021-08-15 16:42:47.503 | DEBUG | pollingConfigurationSource | com.netflix.config.AbstractPollingScheduler-line:160 | Polling started
2021-08-15 16:43:47.505 | DEBUG | pollingConfigurationSource | com.netflix.config.AbstractPollingScheduler-line:160 | Polling started
2021-08-15 16:45:05.687 | DEBUG | main | com.netflix.config.DynamicPropertyUpdater-line:122 | adding property key [app.website], value [www.baidu.com]
2021-08-15 16:45:05.688 | DEBUG | main | com.netflix.config.DynamicPropertyUpdater-line:122 | adding property key [app.age], value [30]
2021-08-15 16:45:05.688 | DEBUG | main | com.netflix.config.DynamicPropertyUpdater-line:122 | adding property key [app.report.name], value [/]
2021-08-15 16:45:05.688 | DEBUG | main | com.netflix.config.DynamicPropertyUpdater-line:122 | adding property key [app.isTall], value [true]
2021-08-15 16:45:05.689 | DEBUG | main | com.netflix.config.DynamicPropertyUpdater-line:122 | adding property key [app.name], value [frank]
2021-08-15 16:45:05.697 | DEBUG | main | com.netflix.config.DynamicPropertyUpdater-line:122 | adding property key [app.website], value [www.baidu.com]
2021-08-15 16:45:05.698 | DEBUG | main | com.netflix.config.DynamicPropertyUpdater-line:122 | adding property key [app.age], value [30]
2021-08-15 16:45:05.698 | DEBUG | main | com.netflix.config.DynamicPropertyUpdater-line:122 | adding property key [app.report.name], value [/]
2021-08-15 16:45:05.698 | DEBUG | main | com.netflix.config.DynamicPropertyUpdater-line:122 | adding property key [app.isTall], value [true]
2021-08-15 16:45:05.698 | DEBUG | main | com.netflix.config.DynamicPropertyUpdater-line:122 | adding property key [app.name], value [frank]
2021-08-15 16:53:36.271 | DEBUG | main | com.netflix.config.DynamicPropertyUpdater-line:122 | adding property key [app.website], value [www.baidu.com]
2021-08-15 16:53:36.271 | DEBUG | main | com.netflix.config.DynamicPropertyUpdater-line:122 | adding property key [app.age], value [30]
2021-08-15 16:53:36.271 | DEBUG | main | com.netflix.config.DynamicPropertyUpdater-line:122 | adding property key [app.report.name], value [/]
2021-08-15 16:53:36.271 | DEBUG | main | com.netflix.config.DynamicPropertyUpdater-line:122 | adding property key [app.isTall], value [true]
2021-08-15 16:53:36.272 | DEBUG | main | com.netflix.config.DynamicPropertyUpdater-line:122 | adding property key [app.name], value [frank]
2021-08-15 16:53:36.278 | DEBUG | main | com.netflix.config.DynamicPropertyUpdater-line:122 | adding property key [app.website], value [www.baidu.com]
2021-08-15 16:53:36.278 | DEBUG | main | com.netflix.config.DynamicPropertyUpdater-line:122 | adding property key [app.age], value [30]
2021-08-15 16:53:36.278 | DEBUG | main | com.netflix.config.DynamicPropertyUpdater-line:122 | adding property key [app.report.name], value [/]
2021-08-15 16:53:36.278 | DEBUG | main | com.netflix.config.DynamicPropertyUpdater-line:122 | adding property key [app.isTall], value [true]
2021-08-15 16:53:36.279 | DEBUG | main | com.netflix.config.DynamicPropertyUpdater-line:122 | adding property key [app.name], value [frank]
2021-08-15 16:54:06.273 | DEBUG | pollingConfigurationSource | com.netflix.config.AbstractPollingScheduler-line:160 | Polling started
2021-08-15 16:55:06.275 | DEBUG | pollingConfigurationSource | com.netflix.config.AbstractPollingScheduler-line:160 | Polling started
2021-08-15 16:56:06.276 | DEBUG | pollingConfigurationSource | com.netflix.config.AbstractPollingScheduler-line:160 | Polling started
2021-08-15 16:57:06.278 | DEBUG | pollingConfigurationSource | com.netflix.config.AbstractPollingScheduler-line:160 | Polling started
2021-08-15 16:58:06.282 | DEBUG | pollingConfigurationSource | com.netflix.config.AbstractPollingScheduler-line:160 | Polling started
2021-08-15 16:59:06.285 | DEBUG | pollingConfigurationSource | com.netflix.config.AbstractPollingScheduler-line:160 | Polling started
2021-08-15 17:00:06.286 | DEBUG | pollingConfigurationSource | com.netflix.config.AbstractPollingScheduler-line:160 | Polling started
2021-08-15 17:01:06.287 | DEBUG | pollingConfigurationSource | com.netflix.config.AbstractPollingScheduler-line:160 | Polling started
2021-08-15 17:02:06.288 | DEBUG | pollingConfigurationSource | com.netflix.config.AbstractPollingScheduler-line:160 | Polling started
2021-08-15 17:03:06.290 | DEBUG | pollingConfigurationSource | com.netflix.config.AbstractPollingScheduler-line:160 | Polling started
2021-08-15 17:04:06.292 | DEBUG | pollingConfigurationSource | com.netflix.config.AbstractPollingScheduler-line:160 | Polling started
2021-08-15 17:05:06.293 | DEBUG | pollingConfigurationSource | com.netflix.config.AbstractPollingScheduler-line:160 | Polling started
2021-08-15 17:06:06.299 | DEBUG | pollingConfigurationSource | com.netflix.config.AbstractPollingScheduler-line:160 | Polling started
2021-08-15 17:07:06.300 | DEBUG | pollingConfigurationSource | com.netflix.config.AbstractPollingScheduler-line:160 | Polling started
2021-08-15 17:08:06.302 | DEBUG | pollingConfigurationSource | com.netflix.config.AbstractPollingScheduler-line:160 | Polling started
2021-08-15 17:09:06.303 | DEBUG | pollingConfigurationSource | com.netflix.config.AbstractPollingScheduler-line:160 | Polling started
2021-08-15 17:10:06.305 | DEBUG | pollingConfigurationSource | com.netflix.config.AbstractPollingScheduler-line:160 | Polling started
2021-08-15 17:11:06.308 | DEBUG | pollingConfigurationSource | com.netflix.config.AbstractPollingScheduler-line:160 | Polling started
2021-08-15 17:12:06.309 | DEBUG | pollingConfigurationSource | com.netflix.config.AbstractPollingScheduler-line:160 | Polling started
2021-08-15 17:13:06.312 | DEBUG | pollingConfigurationSource | com.netflix.config.AbstractPollingScheduler-line:160 | Polling started
2021-08-15 17:14:06.313 | DEBUG | pollingConfigurationSource | com.netflix.config.AbstractPollingScheduler-line:160 | Polling started
2021-08-15 17:15:06.315 | DEBUG | pollingConfigurationSource | com.netflix.config.AbstractPollingScheduler-line:160 | Polling started
2021-08-15 17:16:06.316 | DEBUG | pollingConfigurationSource | com.netflix.config.AbstractPollingScheduler-line:160 | Polling started
2021-08-15 17:17:06.317 | DEBUG | pollingConfigurationSource | com.netflix.config.AbstractPollingScheduler-line:160 | Polling started
2021-08-15 17:18:06.318 | DEBUG | pollingConfigurationSource | com.netflix.config.AbstractPollingScheduler-line:160 | Polling started
2021-08-15 17:19:06.320 | DEBUG | pollingConfigurationSource | com.netflix.config.AbstractPollingScheduler-line:160 | Polling started
2021-08-15 17:20:06.321 | DEBUG | pollingConfigurationSource | com.netflix.config.AbstractPollingScheduler-line:160 | Polling started
2021-08-15 17:21:06.322 | DEBUG | pollingConfigurationSource | com.netflix.config.AbstractPollingScheduler-line:160 | Polling started
2021-08-15 17:22:06.323 | DEBUG | pollingConfigurationSource | com.netflix.config.AbstractPollingScheduler-line:160 | Polling started
2021-08-15 17:23:06.327 | DEBUG | pollingConfigurationSource | com.netflix.config.AbstractPollingScheduler-line:160 | Polling started
2021-08-15 17:24:06.329 | DEBUG | pollingConfigurationSource | com.netflix.config.AbstractPollingScheduler-line:160 | Polling started
2021-08-15 17:25:06.331 | DEBUG | pollingConfigurationSource | com.netflix.config.AbstractPollingScheduler-line:160 | Polling started
2021-08-15 17:26:06.331 | DEBUG | pollingConfigurationSource | com.netflix.config.AbstractPollingScheduler-line:160 | Polling started
2021-08-15 17:27:06.334 | DEBUG | pollingConfigurationSource | com.netflix.config.AbstractPollingScheduler-line:160 | Polling started
2021-08-15 17:28:06.335 | DEBUG | pollingConfigurationSource | com.netflix.config.AbstractPollingScheduler-line:160 | Polling started
2021-08-15 17:29:06.337 | DEBUG | pollingConfigurationSource | com.netflix.config.AbstractPollingScheduler-line:160 | Polling started
2021-08-15 17:30:06.339 | DEBUG | pollingConfigurationSource | com.netflix.config.AbstractPollingScheduler-line:160 | Polling started
2021-08-15 17:31:06.348 | DEBUG | pollingConfigurationSource | com.netflix.config.AbstractPollingScheduler-line:160 | Polling started
2021-08-15 17:32:06.348 | DEBUG | pollingConfigurationSource | com.netflix.config.AbstractPollingScheduler-line:160 | Polling started
2021-08-15 17:33:06.351 | DEBUG | pollingConfigurationSource | com.netflix.config.AbstractPollingScheduler-line:160 | Polling started
2021-08-15 17:34:06.352 | DEBUG | pollingConfigurationSource | com.netflix.config.AbstractPollingScheduler-line:160 | Polling started
2021-08-15 17:35:06.353 | DEBUG | pollingConfigurationSource | com.netflix.config.AbstractPollingScheduler-line:160 | Polling started
2021-08-15 17:36:06.355 | DEBUG | pollingConfigurationSource | com.netflix.config.AbstractPollingScheduler-line:160 | Polling started
2021-08-15 17:37:06.358 | DEBUG | pollingConfigurationSource | com.netflix.config.AbstractPollingScheduler-line:160 | Polling started
2021-08-15 17:38:06.360 | DEBUG | pollingConfigurationSource | com.netflix.config.AbstractPollingScheduler-line:160 | Polling started
2021-08-15 17:39:06.361 | DEBUG | pollingConfigurationSource | com.netflix.config.AbstractPollingScheduler-line:160 | Polling started
2021-08-15 17:40:06.363 | DEBUG | pollingConfigurationSource | com.netflix.config.AbstractPollingScheduler-line:160 | Polling started
2021-08-15 17:41:06.364 | DEBUG | pollingConfigurationSource | com.netflix.config.AbstractPollingScheduler-line:160 | Polling started
2021-08-15 17:43:03.508 | DEBUG | main | com.netflix.config.DynamicPropertyUpdater-line:122 | adding property key [app.website], value [www.baidu.com]
2021-08-15 17:43:03.508 | DEBUG | main | com.netflix.config.DynamicPropertyUpdater-line:122 | adding property key [app.age], value [30]
2021-08-15 17:43:03.508 | DEBUG | main | com.netflix.config.DynamicPropertyUpdater-line:122 | adding property key [app.report.name], value [/]
2021-08-15 17:43:03.508 | DEBUG | main | com.netflix.config.DynamicPropertyUpdater-line:122 | adding property key [app.isTall], value [true]
2021-08-15 17:43:03.508 | DEBUG | main | com.netflix.config.DynamicPropertyUpdater-line:122 | adding property key [app.name], value [frank]
2021-08-15 17:43:03.516 | DEBUG | main | com.netflix.config.DynamicPropertyUpdater-line:122 | adding property key [app.website], value [www.baidu.com]
2021-08-15 17:43:03.517 | DEBUG | main | com.netflix.config.DynamicPropertyUpdater-line:122 | adding property key [app.age], value [30]
2021-08-15 17:43:03.517 | DEBUG | main | com.netflix.config.DynamicPropertyUpdater-line:122 | adding property key [app.report.name], value [/]
2021-08-15 17:43:03.517 | DEBUG | main | com.netflix.config.DynamicPropertyUpdater-line:122 | adding property key [app.isTall], value [true]
2021-08-15 17:43:03.517 | DEBUG | main | com.netflix.config.DynamicPropertyUpdater-line:122 | adding property key [app.name], value [frank]
2021-08-15 17:43:33.510 | DEBUG | pollingConfigurationSource | com.netflix.config.AbstractPollingScheduler-line:160 | Polling started
2021-08-15 17:44:33.514 | DEBUG | pollingConfigurationSource | com.netflix.config.AbstractPollingScheduler-line:160 | Polling started
2021-08-15 17:45:33.516 | DEBUG | pollingConfigurationSource | com.netflix.config.AbstractPollingScheduler-line:160 | Polling started
2021-08-15 17:46:33.517 | DEBUG | pollingConfigurationSource | com.netflix.config.AbstractPollingScheduler-line:160 | Polling started
2021-08-15 17:47:33.520 | DEBUG | pollingConfigurationSource | com.netflix.config.AbstractPollingScheduler-line:160 | Polling started
2021-08-15 17:48:33.522 | DEBUG | pollingConfigurationSource | com.netflix.config.AbstractPollingScheduler-line:160 | Polling started
2021-08-15 17:49:33.524 | DEBUG | pollingConfigurationSource | com.netflix.config.AbstractPollingScheduler-line:160 | Polling started
2021-08-15 17:50:33.526 | DEBUG | pollingConfigurationSource | com.netflix.config.AbstractPollingScheduler-line:160 | Polling started
2021-08-15 17:51:33.528 | DEBUG | pollingConfigurationSource | com.netflix.config.AbstractPollingScheduler-line:160 | Polling started
2021-08-15 17:52:33.530 | DEBUG | pollingConfigurationSource | com.netflix.config.AbstractPollingScheduler-line:160 | Polling started
2021-08-15 17:53:33.531 | DEBUG | pollingConfigurationSource | com.netflix.config.AbstractPollingScheduler-line:160 | Polling started
2021-08-15 17:54:33.535 | DEBUG | pollingConfigurationSource | com.netflix.config.AbstractPollingScheduler-line:160 | Polling started
2021-08-15 17:55:33.537 | DEBUG | pollingConfigurationSource | com.netflix.config.AbstractPollingScheduler-line:160 | Polling started
2021-08-15 17:56:33.539 | DEBUG | pollingConfigurationSource | com.netflix.config.AbstractPollingScheduler-line:160 | Polling started
2021-08-15 17:57:33.547 | DEBUG | pollingConfigurationSource | com.netflix.config.AbstractPollingScheduler-line:160 | Polling started
2021-08-15 17:58:33.548 | DEBUG | pollingConfigurationSource | com.netflix.config.AbstractPollingScheduler-line:160 | Polling started
2021-08-15 17:59:33.550 | DEBUG | pollingConfigurationSource | com.netflix.config.AbstractPollingScheduler-line:160 | Polling started
2021-08-15 18:00:33.551 | DEBUG | pollingConfigurationSource | com.netflix.config.AbstractPollingScheduler-line:160 | Polling started
2021-08-15 18:01:33.554 | DEBUG | pollingConfigurationSource | com.netflix.config.AbstractPollingScheduler-line:160 | Polling started
2021-08-15 18:02:33.555 | DEBUG | pollingConfigurationSource | com.netflix.config.AbstractPollingScheduler-line:160 | Polling started
2021-08-15 18:03:33.557 | DEBUG | pollingConfigurationSource | com.netflix.config.AbstractPollingScheduler-line:160 | Polling started
2021-08-15 18:04:33.559 | DEBUG | pollingConfigurationSource | com.netflix.config.AbstractPollingScheduler-line:160 | Polling started
2021-08-15 18:05:33.560 | DEBUG | pollingConfigurationSource | com.netflix.config.AbstractPollingScheduler-line:160 | Polling started
2021-08-15 18:06:33.562 | DEBUG | pollingConfigurationSource | com.netflix.config.AbstractPollingScheduler-line:160 | Polling started
2021-08-15 18:07:33.564 | DEBUG | pollingConfigurationSource | com.netflix.config.AbstractPollingScheduler-line:160 | Polling started
2021-08-15 18:08:33.566 | DEBUG | pollingConfigurationSource | com.netflix.config.AbstractPollingScheduler-line:160 | Polling started
2021-08-15 18:09:33.567 | DEBUG | pollingConfigurationSource | com.netflix.config.AbstractPollingScheduler-line:160 | Polling started
2021-08-15 18:10:33.568 | DEBUG | pollingConfigurationSource | com.netflix.config.AbstractPollingScheduler-line:160 | Polling started
2021-08-15 18:11:33.569 | DEBUG | pollingConfigurationSource | com.netflix.config.AbstractPollingScheduler-line:160 | Polling started
2021-08-15 18:12:33.570 | DEBUG | pollingConfigurationSource | com.netflix.config.AbstractPollingScheduler-line:160 | Polling started
2021-08-15 18:13:33.571 | DEBUG | pollingConfigurationSource | com.netflix.config.AbstractPollingScheduler-line:160 | Polling started
2021-08-15 18:14:33.572 | DEBUG | pollingConfigurationSource | com.netflix.config.AbstractPollingScheduler-line:160 | Polling started
2021-08-15 18:15:33.573 | DEBUG | pollingConfigurationSource | com.netflix.config.AbstractPollingScheduler-line:160 | Polling started
2021-08-15 18:16:33.574 | DEBUG | pollingConfigurationSource | com.netflix.config.AbstractPollingScheduler-line:160 | Polling started
2021-08-15 18:17:33.575 | DEBUG | pollingConfigurationSource | com.netflix.config.AbstractPollingScheduler-line:160 | Polling started
2021-08-15 18:18:33.580 | DEBUG | pollingConfigurationSource | com.netflix.config.AbstractPollingScheduler-line:160 | Polling started
2021-08-15 18:19:33.588 | DEBUG | pollingConfigurationSource | com.netflix.config.AbstractPollingScheduler-line:160 | Polling started
2021-08-15 18:20:33.609 | DEBUG | pollingConfigurationSource | com.netflix.config.AbstractPollingScheduler-line:160 | Polling started
2021-08-15 18:21:33.609 | DEBUG | pollingConfigurationSource | com.netflix.config.AbstractPollingScheduler-line:160 | Polling started
2021-08-15 18:22:33.610 | DEBUG | pollingConfigurationSource | com.netflix.config.AbstractPollingScheduler-line:160 | Polling started
2021-08-15 18:23:33.612 | DEBUG | pollingConfigurationSource | com.netflix.config.AbstractPollingScheduler-line:160 | Polling started
2021-08-15 18:24:33.613 | DEBUG | pollingConfigurationSource | com.netflix.config.AbstractPollingScheduler-line:160 | Polling started
2021-08-15 18:25:33.615 | DEBUG | pollingConfigurationSource | com.netflix.config.AbstractPollingScheduler-line:160 | Polling started
2021-08-15 18:26:33.616 | DEBUG | pollingConfigurationSource | com.netflix.config.AbstractPollingScheduler-line:160 | Polling started
2021-08-15 18:27:33.618 | DEBUG | pollingConfigurationSource | com.netflix.config.AbstractPollingScheduler-line:160 | Polling started
2021-08-15 18:28:33.620 | DEBUG | pollingConfigurationSource | com.netflix.config.AbstractPollingScheduler-line:160 | Polling started
2021-08-15 18:29:33.620 | DEBUG | pollingConfigurationSource | com.netflix.config.AbstractPollingScheduler-line:160 | Polling started
2021-08-15 18:30:33.622 | DEBUG | pollingConfigurationSource | com.netflix.config.AbstractPollingScheduler-line:160 | Polling started
2021-08-15 18:31:33.623 | DEBUG | pollingConfigurationSource | com.netflix.config.AbstractPollingScheduler-line:160 | Polling started
2021-08-15 18:32:33.626 | DEBUG | pollingConfigurationSource | com.netflix.config.AbstractPollingScheduler-line:160 | Polling started
2021-08-15 18:33:33.628 | DEBUG | pollingConfigurationSource | com.netflix.config.AbstractPollingScheduler-line:160 | Polling started
2021-08-15 18:34:33.629 | DEBUG | pollingConfigurationSource | com.netflix.config.AbstractPollingScheduler-line:160 | Polling started
2021-08-15 18:35:33.630 | DEBUG | pollingConfigurationSource | com.netflix.config.AbstractPollingScheduler-line:160 | Polling started
2021-08-15 18:36:33.631 | DEBUG | pollingConfigurationSource | com.netflix.config.AbstractPollingScheduler-line:160 | Polling started
2021-08-15 18:37:33.632 | DEBUG | pollingConfigurationSource | com.netflix.config.AbstractPollingScheduler-line:160 | Polling started
2021-08-15 18:38:33.634 | DEBUG | pollingConfigurationSource | com.netflix.config.AbstractPollingScheduler-line:160 | Polling started
2021-08-15 18:39:33.636 | DEBUG | pollingConfigurationSource | com.netflix.config.AbstractPollingScheduler-line:160 | Polling started
2021-08-15 18:40:33.638 | DEBUG | pollingConfigurationSource | com.netflix.config.AbstractPollingScheduler-line:160 | Polling started
2021-08-15 18:41:33.640 | DEBUG | pollingConfigurationSource | com.netflix.config.AbstractPollingScheduler-line:160 | Polling started
2021-08-15 18:42:33.642 | DEBUG | pollingConfigurationSource | com.netflix.config.AbstractPollingScheduler-line:160 | Polling started
2021-08-15 18:43:33.644 | DEBUG | pollingConfigurationSource | com.netflix.config.AbstractPollingScheduler-line:160 | Polling started
2021-08-15 18:44:33.647 | DEBUG | pollingConfigurationSource | com.netflix.config.AbstractPollingScheduler-line:160 | Polling started
2021-08-15 18:45:33.648 | DEBUG | pollingConfigurationSource | com.netflix.config.AbstractPollingScheduler-line:160 | Polling started
2021-08-15 18:46:33.650 | DEBUG | pollingConfigurationSource | com.netflix.config.AbstractPollingScheduler-line:160 | Polling started
2021-08-15 18:47:33.653 | DEBUG | pollingConfigurationSource | com.netflix.config.AbstractPollingScheduler-line:160 | Polling started
2021-08-15 18:48:33.654 | DEBUG | pollingConfigurationSource | com.netflix.config.AbstractPollingScheduler-line:160 | Polling started
2021-08-15 18:49:33.655 | DEBUG | pollingConfigurationSource | com.netflix.config.AbstractPollingScheduler-line:160 | Polling started
2021-08-15 18:50:33.658 | DEBUG | pollingConfigurationSource | com.netflix.config.AbstractPollingScheduler-line:160 | Polling started
2021-08-15 18:51:33.658 | DEBUG | pollingConfigurationSource | com.netflix.config.AbstractPollingScheduler-line:160 | Polling started
2021-08-15 18:52:33.660 | DEBUG | pollingConfigurationSource | com.netflix.config.AbstractPollingScheduler-line:160 | Polling started
2021-08-15 18:53:33.661 | DEBUG | pollingConfigurationSource | com.netflix.config.AbstractPollingScheduler-line:160 | Polling started
2021-08-15 18:54:33.662 | DEBUG | pollingConfigurationSource | com.netflix.config.AbstractPollingScheduler-line:160 | Polling started
2021-08-15 18:55:33.665 | DEBUG | pollingConfigurationSource | com.netflix.config.AbstractPollingScheduler-line:160 | Polling started
2021-08-15 18:56:33.667 | DEBUG | pollingConfigurationSource | com.netflix.config.AbstractPollingScheduler-line:160 | Polling started
2021-08-15 18:57:33.669 | DEBUG | pollingConfigurationSource | com.netflix.config.AbstractPollingScheduler-line:160 | Polling started
2021-08-15 18:58:33.671 | DEBUG | pollingConfigurationSource | com.netflix.config.AbstractPollingScheduler-line:160 | Polling started
2021-08-15 18:59:33.673 | DEBUG | pollingConfigurationSource | com.netflix.config.AbstractPollingScheduler-line:160 | Polling started
2021-08-15 19:00:33.676 | DEBUG | pollingConfigurationSource | com.netflix.config.AbstractPollingScheduler-line:160 | Polling started
2021-08-15 19:01:33.678 | DEBUG | pollingConfigurationSource | com.netflix.config.AbstractPollingScheduler-line:160 | Polling started
2021-08-15 19:02:33.678 | DEBUG | pollingConfigurationSource | com.netflix.config.AbstractPollingScheduler-line:160 | Polling started
2021-08-15 19:03:33.679 | DEBUG | pollingConfigurationSource | com.netflix.config.AbstractPollingScheduler-line:160 | Polling started
2021-08-15 19:04:33.680 | DEBUG | pollingConfigurationSource | com.netflix.config.AbstractPollingScheduler-line:160 | Polling started
2021-08-15 19:05:33.682 | DEBUG | pollingConfigurationSource | com.netflix.config.AbstractPollingScheduler-line:160 | Polling started
2021-08-15 19:06:33.686 | DEBUG | pollingConfigurationSource | com.netflix.config.AbstractPollingScheduler-line:160 | Polling started
2021-08-15 19:07:33.690 | DEBUG | pollingConfigurationSource | com.netflix.config.AbstractPollingScheduler-line:160 | Polling started
2021-08-15 19:08:33.692 | DEBUG | pollingConfigurationSource | com.netflix.config.AbstractPollingScheduler-line:160 | Polling started
2021-08-15 19:09:33.694 | DEBUG | pollingConfigurationSource | com.netflix.config.AbstractPollingScheduler-line:160 | Polling started
2021-08-15 19:10:33.694 | DEBUG | pollingConfigurationSource | com.netflix.config.AbstractPollingScheduler-line:160 | Polling started
2021-08-15 19:11:33.696 | DEBUG | pollingConfigurationSource | com.netflix.config.AbstractPollingScheduler-line:160 | Polling started
2021-08-15 19:12:33.698 | DEBUG | pollingConfigurationSource | com.netflix.config.AbstractPollingScheduler-line:160 | Polling started
2021-08-15 19:13:33.698 | DEBUG | pollingConfigurationSource | com.netflix.config.AbstractPollingScheduler-line:160 | Polling started
2021-08-15 19:14:33.699 | DEBUG | pollingConfigurationSource | com.netflix.config.AbstractPollingScheduler-line:160 | Polling started
2021-08-15 19:15:33.702 | DEBUG | pollingConfigurationSource | com.netflix.config.AbstractPollingScheduler-line:160 | Polling started
2021-08-15 19:16:33.704 | DEBUG | pollingConfigurationSource | com.netflix.config.AbstractPollingScheduler-line:160 | Polling started
2021-08-15 19:17:33.705 | DEBUG | pollingConfigurationSource | com.netflix.config.AbstractPollingScheduler-line:160 | Polling started
2021-08-15 19:18:33.707 | DEBUG | pollingConfigurationSource | com.netflix.config.AbstractPollingScheduler-line:160 | Polling started
2021-08-15 19:19:33.708 | DEBUG | pollingConfigurationSource | com.netflix.config.AbstractPollingScheduler-line:160 | Polling started
2021-08-15 19:20:33.710 | DEBUG | pollingConfigurationSource | com.netflix.config.AbstractPollingScheduler-line:160 | Polling started
2021-08-15 19:21:33.712 | DEBUG | pollingConfigurationSource | com.netflix.config.AbstractPollingScheduler-line:160 | Polling started
2021-08-15 19:22:33.713 | DEBUG | pollingConfigurationSource | com.netflix.config.AbstractPollingScheduler-line:160 | Polling started
2021-08-15 19:23:33.715 | DEBUG | pollingConfigurationSource | com.netflix.config.AbstractPollingScheduler-line:160 | Polling started
2021-08-15 19:24:33.718 | DEBUG | pollingConfigurationSource | com.netflix.config.AbstractPollingScheduler-line:160 | Polling started
2021-08-15 19:25:33.720 | DEBUG | pollingConfigurationSource | com.netflix.config.AbstractPollingScheduler-line:160 | Polling started
2021-08-15 19:26:33.721 | DEBUG | pollingConfigurationSource | com.netflix.config.AbstractPollingScheduler-line:160 | Polling started
2021-08-15 19:27:33.722 | DEBUG | pollingConfigurationSource | com.netflix.config.AbstractPollingScheduler-line:160 | Polling started
2021-08-15 19:28:33.723 | DEBUG | pollingConfigurationSource | com.netflix.config.AbstractPollingScheduler-line:160 | Polling started
2021-08-15 19:29:33.724 | DEBUG | pollingConfigurationSource | com.netflix.config.AbstractPollingScheduler-line:160 | Polling started
2021-08-15 19:30:33.725 | DEBUG | pollingConfigurationSource | com.netflix.config.AbstractPollingScheduler-line:160 | Polling started
2021-08-15 19:31:33.727 | DEBUG | pollingConfigurationSource | com.netflix.config.AbstractPollingScheduler-line:160 | Polling started
2021-08-15 19:32:33.730 | DEBUG | pollingConfigurationSource | com.netflix.config.AbstractPollingScheduler-line:160 | Polling started
2021-08-15 19:33:33.731 | DEBUG | pollingConfigurationSource | com.netflix.config.AbstractPollingScheduler-line:160 | Polling started
2021-08-15 19:34:33.734 | DEBUG | pollingConfigurationSource | com.netflix.config.AbstractPollingScheduler-line:160 | Polling started
2021-08-15 19:35:33.737 | DEBUG | pollingConfigurationSource | com.netflix.config.AbstractPollingScheduler-line:160 | Polling started
2021-08-15 19:36:33.738 | DEBUG | pollingConfigurationSource | com.netflix.config.AbstractPollingScheduler-line:160 | Polling started
2021-08-15 19:37:33.740 | DEBUG | pollingConfigurationSource | com.netflix.config.AbstractPollingScheduler-line:160 | Polling started
2021-08-15 19:38:33.741 | DEBUG | pollingConfigurationSource | com.netflix.config.AbstractPollingScheduler-line:160 | Polling started
2021-08-15 19:39:33.743 | DEBUG | pollingConfigurationSource | com.netflix.config.AbstractPollingScheduler-line:160 | Polling started
2021-08-15 19:40:33.744 | DEBUG | pollingConfigurationSource | com.netflix.config.AbstractPollingScheduler-line:160 | Polling started
