2020-12-21 17:27:51.361 | INFO  | background-preinit | org.hibernate.validator.internal.util.Version-line:21 | HV000001: Hibernate Validator 6.1.5.Final
2020-12-21 17:27:51.389 | INFO  | main | com.CloudBranchApplication-line:55 | Starting CloudBranchApplication on PC-FRANK with PID 15616 (D:\IDEA\workspace_idea\dadal-cloud-branch\target\classes started by Administrator in D:\IDEA\workspace_idea\dadal-cloud-branch)
2020-12-21 17:27:51.405 | INFO  | main | com.CloudBranchApplication-line:655 | The following profiles are active: dev
2020-12-21 17:27:56.231 | INFO  | main | org.springframework.data.repository.config.RepositoryConfigurationDelegate-line:249 | Multiple Spring Data modules found, entering strict repository configuration mode!
2020-12-21 17:27:56.234 | INFO  | main | org.springframework.data.repository.config.RepositoryConfigurationDelegate-line:127 | Bootstrapping Spring Data Redis repositories in DEFAULT mode.
2020-12-21 17:27:57.668 | INFO  | main | org.springframework.data.repository.config.RepositoryConfigurationDelegate-line:187 | Finished Spring Data repository scanning in 1416ms. Found 0 Redis repository interfaces.
2020-12-21 17:27:59.306 | INFO  | main | org.springframework.boot.web.embedded.tomcat.TomcatWebServer-line:108 | Tomcat initialized with port(s): 8090 (http)
2020-12-21 17:27:59.319 | INFO  | main | org.apache.coyote.http11.Http11NioProtocol-line:173 | Initializing ProtocolHandler ["http-nio-8090"]
2020-12-21 17:27:59.319 | INFO  | main | org.apache.catalina.core.StandardService-line:173 | Starting service [Tomcat]
2020-12-21 17:27:59.319 | INFO  | main | org.apache.catalina.core.StandardEngine-line:173 | Starting Servlet engine: [Apache Tomcat/9.0.38]
2020-12-21 17:27:59.446 | INFO  | main | org.apache.catalina.core.ContainerBase.[Tomcat].[localhost].[/]-line:173 | Initializing Spring embedded WebApplicationContext
2020-12-21 17:27:59.446 | INFO  | main | org.springframework.boot.web.servlet.context.ServletWebServerApplicationContext-line:285 | Root WebApplicationContext: initialization completed in 7906 ms
2020-12-21 17:27:59.935 | INFO  | main | com.alibaba.druid.spring.boot.autoconfigure.DruidDataSourceAutoConfigure-line:56 | Init DruidDataSource
2020-12-21 17:28:00.015 | INFO  | main | com.alibaba.druid.pool.DruidDataSource-line:1002 | {dataSource-1} inited
2020-12-21 17:28:00.692 | INFO  | main | org.springframework.boot.autoconfigure.web.servlet.WelcomePageHandlerMapping-line:54 | Adding welcome page: class path resource [static/index.html]
2020-12-21 17:28:00.959 | INFO  | main | org.apache.coyote.http11.Http11NioProtocol-line:173 | Starting ProtocolHandler ["http-nio-8090"]
2020-12-21 17:28:00.987 | INFO  | main | org.springframework.boot.web.embedded.tomcat.TomcatWebServer-line:220 | Tomcat started on port(s): 8090 (http) with context path ''
2020-12-21 17:28:01.000 | INFO  | main | com.CloudBranchApplication-line:61 | Started CloudBranchApplication in 10.509 seconds (JVM running for 12.26)
2020-12-21 17:30:43.018 | INFO  | http-nio-8090-exec-2 | org.apache.catalina.core.ContainerBase.[Tomcat].[localhost].[/]-line:173 | Initializing Spring DispatcherServlet 'dispatcherServlet'
2020-12-21 17:30:43.019 | INFO  | http-nio-8090-exec-2 | org.springframework.web.servlet.DispatcherServlet-line:525 | Initializing Servlet 'dispatcherServlet'
2020-12-21 17:30:43.029 | INFO  | http-nio-8090-exec-2 | org.springframework.web.servlet.DispatcherServlet-line:547 | Completed initialization in 10 ms
2020-12-21 17:30:43.836 | INFO  | http-nio-8090-exec-2 | com.core.exception.GlobalExceptionHandler-line:46 | nested exception is org.apache.ibatis.reflection.ReflectionException: There is no getter for property named 'USER_NAME' in 'class com.modules.sys.syslog.model.entity.SysLog'
org.mybatis.spring.MyBatisSystemException: nested exception is org.apache.ibatis.reflection.ReflectionException: There is no getter for property named 'USER_NAME' in 'class com.modules.sys.syslog.model.entity.SysLog'
	at org.mybatis.spring.MyBatisExceptionTranslator.translateExceptionIfPossible(MyBatisExceptionTranslator.java:92)
	at org.mybatis.spring.SqlSessionTemplate$SqlSessionInterceptor.invoke(SqlSessionTemplate.java:440)
	at com.sun.proxy.$Proxy103.insert(Unknown Source)
	at org.mybatis.spring.SqlSessionTemplate.insert(SqlSessionTemplate.java:271)
	at org.apache.ibatis.binding.MapperMethod.execute(MapperMethod.java:62)
	at org.apache.ibatis.binding.MapperProxy$PlainMethodInvoker.invoke(MapperProxy.java:152)
	at org.apache.ibatis.binding.MapperProxy.invoke(MapperProxy.java:85)
	at com.sun.proxy.$Proxy109.save(Unknown Source)
	at com.modules.sys.syslog.service.impl.SysLogServiceImpl.save(SysLogServiceImpl.java:22)
	at com.modules.sys.syslog.controller.SysLogComponent.around(SysLogComponent.java:97)
	at java.base/jdk.internal.reflect.NativeMethodAccessorImpl.invoke0(Native Method)
	at java.base/jdk.internal.reflect.NativeMethodAccessorImpl.invoke(NativeMethodAccessorImpl.java:62)
	at java.base/jdk.internal.reflect.DelegatingMethodAccessorImpl.invoke(DelegatingMethodAccessorImpl.java:43)
	at java.base/java.lang.reflect.Method.invoke(Method.java:566)
	at org.springframework.aop.aspectj.AbstractAspectJAdvice.invokeAdviceMethodWithGivenArgs(AbstractAspectJAdvice.java:644)
	at org.springframework.aop.aspectj.AbstractAspectJAdvice.invokeAdviceMethod(AbstractAspectJAdvice.java:633)
	at org.springframework.aop.aspectj.AspectJAroundAdvice.invoke(AspectJAroundAdvice.java:70)
	at org.springframework.aop.framework.ReflectiveMethodInvocation.proceed(ReflectiveMethodInvocation.java:175)
	at org.springframework.aop.framework.CglibAopProxy$CglibMethodInvocation.proceed(CglibAopProxy.java:749)
	at org.springframework.aop.interceptor.ExposeInvocationInterceptor.invoke(ExposeInvocationInterceptor.java:95)
	at org.springframework.aop.framework.ReflectiveMethodInvocation.proceed(ReflectiveMethodInvocation.java:186)
	at org.springframework.aop.framework.CglibAopProxy$CglibMethodInvocation.proceed(CglibAopProxy.java:749)
	at org.springframework.aop.framework.CglibAopProxy$DynamicAdvisedInterceptor.intercept(CglibAopProxy.java:691)
	at com.modules.base.controller.DemoController$$EnhancerBySpringCGLIB$$e34bd0c9.findPage(<generated>)
	at java.base/jdk.internal.reflect.NativeMethodAccessorImpl.invoke0(Native Method)
	at java.base/jdk.internal.reflect.NativeMethodAccessorImpl.invoke(NativeMethodAccessorImpl.java:62)
	at java.base/jdk.internal.reflect.DelegatingMethodAccessorImpl.invoke(DelegatingMethodAccessorImpl.java:43)
	at java.base/java.lang.reflect.Method.invoke(Method.java:566)
	at org.springframework.web.method.support.InvocableHandlerMethod.doInvoke(InvocableHandlerMethod.java:190)
	at org.springframework.web.method.support.InvocableHandlerMethod.invokeForRequest(InvocableHandlerMethod.java:138)
	at org.springframework.web.servlet.mvc.method.annotation.ServletInvocableHandlerMethod.invokeAndHandle(ServletInvocableHandlerMethod.java:105)
	at org.springframework.web.servlet.mvc.method.annotation.RequestMappingHandlerAdapter.invokeHandlerMethod(RequestMappingHandlerAdapter.java:878)
	at org.springframework.web.servlet.mvc.method.annotation.RequestMappingHandlerAdapter.handleInternal(RequestMappingHandlerAdapter.java:792)
	at org.springframework.web.servlet.mvc.method.AbstractHandlerMethodAdapter.handle(AbstractHandlerMethodAdapter.java:87)
	at org.springframework.web.servlet.DispatcherServlet.doDispatch(DispatcherServlet.java:1040)
	at org.springframework.web.servlet.DispatcherServlet.doService(DispatcherServlet.java:943)
	at org.springframework.web.servlet.FrameworkServlet.processRequest(FrameworkServlet.java:1006)
	at org.springframework.web.servlet.FrameworkServlet.doPost(FrameworkServlet.java:909)
	at javax.servlet.http.HttpServlet.service(HttpServlet.java:652)
	at org.springframework.web.servlet.FrameworkServlet.service(FrameworkServlet.java:883)
	at javax.servlet.http.HttpServlet.service(HttpServlet.java:733)
	at org.apache.catalina.core.ApplicationFilterChain.internalDoFilter(ApplicationFilterChain.java:231)
	at org.apache.catalina.core.ApplicationFilterChain.doFilter(ApplicationFilterChain.java:166)
	at org.apache.tomcat.websocket.server.WsFilter.doFilter(WsFilter.java:53)
	at org.apache.catalina.core.ApplicationFilterChain.internalDoFilter(ApplicationFilterChain.java:193)
	at org.apache.catalina.core.ApplicationFilterChain.doFilter(ApplicationFilterChain.java:166)
	at org.springframework.web.filter.RequestContextFilter.doFilterInternal(RequestContextFilter.java:100)
	at org.springframework.web.filter.OncePerRequestFilter.doFilter(OncePerRequestFilter.java:119)
	at org.apache.catalina.core.ApplicationFilterChain.internalDoFilter(ApplicationFilterChain.java:193)
	at org.apache.catalina.core.ApplicationFilterChain.doFilter(ApplicationFilterChain.java:166)
	at org.springframework.web.filter.FormContentFilter.doFilterInternal(FormContentFilter.java:93)
	at org.springframework.web.filter.OncePerRequestFilter.doFilter(OncePerRequestFilter.java:119)
	at org.apache.catalina.core.ApplicationFilterChain.internalDoFilter(ApplicationFilterChain.java:193)
	at org.apache.catalina.core.ApplicationFilterChain.doFilter(ApplicationFilterChain.java:166)
	at org.springframework.web.filter.CharacterEncodingFilter.doFilterInternal(CharacterEncodingFilter.java:201)
	at org.springframework.web.filter.OncePerRequestFilter.doFilter(OncePerRequestFilter.java:119)
	at org.apache.catalina.core.ApplicationFilterChain.internalDoFilter(ApplicationFilterChain.java:193)
	at org.apache.catalina.core.ApplicationFilterChain.doFilter(ApplicationFilterChain.java:166)
	at org.apache.catalina.core.StandardWrapperValve.invoke(StandardWrapperValve.java:202)
	at org.apache.catalina.core.StandardContextValve.invoke(StandardContextValve.java:97)
	at org.apache.catalina.authenticator.AuthenticatorBase.invoke(AuthenticatorBase.java:541)
	at org.apache.catalina.core.StandardHostValve.invoke(StandardHostValve.java:143)
	at org.apache.catalina.valves.ErrorReportValve.invoke(ErrorReportValve.java:92)
	at org.apache.catalina.core.StandardEngineValve.invoke(StandardEngineValve.java:78)
	at org.apache.catalina.connector.CoyoteAdapter.service(CoyoteAdapter.java:343)
	at org.apache.coyote.http11.Http11Processor.service(Http11Processor.java:374)
	at org.apache.coyote.AbstractProcessorLight.process(AbstractProcessorLight.java:65)
	at org.apache.coyote.AbstractProtocol$ConnectionHandler.process(AbstractProtocol.java:868)
	at org.apache.tomcat.util.net.NioEndpoint$SocketProcessor.doRun(NioEndpoint.java:1590)
	at org.apache.tomcat.util.net.SocketProcessorBase.run(SocketProcessorBase.java:49)
	at java.base/java.util.concurrent.ThreadPoolExecutor.runWorker(ThreadPoolExecutor.java:1128)
	at java.base/java.util.concurrent.ThreadPoolExecutor$Worker.run(ThreadPoolExecutor.java:628)
	at org.apache.tomcat.util.threads.TaskThread$WrappingRunnable.run(TaskThread.java:61)
	at java.base/java.lang.Thread.run(Thread.java:834)
Caused by: org.apache.ibatis.reflection.ReflectionException: There is no getter for property named 'USER_NAME' in 'class com.modules.sys.syslog.model.entity.SysLog'
	at org.apache.ibatis.reflection.Reflector.getGetInvoker(Reflector.java:374)
	at org.apache.ibatis.reflection.MetaClass.getGetInvoker(MetaClass.java:164)
	at org.apache.ibatis.reflection.wrapper.BeanWrapper.getBeanProperty(BeanWrapper.java:162)
	at org.apache.ibatis.reflection.wrapper.BeanWrapper.get(BeanWrapper.java:49)
	at org.apache.ibatis.reflection.MetaObject.getValue(MetaObject.java:122)
	at org.apache.ibatis.reflection.MetaObject.getValue(MetaObject.java:119)
	at org.apache.ibatis.scripting.defaults.DefaultParameterHandler.setParameters(DefaultParameterHandler.java:79)
	at org.apache.ibatis.executor.statement.PreparedStatementHandler.parameterize(PreparedStatementHandler.java:94)
	at org.apache.ibatis.executor.statement.RoutingStatementHandler.parameterize(RoutingStatementHandler.java:64)
	at org.apache.ibatis.executor.SimpleExecutor.prepareStatement(SimpleExecutor.java:88)
	at org.apache.ibatis.executor.SimpleExecutor.doUpdate(SimpleExecutor.java:49)
	at org.apache.ibatis.executor.BaseExecutor.update(BaseExecutor.java:117)
	at org.apache.ibatis.executor.CachingExecutor.update(CachingExecutor.java:76)
	at org.apache.ibatis.session.defaults.DefaultSqlSession.update(DefaultSqlSession.java:197)
	at org.apache.ibatis.session.defaults.DefaultSqlSession.insert(DefaultSqlSession.java:184)
	at java.base/jdk.internal.reflect.NativeMethodAccessorImpl.invoke0(Native Method)
	at java.base/jdk.internal.reflect.NativeMethodAccessorImpl.invoke(NativeMethodAccessorImpl.java:62)
	at java.base/jdk.internal.reflect.DelegatingMethodAccessorImpl.invoke(DelegatingMethodAccessorImpl.java:43)
	at java.base/java.lang.reflect.Method.invoke(Method.java:566)
	at org.mybatis.spring.SqlSessionTemplate$SqlSessionInterceptor.invoke(SqlSessionTemplate.java:426)
	... 72 common frames omitted
2020-12-21 17:34:42.229 | INFO  | SpringContextShutdownHook | com.alibaba.druid.pool.DruidDataSource-line:1885 | {dataSource-1} closing ...
2020-12-21 17:34:42.235 | INFO  | SpringContextShutdownHook | com.alibaba.druid.pool.DruidDataSource-line:1955 | {dataSource-1} closed
2020-12-21 17:34:51.133 | INFO  | main | com.CloudBranchApplication-line:55 | Starting CloudBranchApplication on PC-FRANK with PID 16880 (D:\IDEA\workspace_idea\dadal-cloud-branch\target\classes started by Administrator in D:\IDEA\workspace_idea\dadal-cloud-branch)
2020-12-21 17:34:51.137 | INFO  | main | com.CloudBranchApplication-line:655 | The following profiles are active: dev
2020-12-21 17:34:51.147 | INFO  | background-preinit | org.hibernate.validator.internal.util.Version-line:21 | HV000001: Hibernate Validator 6.1.5.Final
2020-12-21 17:34:54.519 | INFO  | main | org.springframework.data.repository.config.RepositoryConfigurationDelegate-line:249 | Multiple Spring Data modules found, entering strict repository configuration mode!
2020-12-21 17:34:54.521 | INFO  | main | org.springframework.data.repository.config.RepositoryConfigurationDelegate-line:127 | Bootstrapping Spring Data Redis repositories in DEFAULT mode.
2020-12-21 17:34:55.779 | INFO  | main | org.springframework.data.repository.config.RepositoryConfigurationDelegate-line:187 | Finished Spring Data repository scanning in 1244ms. Found 0 Redis repository interfaces.
2020-12-21 17:34:57.250 | INFO  | main | org.springframework.boot.web.embedded.tomcat.TomcatWebServer-line:108 | Tomcat initialized with port(s): 8090 (http)
2020-12-21 17:34:57.259 | INFO  | main | org.apache.coyote.http11.Http11NioProtocol-line:173 | Initializing ProtocolHandler ["http-nio-8090"]
2020-12-21 17:34:57.259 | INFO  | main | org.apache.catalina.core.StandardService-line:173 | Starting service [Tomcat]
2020-12-21 17:34:57.260 | INFO  | main | org.apache.catalina.core.StandardEngine-line:173 | Starting Servlet engine: [Apache Tomcat/9.0.38]
2020-12-21 17:34:57.371 | INFO  | main | org.apache.catalina.core.ContainerBase.[Tomcat].[localhost].[/]-line:173 | Initializing Spring embedded WebApplicationContext
2020-12-21 17:34:57.371 | INFO  | main | org.springframework.boot.web.servlet.context.ServletWebServerApplicationContext-line:285 | Root WebApplicationContext: initialization completed in 6157 ms
2020-12-21 17:34:57.798 | INFO  | main | com.alibaba.druid.spring.boot.autoconfigure.DruidDataSourceAutoConfigure-line:56 | Init DruidDataSource
2020-12-21 17:34:57.882 | INFO  | main | com.alibaba.druid.pool.DruidDataSource-line:1002 | {dataSource-1} inited
2020-12-21 17:34:58.545 | INFO  | main | org.springframework.boot.autoconfigure.web.servlet.WelcomePageHandlerMapping-line:54 | Adding welcome page: class path resource [static/index.html]
2020-12-21 17:34:58.823 | INFO  | main | org.apache.coyote.http11.Http11NioProtocol-line:173 | Starting ProtocolHandler ["http-nio-8090"]
2020-12-21 17:34:58.855 | INFO  | main | org.springframework.boot.web.embedded.tomcat.TomcatWebServer-line:220 | Tomcat started on port(s): 8090 (http) with context path ''
2020-12-21 17:34:58.872 | INFO  | main | com.CloudBranchApplication-line:61 | Started CloudBranchApplication in 8.551 seconds (JVM running for 10.183)
2020-12-21 17:36:44.703 | INFO  | http-nio-8090-exec-3 | org.apache.catalina.core.ContainerBase.[Tomcat].[localhost].[/]-line:173 | Initializing Spring DispatcherServlet 'dispatcherServlet'
2020-12-21 17:36:44.704 | INFO  | http-nio-8090-exec-3 | org.springframework.web.servlet.DispatcherServlet-line:525 | Initializing Servlet 'dispatcherServlet'
2020-12-21 17:36:44.713 | INFO  | http-nio-8090-exec-3 | org.springframework.web.servlet.DispatcherServlet-line:547 | Completed initialization in 9 ms
2020-12-21 17:36:45.555 | INFO  | http-nio-8090-exec-3 | com.core.exception.GlobalExceptionHandler-line:46 | nested exception is org.apache.ibatis.executor.ExecutorException: Error getting generated key or setting result to parameter object. Cause: org.apache.ibatis.executor.ExecutorException: No setter found for the keyProperty 'id' in 'com.modules.sys.syslog.model.entity.SysLog'.
org.mybatis.spring.MyBatisSystemException: nested exception is org.apache.ibatis.executor.ExecutorException: Error getting generated key or setting result to parameter object. Cause: org.apache.ibatis.executor.ExecutorException: No setter found for the keyProperty 'id' in 'com.modules.sys.syslog.model.entity.SysLog'.
	at org.mybatis.spring.MyBatisExceptionTranslator.translateExceptionIfPossible(MyBatisExceptionTranslator.java:92)
	at org.mybatis.spring.SqlSessionTemplate$SqlSessionInterceptor.invoke(SqlSessionTemplate.java:440)
	at com.sun.proxy.$Proxy103.insert(Unknown Source)
	at org.mybatis.spring.SqlSessionTemplate.insert(SqlSessionTemplate.java:271)
	at org.apache.ibatis.binding.MapperMethod.execute(MapperMethod.java:62)
	at org.apache.ibatis.binding.MapperProxy$PlainMethodInvoker.invoke(MapperProxy.java:152)
	at org.apache.ibatis.binding.MapperProxy.invoke(MapperProxy.java:85)
	at com.sun.proxy.$Proxy109.save(Unknown Source)
	at com.modules.sys.syslog.service.impl.SysLogServiceImpl.save(SysLogServiceImpl.java:22)
	at com.modules.sys.syslog.controller.SysLogComponent.around(SysLogComponent.java:97)
	at java.base/jdk.internal.reflect.NativeMethodAccessorImpl.invoke0(Native Method)
	at java.base/jdk.internal.reflect.NativeMethodAccessorImpl.invoke(NativeMethodAccessorImpl.java:62)
	at java.base/jdk.internal.reflect.DelegatingMethodAccessorImpl.invoke(DelegatingMethodAccessorImpl.java:43)
	at java.base/java.lang.reflect.Method.invoke(Method.java:566)
	at org.springframework.aop.aspectj.AbstractAspectJAdvice.invokeAdviceMethodWithGivenArgs(AbstractAspectJAdvice.java:644)
	at org.springframework.aop.aspectj.AbstractAspectJAdvice.invokeAdviceMethod(AbstractAspectJAdvice.java:633)
	at org.springframework.aop.aspectj.AspectJAroundAdvice.invoke(AspectJAroundAdvice.java:70)
	at org.springframework.aop.framework.ReflectiveMethodInvocation.proceed(ReflectiveMethodInvocation.java:175)
	at org.springframework.aop.framework.CglibAopProxy$CglibMethodInvocation.proceed(CglibAopProxy.java:749)
	at org.springframework.aop.interceptor.ExposeInvocationInterceptor.invoke(ExposeInvocationInterceptor.java:95)
	at org.springframework.aop.framework.ReflectiveMethodInvocation.proceed(ReflectiveMethodInvocation.java:186)
	at org.springframework.aop.framework.CglibAopProxy$CglibMethodInvocation.proceed(CglibAopProxy.java:749)
	at org.springframework.aop.framework.CglibAopProxy$DynamicAdvisedInterceptor.intercept(CglibAopProxy.java:691)
	at com.modules.base.controller.DemoController$$EnhancerBySpringCGLIB$$2ea5cc9b.findPage(<generated>)
	at java.base/jdk.internal.reflect.NativeMethodAccessorImpl.invoke0(Native Method)
	at java.base/jdk.internal.reflect.NativeMethodAccessorImpl.invoke(NativeMethodAccessorImpl.java:62)
	at java.base/jdk.internal.reflect.DelegatingMethodAccessorImpl.invoke(DelegatingMethodAccessorImpl.java:43)
	at java.base/java.lang.reflect.Method.invoke(Method.java:566)
	at org.springframework.web.method.support.InvocableHandlerMethod.doInvoke(InvocableHandlerMethod.java:190)
	at org.springframework.web.method.support.InvocableHandlerMethod.invokeForRequest(InvocableHandlerMethod.java:138)
	at org.springframework.web.servlet.mvc.method.annotation.ServletInvocableHandlerMethod.invokeAndHandle(ServletInvocableHandlerMethod.java:105)
	at org.springframework.web.servlet.mvc.method.annotation.RequestMappingHandlerAdapter.invokeHandlerMethod(RequestMappingHandlerAdapter.java:878)
	at org.springframework.web.servlet.mvc.method.annotation.RequestMappingHandlerAdapter.handleInternal(RequestMappingHandlerAdapter.java:792)
	at org.springframework.web.servlet.mvc.method.AbstractHandlerMethodAdapter.handle(AbstractHandlerMethodAdapter.java:87)
	at org.springframework.web.servlet.DispatcherServlet.doDispatch(DispatcherServlet.java:1040)
	at org.springframework.web.servlet.DispatcherServlet.doService(DispatcherServlet.java:943)
	at org.springframework.web.servlet.FrameworkServlet.processRequest(FrameworkServlet.java:1006)
	at org.springframework.web.servlet.FrameworkServlet.doPost(FrameworkServlet.java:909)
	at javax.servlet.http.HttpServlet.service(HttpServlet.java:652)
	at org.springframework.web.servlet.FrameworkServlet.service(FrameworkServlet.java:883)
	at javax.servlet.http.HttpServlet.service(HttpServlet.java:733)
	at org.apache.catalina.core.ApplicationFilterChain.internalDoFilter(ApplicationFilterChain.java:231)
	at org.apache.catalina.core.ApplicationFilterChain.doFilter(ApplicationFilterChain.java:166)
	at org.apache.tomcat.websocket.server.WsFilter.doFilter(WsFilter.java:53)
	at org.apache.catalina.core.ApplicationFilterChain.internalDoFilter(ApplicationFilterChain.java:193)
	at org.apache.catalina.core.ApplicationFilterChain.doFilter(ApplicationFilterChain.java:166)
	at org.springframework.web.filter.RequestContextFilter.doFilterInternal(RequestContextFilter.java:100)
	at org.springframework.web.filter.OncePerRequestFilter.doFilter(OncePerRequestFilter.java:119)
	at org.apache.catalina.core.ApplicationFilterChain.internalDoFilter(ApplicationFilterChain.java:193)
	at org.apache.catalina.core.ApplicationFilterChain.doFilter(ApplicationFilterChain.java:166)
	at org.springframework.web.filter.FormContentFilter.doFilterInternal(FormContentFilter.java:93)
	at org.springframework.web.filter.OncePerRequestFilter.doFilter(OncePerRequestFilter.java:119)
	at org.apache.catalina.core.ApplicationFilterChain.internalDoFilter(ApplicationFilterChain.java:193)
	at org.apache.catalina.core.ApplicationFilterChain.doFilter(ApplicationFilterChain.java:166)
	at org.springframework.web.filter.CharacterEncodingFilter.doFilterInternal(CharacterEncodingFilter.java:201)
	at org.springframework.web.filter.OncePerRequestFilter.doFilter(OncePerRequestFilter.java:119)
	at org.apache.catalina.core.ApplicationFilterChain.internalDoFilter(ApplicationFilterChain.java:193)
	at org.apache.catalina.core.ApplicationFilterChain.doFilter(ApplicationFilterChain.java:166)
	at org.apache.catalina.core.StandardWrapperValve.invoke(StandardWrapperValve.java:202)
	at org.apache.catalina.core.StandardContextValve.invoke(StandardContextValve.java:97)
	at org.apache.catalina.authenticator.AuthenticatorBase.invoke(AuthenticatorBase.java:541)
	at org.apache.catalina.core.StandardHostValve.invoke(StandardHostValve.java:143)
	at org.apache.catalina.valves.ErrorReportValve.invoke(ErrorReportValve.java:92)
	at org.apache.catalina.core.StandardEngineValve.invoke(StandardEngineValve.java:78)
	at org.apache.catalina.connector.CoyoteAdapter.service(CoyoteAdapter.java:343)
	at org.apache.coyote.http11.Http11Processor.service(Http11Processor.java:374)
	at org.apache.coyote.AbstractProcessorLight.process(AbstractProcessorLight.java:65)
	at org.apache.coyote.AbstractProtocol$ConnectionHandler.process(AbstractProtocol.java:868)
	at org.apache.tomcat.util.net.NioEndpoint$SocketProcessor.doRun(NioEndpoint.java:1590)
	at org.apache.tomcat.util.net.SocketProcessorBase.run(SocketProcessorBase.java:49)
	at java.base/java.util.concurrent.ThreadPoolExecutor.runWorker(ThreadPoolExecutor.java:1128)
	at java.base/java.util.concurrent.ThreadPoolExecutor$Worker.run(ThreadPoolExecutor.java:628)
	at org.apache.tomcat.util.threads.TaskThread$WrappingRunnable.run(TaskThread.java:61)
	at java.base/java.lang.Thread.run(Thread.java:834)
Caused by: org.apache.ibatis.executor.ExecutorException: Error getting generated key or setting result to parameter object. Cause: org.apache.ibatis.executor.ExecutorException: No setter found for the keyProperty 'id' in 'com.modules.sys.syslog.model.entity.SysLog'.
	at org.apache.ibatis.executor.keygen.Jdbc3KeyGenerator.processBatch(Jdbc3KeyGenerator.java:88)
	at org.apache.ibatis.executor.keygen.Jdbc3KeyGenerator.processAfter(Jdbc3KeyGenerator.java:71)
	at org.apache.ibatis.executor.statement.PreparedStatementHandler.update(PreparedStatementHandler.java:51)
	at org.apache.ibatis.executor.statement.RoutingStatementHandler.update(RoutingStatementHandler.java:74)
	at org.apache.ibatis.executor.SimpleExecutor.doUpdate(SimpleExecutor.java:50)
	at org.apache.ibatis.executor.BaseExecutor.update(BaseExecutor.java:117)
	at org.apache.ibatis.executor.CachingExecutor.update(CachingExecutor.java:76)
	at org.apache.ibatis.session.defaults.DefaultSqlSession.update(DefaultSqlSession.java:197)
	at org.apache.ibatis.session.defaults.DefaultSqlSession.insert(DefaultSqlSession.java:184)
	at java.base/jdk.internal.reflect.NativeMethodAccessorImpl.invoke0(Native Method)
	at java.base/jdk.internal.reflect.NativeMethodAccessorImpl.invoke(NativeMethodAccessorImpl.java:62)
	at java.base/jdk.internal.reflect.DelegatingMethodAccessorImpl.invoke(DelegatingMethodAccessorImpl.java:43)
	at java.base/java.lang.reflect.Method.invoke(Method.java:566)
	at org.mybatis.spring.SqlSessionTemplate$SqlSessionInterceptor.invoke(SqlSessionTemplate.java:426)
	... 72 common frames omitted
Caused by: org.apache.ibatis.executor.ExecutorException: No setter found for the keyProperty 'id' in 'com.modules.sys.syslog.model.entity.SysLog'.
	at org.apache.ibatis.executor.keygen.Jdbc3KeyGenerator$KeyAssigner.assign(Jdbc3KeyGenerator.java:269)
	at org.apache.ibatis.executor.keygen.Jdbc3KeyGenerator.lambda$assignKeysToParamMap$3(Jdbc3KeyGenerator.java:170)
	at java.base/java.util.ArrayList.forEach(ArrayList.java:1540)
	at org.apache.ibatis.executor.keygen.Jdbc3KeyGenerator.assignKeysToParamMap(Jdbc3KeyGenerator.java:170)
	at org.apache.ibatis.executor.keygen.Jdbc3KeyGenerator.assignKeys(Jdbc3KeyGenerator.java:97)
	at org.apache.ibatis.executor.keygen.Jdbc3KeyGenerator.processBatch(Jdbc3KeyGenerator.java:85)
	... 85 common frames omitted
2020-12-21 17:38:32.338 | INFO  | background-preinit | org.hibernate.validator.internal.util.Version-line:21 | HV000001: Hibernate Validator 6.1.5.Final
2020-12-21 17:38:32.353 | INFO  | main | com.CloudBranchApplication-line:55 | Starting CloudBranchApplication on PC-FRANK with PID 19824 (D:\IDEA\workspace_idea\dadal-cloud-branch\target\classes started by Administrator in D:\IDEA\workspace_idea\dadal-cloud-branch)
2020-12-21 17:38:32.356 | INFO  | main | com.CloudBranchApplication-line:655 | The following profiles are active: dev
2020-12-21 17:38:34.801 | INFO  | main | org.springframework.data.repository.config.RepositoryConfigurationDelegate-line:249 | Multiple Spring Data modules found, entering strict repository configuration mode!
2020-12-21 17:38:34.802 | INFO  | main | org.springframework.data.repository.config.RepositoryConfigurationDelegate-line:127 | Bootstrapping Spring Data Redis repositories in DEFAULT mode.
2020-12-21 17:38:36.092 | INFO  | main | org.springframework.data.repository.config.RepositoryConfigurationDelegate-line:187 | Finished Spring Data repository scanning in 1273ms. Found 0 Redis repository interfaces.
2020-12-21 17:38:37.548 | INFO  | main | org.springframework.boot.web.embedded.tomcat.TomcatWebServer-line:108 | Tomcat initialized with port(s): 8090 (http)
2020-12-21 17:38:37.558 | INFO  | main | org.apache.coyote.http11.Http11NioProtocol-line:173 | Initializing ProtocolHandler ["http-nio-8090"]
2020-12-21 17:38:37.559 | INFO  | main | org.apache.catalina.core.StandardService-line:173 | Starting service [Tomcat]
2020-12-21 17:38:37.560 | INFO  | main | org.apache.catalina.core.StandardEngine-line:173 | Starting Servlet engine: [Apache Tomcat/9.0.38]
2020-12-21 17:38:37.676 | INFO  | main | org.apache.catalina.core.ContainerBase.[Tomcat].[localhost].[/]-line:173 | Initializing Spring embedded WebApplicationContext
2020-12-21 17:38:37.676 | INFO  | main | org.springframework.boot.web.servlet.context.ServletWebServerApplicationContext-line:285 | Root WebApplicationContext: initialization completed in 5255 ms
2020-12-21 17:38:38.086 | INFO  | main | com.alibaba.druid.spring.boot.autoconfigure.DruidDataSourceAutoConfigure-line:56 | Init DruidDataSource
2020-12-21 17:38:38.166 | INFO  | main | com.alibaba.druid.pool.DruidDataSource-line:1002 | {dataSource-1} inited
2020-12-21 17:38:38.820 | INFO  | main | org.springframework.boot.autoconfigure.web.servlet.WelcomePageHandlerMapping-line:54 | Adding welcome page: class path resource [static/index.html]
2020-12-21 17:38:39.092 | INFO  | main | org.apache.coyote.http11.Http11NioProtocol-line:173 | Starting ProtocolHandler ["http-nio-8090"]
2020-12-21 17:38:39.160 | INFO  | main | org.springframework.boot.web.embedded.tomcat.TomcatWebServer-line:220 | Tomcat started on port(s): 8090 (http) with context path ''
2020-12-21 17:38:39.176 | INFO  | main | com.CloudBranchApplication-line:61 | Started CloudBranchApplication in 8.274 seconds (JVM running for 10.001)
2020-12-21 17:39:49.278 | INFO  | http-nio-8090-exec-2 | org.apache.catalina.core.ContainerBase.[Tomcat].[localhost].[/]-line:173 | Initializing Spring DispatcherServlet 'dispatcherServlet'
2020-12-21 17:39:49.278 | INFO  | http-nio-8090-exec-2 | org.springframework.web.servlet.DispatcherServlet-line:525 | Initializing Servlet 'dispatcherServlet'
2020-12-21 17:39:49.288 | INFO  | http-nio-8090-exec-2 | org.springframework.web.servlet.DispatcherServlet-line:547 | Completed initialization in 9 ms
2020-12-21 17:42:15.864 | INFO  | http-nio-8090-exec-9 | com.modules.base.service.impl.DemoServiceImpl-line:38 | >>> Query from database..
2020-12-21 17:42:28.002 | INFO  | http-nio-8090-exec-10 | com.core.exception.GlobalExceptionHandler-line:46 | Unable to connect to Redis; nested exception is io.lettuce.core.RedisConnectionException: Unable to connect to 127.0.0.1:6379
org.springframework.data.redis.RedisConnectionFailureException: Unable to connect to Redis; nested exception is io.lettuce.core.RedisConnectionException: Unable to connect to 127.0.0.1:6379
	at org.springframework.data.redis.connection.lettuce.LettuceConnectionFactory$ExceptionTranslatingConnectionProvider.translateException(LettuceConnectionFactory.java:1534)
	at org.springframework.data.redis.connection.lettuce.LettuceConnectionFactory$ExceptionTranslatingConnectionProvider.getConnection(LettuceConnectionFactory.java:1442)
	at org.springframework.data.redis.connection.lettuce.LettuceConnectionFactory$SharedConnection.getNativeConnection(LettuceConnectionFactory.java:1228)
	at org.springframework.data.redis.connection.lettuce.LettuceConnectionFactory$SharedConnection.getConnection(LettuceConnectionFactory.java:1211)
	at org.springframework.data.redis.connection.lettuce.LettuceConnectionFactory.getSharedConnection(LettuceConnectionFactory.java:975)
	at org.springframework.data.redis.connection.lettuce.LettuceConnectionFactory.getConnection(LettuceConnectionFactory.java:360)
	at org.springframework.data.redis.core.RedisConnectionUtils.doGetConnection(RedisConnectionUtils.java:134)
	at org.springframework.data.redis.core.RedisConnectionUtils.getConnection(RedisConnectionUtils.java:97)
	at org.springframework.data.redis.core.RedisConnectionUtils.getConnection(RedisConnectionUtils.java:84)
	at org.springframework.data.redis.core.RedisTemplate.execute(RedisTemplate.java:215)
	at org.springframework.data.redis.core.RedisTemplate.execute(RedisTemplate.java:188)
	at org.springframework.data.redis.core.AbstractOperations.execute(AbstractOperations.java:96)
	at org.springframework.data.redis.core.DefaultValueOperations.get(DefaultValueOperations.java:53)
	at com.modules.base.controller.DemoController.findAll(DemoController.java:94)
	at com.modules.base.controller.DemoController$$FastClassBySpringCGLIB$$c01fc608.invoke(<generated>)
	at org.springframework.cglib.proxy.MethodProxy.invoke(MethodProxy.java:218)
	at org.springframework.aop.framework.CglibAopProxy$CglibMethodInvocation.invokeJoinpoint(CglibAopProxy.java:771)
	at org.springframework.aop.framework.ReflectiveMethodInvocation.proceed(ReflectiveMethodInvocation.java:163)
	at org.springframework.aop.framework.CglibAopProxy$CglibMethodInvocation.proceed(CglibAopProxy.java:749)
	at org.springframework.validation.beanvalidation.MethodValidationInterceptor.invoke(MethodValidationInterceptor.java:119)
	at org.springframework.aop.framework.ReflectiveMethodInvocation.proceed(ReflectiveMethodInvocation.java:186)
	at org.springframework.aop.framework.CglibAopProxy$CglibMethodInvocation.proceed(CglibAopProxy.java:749)
	at org.springframework.aop.interceptor.ExposeInvocationInterceptor.invoke(ExposeInvocationInterceptor.java:95)
	at org.springframework.aop.framework.ReflectiveMethodInvocation.proceed(ReflectiveMethodInvocation.java:186)
	at org.springframework.aop.framework.CglibAopProxy$CglibMethodInvocation.proceed(CglibAopProxy.java:749)
	at org.springframework.aop.framework.CglibAopProxy$DynamicAdvisedInterceptor.intercept(CglibAopProxy.java:691)
	at com.modules.base.controller.DemoController$$EnhancerBySpringCGLIB$$8fc2e603.findAll(<generated>)
	at java.base/jdk.internal.reflect.NativeMethodAccessorImpl.invoke0(Native Method)
	at java.base/jdk.internal.reflect.NativeMethodAccessorImpl.invoke(NativeMethodAccessorImpl.java:62)
	at java.base/jdk.internal.reflect.DelegatingMethodAccessorImpl.invoke(DelegatingMethodAccessorImpl.java:43)
	at java.base/java.lang.reflect.Method.invoke(Method.java:566)
	at org.springframework.web.method.support.InvocableHandlerMethod.doInvoke(InvocableHandlerMethod.java:190)
	at org.springframework.web.method.support.InvocableHandlerMethod.invokeForRequest(InvocableHandlerMethod.java:138)
	at org.springframework.web.servlet.mvc.method.annotation.ServletInvocableHandlerMethod.invokeAndHandle(ServletInvocableHandlerMethod.java:105)
	at org.springframework.web.servlet.mvc.method.annotation.RequestMappingHandlerAdapter.invokeHandlerMethod(RequestMappingHandlerAdapter.java:878)
	at org.springframework.web.servlet.mvc.method.annotation.RequestMappingHandlerAdapter.handleInternal(RequestMappingHandlerAdapter.java:792)
	at org.springframework.web.servlet.mvc.method.AbstractHandlerMethodAdapter.handle(AbstractHandlerMethodAdapter.java:87)
	at org.springframework.web.servlet.DispatcherServlet.doDispatch(DispatcherServlet.java:1040)
	at org.springframework.web.servlet.DispatcherServlet.doService(DispatcherServlet.java:943)
	at org.springframework.web.servlet.FrameworkServlet.processRequest(FrameworkServlet.java:1006)
	at org.springframework.web.servlet.FrameworkServlet.doGet(FrameworkServlet.java:898)
	at javax.servlet.http.HttpServlet.service(HttpServlet.java:626)
	at org.springframework.web.servlet.FrameworkServlet.service(FrameworkServlet.java:883)
	at javax.servlet.http.HttpServlet.service(HttpServlet.java:733)
	at org.apache.catalina.core.ApplicationFilterChain.internalDoFilter(ApplicationFilterChain.java:231)
	at org.apache.catalina.core.ApplicationFilterChain.doFilter(ApplicationFilterChain.java:166)
	at org.apache.tomcat.websocket.server.WsFilter.doFilter(WsFilter.java:53)
	at org.apache.catalina.core.ApplicationFilterChain.internalDoFilter(ApplicationFilterChain.java:193)
	at org.apache.catalina.core.ApplicationFilterChain.doFilter(ApplicationFilterChain.java:166)
	at org.springframework.web.filter.RequestContextFilter.doFilterInternal(RequestContextFilter.java:100)
	at org.springframework.web.filter.OncePerRequestFilter.doFilter(OncePerRequestFilter.java:119)
	at org.apache.catalina.core.ApplicationFilterChain.internalDoFilter(ApplicationFilterChain.java:193)
	at org.apache.catalina.core.ApplicationFilterChain.doFilter(ApplicationFilterChain.java:166)
	at org.springframework.web.filter.FormContentFilter.doFilterInternal(FormContentFilter.java:93)
	at org.springframework.web.filter.OncePerRequestFilter.doFilter(OncePerRequestFilter.java:119)
	at org.apache.catalina.core.ApplicationFilterChain.internalDoFilter(ApplicationFilterChain.java:193)
	at org.apache.catalina.core.ApplicationFilterChain.doFilter(ApplicationFilterChain.java:166)
	at org.springframework.web.filter.CharacterEncodingFilter.doFilterInternal(CharacterEncodingFilter.java:201)
	at org.springframework.web.filter.OncePerRequestFilter.doFilter(OncePerRequestFilter.java:119)
	at org.apache.catalina.core.ApplicationFilterChain.internalDoFilter(ApplicationFilterChain.java:193)
	at org.apache.catalina.core.ApplicationFilterChain.doFilter(ApplicationFilterChain.java:166)
	at org.apache.catalina.core.StandardWrapperValve.invoke(StandardWrapperValve.java:202)
	at org.apache.catalina.core.StandardContextValve.invoke(StandardContextValve.java:97)
	at org.apache.catalina.authenticator.AuthenticatorBase.invoke(AuthenticatorBase.java:541)
	at org.apache.catalina.core.StandardHostValve.invoke(StandardHostValve.java:143)
	at org.apache.catalina.valves.ErrorReportValve.invoke(ErrorReportValve.java:92)
	at org.apache.catalina.core.StandardEngineValve.invoke(StandardEngineValve.java:78)
	at org.apache.catalina.connector.CoyoteAdapter.service(CoyoteAdapter.java:343)
	at org.apache.coyote.http11.Http11Processor.service(Http11Processor.java:374)
	at org.apache.coyote.AbstractProcessorLight.process(AbstractProcessorLight.java:65)
	at org.apache.coyote.AbstractProtocol$ConnectionHandler.process(AbstractProtocol.java:868)
	at org.apache.tomcat.util.net.NioEndpoint$SocketProcessor.doRun(NioEndpoint.java:1590)
	at org.apache.tomcat.util.net.SocketProcessorBase.run(SocketProcessorBase.java:49)
	at java.base/java.util.concurrent.ThreadPoolExecutor.runWorker(ThreadPoolExecutor.java:1128)
	at java.base/java.util.concurrent.ThreadPoolExecutor$Worker.run(ThreadPoolExecutor.java:628)
	at org.apache.tomcat.util.threads.TaskThread$WrappingRunnable.run(TaskThread.java:61)
	at java.base/java.lang.Thread.run(Thread.java:834)
Caused by: io.lettuce.core.RedisConnectionException: Unable to connect to 127.0.0.1:6379
	at io.lettuce.core.RedisConnectionException.create(RedisConnectionException.java:78)
	at io.lettuce.core.RedisConnectionException.create(RedisConnectionException.java:56)
	at io.lettuce.core.AbstractRedisClient.getConnection(AbstractRedisClient.java:242)
	at io.lettuce.core.RedisClient.connect(RedisClient.java:206)
	at org.springframework.data.redis.connection.lettuce.StandaloneConnectionProvider.lambda$getConnection$1(StandaloneConnectionProvider.java:115)
	at java.base/java.util.Optional.orElseGet(Optional.java:369)
	at org.springframework.data.redis.connection.lettuce.StandaloneConnectionProvider.getConnection(StandaloneConnectionProvider.java:115)
	at org.springframework.data.redis.connection.lettuce.LettuceConnectionFactory$ExceptionTranslatingConnectionProvider.getConnection(LettuceConnectionFactory.java:1440)
	... 75 common frames omitted
Caused by: io.netty.channel.AbstractChannel$AnnotatedConnectException: Connection refused: no further information: /127.0.0.1:6379
Caused by: java.net.ConnectException: Connection refused: no further information
	at java.base/sun.nio.ch.SocketChannelImpl.checkConnect(Native Method)
	at java.base/sun.nio.ch.SocketChannelImpl.finishConnect(SocketChannelImpl.java:779)
	at io.netty.channel.socket.nio.NioSocketChannel.doFinishConnect(NioSocketChannel.java:330)
	at io.netty.channel.nio.AbstractNioChannel$AbstractNioUnsafe.finishConnect(AbstractNioChannel.java:334)
	at io.netty.channel.nio.NioEventLoop.processSelectedKey(NioEventLoop.java:702)
	at io.netty.channel.nio.NioEventLoop.processSelectedKeysOptimized(NioEventLoop.java:650)
	at io.netty.channel.nio.NioEventLoop.processSelectedKeys(NioEventLoop.java:576)
	at io.netty.channel.nio.NioEventLoop.run(NioEventLoop.java:493)
	at io.netty.util.concurrent.SingleThreadEventExecutor$4.run(SingleThreadEventExecutor.java:989)
	at io.netty.util.internal.ThreadExecutorMap$2.run(ThreadExecutorMap.java:74)
	at io.netty.util.concurrent.FastThreadLocalRunnable.run(FastThreadLocalRunnable.java:30)
	at java.base/java.lang.Thread.run(Thread.java:834)
2020-12-21 17:43:01.116 | INFO  | http-nio-8090-exec-1 | com.core.exception.GlobalExceptionHandler-line:46 | Unable to connect to Redis; nested exception is io.lettuce.core.RedisConnectionException: Unable to connect to 127.0.0.1:6379
org.springframework.data.redis.RedisConnectionFailureException: Unable to connect to Redis; nested exception is io.lettuce.core.RedisConnectionException: Unable to connect to 127.0.0.1:6379
	at org.springframework.data.redis.connection.lettuce.LettuceConnectionFactory$ExceptionTranslatingConnectionProvider.translateException(LettuceConnectionFactory.java:1534)
	at org.springframework.data.redis.connection.lettuce.LettuceConnectionFactory$ExceptionTranslatingConnectionProvider.getConnection(LettuceConnectionFactory.java:1442)
	at org.springframework.data.redis.connection.lettuce.LettuceConnectionFactory$SharedConnection.getNativeConnection(LettuceConnectionFactory.java:1228)
	at org.springframework.data.redis.connection.lettuce.LettuceConnectionFactory$SharedConnection.getConnection(LettuceConnectionFactory.java:1211)
	at org.springframework.data.redis.connection.lettuce.LettuceConnectionFactory.getSharedConnection(LettuceConnectionFactory.java:975)
	at org.springframework.data.redis.connection.lettuce.LettuceConnectionFactory.getConnection(LettuceConnectionFactory.java:360)
	at org.springframework.data.redis.core.RedisConnectionUtils.doGetConnection(RedisConnectionUtils.java:134)
	at org.springframework.data.redis.core.RedisConnectionUtils.getConnection(RedisConnectionUtils.java:97)
	at org.springframework.data.redis.core.RedisConnectionUtils.getConnection(RedisConnectionUtils.java:84)
	at org.springframework.data.redis.core.RedisTemplate.execute(RedisTemplate.java:215)
	at org.springframework.data.redis.core.RedisTemplate.execute(RedisTemplate.java:188)
	at org.springframework.data.redis.core.AbstractOperations.execute(AbstractOperations.java:96)
	at org.springframework.data.redis.core.DefaultValueOperations.get(DefaultValueOperations.java:53)
	at com.modules.base.controller.DemoController.findAll(DemoController.java:94)
	at com.modules.base.controller.DemoController$$FastClassBySpringCGLIB$$c01fc608.invoke(<generated>)
	at org.springframework.cglib.proxy.MethodProxy.invoke(MethodProxy.java:218)
	at org.springframework.aop.framework.CglibAopProxy$CglibMethodInvocation.invokeJoinpoint(CglibAopProxy.java:771)
	at org.springframework.aop.framework.ReflectiveMethodInvocation.proceed(ReflectiveMethodInvocation.java:163)
	at org.springframework.aop.framework.CglibAopProxy$CglibMethodInvocation.proceed(CglibAopProxy.java:749)
	at org.springframework.validation.beanvalidation.MethodValidationInterceptor.invoke(MethodValidationInterceptor.java:119)
	at org.springframework.aop.framework.ReflectiveMethodInvocation.proceed(ReflectiveMethodInvocation.java:186)
	at org.springframework.aop.framework.CglibAopProxy$CglibMethodInvocation.proceed(CglibAopProxy.java:749)
	at org.springframework.aop.interceptor.ExposeInvocationInterceptor.invoke(ExposeInvocationInterceptor.java:95)
	at org.springframework.aop.framework.ReflectiveMethodInvocation.proceed(ReflectiveMethodInvocation.java:186)
	at org.springframework.aop.framework.CglibAopProxy$CglibMethodInvocation.proceed(CglibAopProxy.java:749)
	at org.springframework.aop.framework.CglibAopProxy$DynamicAdvisedInterceptor.intercept(CglibAopProxy.java:691)
	at com.modules.base.controller.DemoController$$EnhancerBySpringCGLIB$$8fc2e603.findAll(<generated>)
	at java.base/jdk.internal.reflect.NativeMethodAccessorImpl.invoke0(Native Method)
	at java.base/jdk.internal.reflect.NativeMethodAccessorImpl.invoke(NativeMethodAccessorImpl.java:62)
	at java.base/jdk.internal.reflect.DelegatingMethodAccessorImpl.invoke(DelegatingMethodAccessorImpl.java:43)
	at java.base/java.lang.reflect.Method.invoke(Method.java:566)
	at org.springframework.web.method.support.InvocableHandlerMethod.doInvoke(InvocableHandlerMethod.java:190)
	at org.springframework.web.method.support.InvocableHandlerMethod.invokeForRequest(InvocableHandlerMethod.java:138)
	at org.springframework.web.servlet.mvc.method.annotation.ServletInvocableHandlerMethod.invokeAndHandle(ServletInvocableHandlerMethod.java:105)
	at org.springframework.web.servlet.mvc.method.annotation.RequestMappingHandlerAdapter.invokeHandlerMethod(RequestMappingHandlerAdapter.java:878)
	at org.springframework.web.servlet.mvc.method.annotation.RequestMappingHandlerAdapter.handleInternal(RequestMappingHandlerAdapter.java:792)
	at org.springframework.web.servlet.mvc.method.AbstractHandlerMethodAdapter.handle(AbstractHandlerMethodAdapter.java:87)
	at org.springframework.web.servlet.DispatcherServlet.doDispatch(DispatcherServlet.java:1040)
	at org.springframework.web.servlet.DispatcherServlet.doService(DispatcherServlet.java:943)
	at org.springframework.web.servlet.FrameworkServlet.processRequest(FrameworkServlet.java:1006)
	at org.springframework.web.servlet.FrameworkServlet.doGet(FrameworkServlet.java:898)
	at javax.servlet.http.HttpServlet.service(HttpServlet.java:626)
	at org.springframework.web.servlet.FrameworkServlet.service(FrameworkServlet.java:883)
	at javax.servlet.http.HttpServlet.service(HttpServlet.java:733)
	at org.apache.catalina.core.ApplicationFilterChain.internalDoFilter(ApplicationFilterChain.java:231)
	at org.apache.catalina.core.ApplicationFilterChain.doFilter(ApplicationFilterChain.java:166)
	at org.apache.tomcat.websocket.server.WsFilter.doFilter(WsFilter.java:53)
	at org.apache.catalina.core.ApplicationFilterChain.internalDoFilter(ApplicationFilterChain.java:193)
	at org.apache.catalina.core.ApplicationFilterChain.doFilter(ApplicationFilterChain.java:166)
	at org.springframework.web.filter.RequestContextFilter.doFilterInternal(RequestContextFilter.java:100)
	at org.springframework.web.filter.OncePerRequestFilter.doFilter(OncePerRequestFilter.java:119)
	at org.apache.catalina.core.ApplicationFilterChain.internalDoFilter(ApplicationFilterChain.java:193)
	at org.apache.catalina.core.ApplicationFilterChain.doFilter(ApplicationFilterChain.java:166)
	at org.springframework.web.filter.FormContentFilter.doFilterInternal(FormContentFilter.java:93)
	at org.springframework.web.filter.OncePerRequestFilter.doFilter(OncePerRequestFilter.java:119)
	at org.apache.catalina.core.ApplicationFilterChain.internalDoFilter(ApplicationFilterChain.java:193)
	at org.apache.catalina.core.ApplicationFilterChain.doFilter(ApplicationFilterChain.java:166)
	at org.springframework.web.filter.CharacterEncodingFilter.doFilterInternal(CharacterEncodingFilter.java:201)
	at org.springframework.web.filter.OncePerRequestFilter.doFilter(OncePerRequestFilter.java:119)
	at org.apache.catalina.core.ApplicationFilterChain.internalDoFilter(ApplicationFilterChain.java:193)
	at org.apache.catalina.core.ApplicationFilterChain.doFilter(ApplicationFilterChain.java:166)
	at org.apache.catalina.core.StandardWrapperValve.invoke(StandardWrapperValve.java:202)
	at org.apache.catalina.core.StandardContextValve.invoke(StandardContextValve.java:97)
	at org.apache.catalina.authenticator.AuthenticatorBase.invoke(AuthenticatorBase.java:541)
	at org.apache.catalina.core.StandardHostValve.invoke(StandardHostValve.java:143)
	at org.apache.catalina.valves.ErrorReportValve.invoke(ErrorReportValve.java:92)
	at org.apache.catalina.core.StandardEngineValve.invoke(StandardEngineValve.java:78)
	at org.apache.catalina.connector.CoyoteAdapter.service(CoyoteAdapter.java:343)
	at org.apache.coyote.http11.Http11Processor.service(Http11Processor.java:374)
	at org.apache.coyote.AbstractProcessorLight.process(AbstractProcessorLight.java:65)
	at org.apache.coyote.AbstractProtocol$ConnectionHandler.process(AbstractProtocol.java:868)
	at org.apache.tomcat.util.net.NioEndpoint$SocketProcessor.doRun(NioEndpoint.java:1590)
	at org.apache.tomcat.util.net.SocketProcessorBase.run(SocketProcessorBase.java:49)
	at java.base/java.util.concurrent.ThreadPoolExecutor.runWorker(ThreadPoolExecutor.java:1128)
	at java.base/java.util.concurrent.ThreadPoolExecutor$Worker.run(ThreadPoolExecutor.java:628)
	at org.apache.tomcat.util.threads.TaskThread$WrappingRunnable.run(TaskThread.java:61)
	at java.base/java.lang.Thread.run(Thread.java:834)
Caused by: io.lettuce.core.RedisConnectionException: Unable to connect to 127.0.0.1:6379
	at io.lettuce.core.RedisConnectionException.create(RedisConnectionException.java:78)
	at io.lettuce.core.RedisConnectionException.create(RedisConnectionException.java:56)
	at io.lettuce.core.AbstractRedisClient.getConnection(AbstractRedisClient.java:242)
	at io.lettuce.core.RedisClient.connect(RedisClient.java:206)
	at org.springframework.data.redis.connection.lettuce.StandaloneConnectionProvider.lambda$getConnection$1(StandaloneConnectionProvider.java:115)
	at java.base/java.util.Optional.orElseGet(Optional.java:369)
	at org.springframework.data.redis.connection.lettuce.StandaloneConnectionProvider.getConnection(StandaloneConnectionProvider.java:115)
	at org.springframework.data.redis.connection.lettuce.LettuceConnectionFactory$ExceptionTranslatingConnectionProvider.getConnection(LettuceConnectionFactory.java:1440)
	... 75 common frames omitted
Caused by: io.netty.channel.AbstractChannel$AnnotatedConnectException: Connection refused: no further information: /127.0.0.1:6379
Caused by: java.net.ConnectException: Connection refused: no further information
	at java.base/sun.nio.ch.SocketChannelImpl.checkConnect(Native Method)
	at java.base/sun.nio.ch.SocketChannelImpl.finishConnect(SocketChannelImpl.java:779)
	at io.netty.channel.socket.nio.NioSocketChannel.doFinishConnect(NioSocketChannel.java:330)
	at io.netty.channel.nio.AbstractNioChannel$AbstractNioUnsafe.finishConnect(AbstractNioChannel.java:334)
	at io.netty.channel.nio.NioEventLoop.processSelectedKey(NioEventLoop.java:702)
	at io.netty.channel.nio.NioEventLoop.processSelectedKeysOptimized(NioEventLoop.java:650)
	at io.netty.channel.nio.NioEventLoop.processSelectedKeys(NioEventLoop.java:576)
	at io.netty.channel.nio.NioEventLoop.run(NioEventLoop.java:493)
	at io.netty.util.concurrent.SingleThreadEventExecutor$4.run(SingleThreadEventExecutor.java:989)
	at io.netty.util.internal.ThreadExecutorMap$2.run(ThreadExecutorMap.java:74)
	at io.netty.util.concurrent.FastThreadLocalRunnable.run(FastThreadLocalRunnable.java:30)
	at java.base/java.lang.Thread.run(Thread.java:834)
2020-12-21 17:45:02.157 | INFO  | background-preinit | org.hibernate.validator.internal.util.Version-line:21 | HV000001: Hibernate Validator 6.1.5.Final
2020-12-21 17:45:02.185 | INFO  | main | com.CloudBranchApplication-line:55 | Starting CloudBranchApplication on PC-FRANK with PID 20812 (D:\IDEA\workspace_idea\dadal-cloud-branch\target\classes started by Administrator in D:\IDEA\workspace_idea\dadal-cloud-branch)
2020-12-21 17:45:02.187 | INFO  | main | com.CloudBranchApplication-line:655 | The following profiles are active: dev
2020-12-21 17:45:05.503 | INFO  | main | org.springframework.data.repository.config.RepositoryConfigurationDelegate-line:249 | Multiple Spring Data modules found, entering strict repository configuration mode!
2020-12-21 17:45:05.505 | INFO  | main | org.springframework.data.repository.config.RepositoryConfigurationDelegate-line:127 | Bootstrapping Spring Data Redis repositories in DEFAULT mode.
2020-12-21 17:45:06.796 | INFO  | main | org.springframework.data.repository.config.RepositoryConfigurationDelegate-line:187 | Finished Spring Data repository scanning in 1273ms. Found 0 Redis repository interfaces.
2020-12-21 17:45:08.288 | INFO  | main | org.springframework.boot.web.embedded.tomcat.TomcatWebServer-line:108 | Tomcat initialized with port(s): 8090 (http)
2020-12-21 17:45:08.298 | INFO  | main | org.apache.coyote.http11.Http11NioProtocol-line:173 | Initializing ProtocolHandler ["http-nio-8090"]
2020-12-21 17:45:08.298 | INFO  | main | org.apache.catalina.core.StandardService-line:173 | Starting service [Tomcat]
2020-12-21 17:45:08.299 | INFO  | main | org.apache.catalina.core.StandardEngine-line:173 | Starting Servlet engine: [Apache Tomcat/9.0.38]
2020-12-21 17:45:08.413 | INFO  | main | org.apache.catalina.core.ContainerBase.[Tomcat].[localhost].[/]-line:173 | Initializing Spring embedded WebApplicationContext
2020-12-21 17:45:08.413 | INFO  | main | org.springframework.boot.web.servlet.context.ServletWebServerApplicationContext-line:285 | Root WebApplicationContext: initialization completed in 6155 ms
2020-12-21 17:45:08.864 | INFO  | main | com.alibaba.druid.spring.boot.autoconfigure.DruidDataSourceAutoConfigure-line:56 | Init DruidDataSource
2020-12-21 17:45:08.954 | INFO  | main | com.alibaba.druid.pool.DruidDataSource-line:1002 | {dataSource-1} inited
2020-12-21 17:45:09.626 | INFO  | main | org.springframework.boot.autoconfigure.web.servlet.WelcomePageHandlerMapping-line:54 | Adding welcome page: class path resource [static/index.html]
2020-12-21 17:45:09.900 | INFO  | main | org.apache.coyote.http11.Http11NioProtocol-line:173 | Starting ProtocolHandler ["http-nio-8090"]
2020-12-21 17:45:09.931 | INFO  | main | org.springframework.boot.web.embedded.tomcat.TomcatWebServer-line:220 | Tomcat started on port(s): 8090 (http) with context path ''
2020-12-21 17:45:09.944 | INFO  | main | com.CloudBranchApplication-line:61 | Started CloudBranchApplication in 8.631 seconds (JVM running for 10.471)
2020-12-21 17:45:14.140 | INFO  | http-nio-8090-exec-1 | org.apache.catalina.core.ContainerBase.[Tomcat].[localhost].[/]-line:173 | Initializing Spring DispatcherServlet 'dispatcherServlet'
2020-12-21 17:45:14.141 | INFO  | http-nio-8090-exec-1 | org.springframework.web.servlet.DispatcherServlet-line:525 | Initializing Servlet 'dispatcherServlet'
2020-12-21 17:45:14.151 | INFO  | http-nio-8090-exec-1 | org.springframework.web.servlet.DispatcherServlet-line:547 | Completed initialization in 10 ms
2020-12-21 17:45:39.670 | INFO  | background-preinit | org.hibernate.validator.internal.util.Version-line:21 | HV000001: Hibernate Validator 6.1.5.Final
2020-12-21 17:45:39.702 | INFO  | main | com.CloudBranchApplication-line:55 | Starting CloudBranchApplication on PC-FRANK with PID 14568 (D:\IDEA\workspace_idea\dadal-cloud-branch\target\classes started by Administrator in D:\IDEA\workspace_idea\dadal-cloud-branch)
2020-12-21 17:45:39.705 | INFO  | main | com.CloudBranchApplication-line:655 | The following profiles are active: dev
2020-12-21 17:45:44.051 | INFO  | main | org.springframework.data.repository.config.RepositoryConfigurationDelegate-line:249 | Multiple Spring Data modules found, entering strict repository configuration mode!
2020-12-21 17:45:44.054 | INFO  | main | org.springframework.data.repository.config.RepositoryConfigurationDelegate-line:127 | Bootstrapping Spring Data Redis repositories in DEFAULT mode.
2020-12-21 17:45:45.548 | INFO  | main | org.springframework.data.repository.config.RepositoryConfigurationDelegate-line:187 | Finished Spring Data repository scanning in 1477ms. Found 0 Redis repository interfaces.
2020-12-21 17:45:47.194 | INFO  | main | org.springframework.boot.web.embedded.tomcat.TomcatWebServer-line:108 | Tomcat initialized with port(s): 8090 (http)
2020-12-21 17:45:47.206 | INFO  | main | org.apache.coyote.http11.Http11NioProtocol-line:173 | Initializing ProtocolHandler ["http-nio-8090"]
2020-12-21 17:45:47.206 | INFO  | main | org.apache.catalina.core.StandardService-line:173 | Starting service [Tomcat]
2020-12-21 17:45:47.207 | INFO  | main | org.apache.catalina.core.StandardEngine-line:173 | Starting Servlet engine: [Apache Tomcat/9.0.38]
2020-12-21 17:45:47.333 | INFO  | main | org.apache.catalina.core.ContainerBase.[Tomcat].[localhost].[/]-line:173 | Initializing Spring embedded WebApplicationContext
2020-12-21 17:45:47.333 | INFO  | main | org.springframework.boot.web.servlet.context.ServletWebServerApplicationContext-line:285 | Root WebApplicationContext: initialization completed in 7540 ms
2020-12-21 17:45:47.804 | INFO  | main | com.alibaba.druid.spring.boot.autoconfigure.DruidDataSourceAutoConfigure-line:56 | Init DruidDataSource
2020-12-21 17:45:47.912 | INFO  | main | com.alibaba.druid.pool.DruidDataSource-line:1002 | {dataSource-1} inited
2020-12-21 17:45:48.652 | INFO  | main | org.springframework.boot.autoconfigure.web.servlet.WelcomePageHandlerMapping-line:54 | Adding welcome page: class path resource [static/index.html]
2020-12-21 17:45:48.980 | INFO  | main | org.apache.coyote.http11.Http11NioProtocol-line:173 | Starting ProtocolHandler ["http-nio-8090"]
2020-12-21 17:45:49.013 | INFO  | main | org.springframework.boot.web.embedded.tomcat.TomcatWebServer-line:220 | Tomcat started on port(s): 8090 (http) with context path ''
2020-12-21 17:45:49.028 | INFO  | main | com.CloudBranchApplication-line:61 | Started CloudBranchApplication in 10.237 seconds (JVM running for 12.303)
2020-12-21 17:46:28.256 | INFO  | http-nio-8090-exec-1 | org.apache.catalina.core.ContainerBase.[Tomcat].[localhost].[/]-line:173 | Initializing Spring DispatcherServlet 'dispatcherServlet'
2020-12-21 17:46:28.256 | INFO  | http-nio-8090-exec-1 | org.springframework.web.servlet.DispatcherServlet-line:525 | Initializing Servlet 'dispatcherServlet'
2020-12-21 17:46:28.266 | INFO  | http-nio-8090-exec-1 | org.springframework.web.servlet.DispatcherServlet-line:547 | Completed initialization in 9 ms
2020-12-21 17:49:56.129 | INFO  | SpringContextShutdownHook | com.alibaba.druid.pool.DruidDataSource-line:1885 | {dataSource-1} closing ...
2020-12-21 17:49:56.133 | INFO  | SpringContextShutdownHook | com.alibaba.druid.pool.DruidDataSource-line:1955 | {dataSource-1} closed
2020-12-21 17:50:04.112 | INFO  | background-preinit | org.hibernate.validator.internal.util.Version-line:21 | HV000001: Hibernate Validator 6.1.5.Final
2020-12-21 17:50:04.152 | INFO  | main | com.CloudBranchApplication-line:55 | Starting CloudBranchApplication on PC-FRANK with PID 14892 (D:\IDEA\workspace_idea\dadal-cloud-branch\target\classes started by Administrator in D:\IDEA\workspace_idea\dadal-cloud-branch)
2020-12-21 17:50:04.153 | INFO  | main | com.CloudBranchApplication-line:655 | The following profiles are active: dev
2020-12-21 17:50:07.423 | INFO  | main | org.springframework.data.repository.config.RepositoryConfigurationDelegate-line:249 | Multiple Spring Data modules found, entering strict repository configuration mode!
2020-12-21 17:50:07.425 | INFO  | main | org.springframework.data.repository.config.RepositoryConfigurationDelegate-line:127 | Bootstrapping Spring Data Redis repositories in DEFAULT mode.
2020-12-21 17:50:08.559 | INFO  | main | org.springframework.data.repository.config.RepositoryConfigurationDelegate-line:187 | Finished Spring Data repository scanning in 1121ms. Found 0 Redis repository interfaces.
2020-12-21 17:50:09.960 | INFO  | main | org.springframework.boot.web.embedded.tomcat.TomcatWebServer-line:108 | Tomcat initialized with port(s): 8090 (http)
2020-12-21 17:50:09.971 | INFO  | main | org.apache.coyote.http11.Http11NioProtocol-line:173 | Initializing ProtocolHandler ["http-nio-8090"]
2020-12-21 17:50:09.972 | INFO  | main | org.apache.catalina.core.StandardService-line:173 | Starting service [Tomcat]
2020-12-21 17:50:09.972 | INFO  | main | org.apache.catalina.core.StandardEngine-line:173 | Starting Servlet engine: [Apache Tomcat/9.0.38]
2020-12-21 17:50:10.080 | INFO  | main | org.apache.catalina.core.ContainerBase.[Tomcat].[localhost].[/]-line:173 | Initializing Spring embedded WebApplicationContext
2020-12-21 17:50:10.081 | INFO  | main | org.springframework.boot.web.servlet.context.ServletWebServerApplicationContext-line:285 | Root WebApplicationContext: initialization completed in 5860 ms
2020-12-21 17:50:10.487 | INFO  | main | com.alibaba.druid.spring.boot.autoconfigure.DruidDataSourceAutoConfigure-line:56 | Init DruidDataSource
2020-12-21 17:50:10.566 | INFO  | main | com.alibaba.druid.pool.DruidDataSource-line:1002 | {dataSource-1} inited
2020-12-21 17:50:11.185 | INFO  | main | org.springframework.boot.autoconfigure.web.servlet.WelcomePageHandlerMapping-line:54 | Adding welcome page: class path resource [static/index.html]
2020-12-21 17:50:11.439 | INFO  | main | org.apache.coyote.http11.Http11NioProtocol-line:173 | Starting ProtocolHandler ["http-nio-8090"]
2020-12-21 17:50:11.465 | INFO  | main | org.springframework.boot.web.embedded.tomcat.TomcatWebServer-line:220 | Tomcat started on port(s): 8090 (http) with context path ''
2020-12-21 17:50:11.477 | INFO  | main | com.CloudBranchApplication-line:61 | Started CloudBranchApplication in 8.1 seconds (JVM running for 9.84)
2020-12-21 17:50:21.779 | INFO  | http-nio-8090-exec-1 | org.apache.catalina.core.ContainerBase.[Tomcat].[localhost].[/]-line:173 | Initializing Spring DispatcherServlet 'dispatcherServlet'
2020-12-21 17:50:21.780 | INFO  | http-nio-8090-exec-1 | org.springframework.web.servlet.DispatcherServlet-line:525 | Initializing Servlet 'dispatcherServlet'
2020-12-21 17:50:21.789 | INFO  | http-nio-8090-exec-1 | org.springframework.web.servlet.DispatcherServlet-line:547 | Completed initialization in 9 ms
2020-12-21 17:52:09.201 | INFO  | SpringContextShutdownHook | com.alibaba.druid.pool.DruidDataSource-line:1885 | {dataSource-1} closing ...
2020-12-21 17:52:09.206 | INFO  | SpringContextShutdownHook | com.alibaba.druid.pool.DruidDataSource-line:1955 | {dataSource-1} closed
2020-12-21 17:52:17.126 | INFO  | background-preinit | org.hibernate.validator.internal.util.Version-line:21 | HV000001: Hibernate Validator 6.1.5.Final
2020-12-21 17:52:17.155 | INFO  | main | com.CloudBranchApplication-line:55 | Starting CloudBranchApplication on PC-FRANK with PID 3568 (D:\IDEA\workspace_idea\dadal-cloud-branch\target\classes started by Administrator in D:\IDEA\workspace_idea\dadal-cloud-branch)
2020-12-21 17:52:17.157 | INFO  | main | com.CloudBranchApplication-line:655 | The following profiles are active: dev
2020-12-21 17:52:21.253 | INFO  | main | org.springframework.data.repository.config.RepositoryConfigurationDelegate-line:249 | Multiple Spring Data modules found, entering strict repository configuration mode!
2020-12-21 17:52:21.256 | INFO  | main | org.springframework.data.repository.config.RepositoryConfigurationDelegate-line:127 | Bootstrapping Spring Data Redis repositories in DEFAULT mode.
2020-12-21 17:52:22.420 | INFO  | main | org.springframework.data.repository.config.RepositoryConfigurationDelegate-line:187 | Finished Spring Data repository scanning in 1147ms. Found 0 Redis repository interfaces.
2020-12-21 17:52:25.612 | INFO  | main | org.springframework.boot.web.embedded.tomcat.TomcatWebServer-line:108 | Tomcat initialized with port(s): 8090 (http)
2020-12-21 17:52:25.622 | INFO  | main | org.apache.coyote.http11.Http11NioProtocol-line:173 | Initializing ProtocolHandler ["http-nio-8090"]
2020-12-21 17:52:25.622 | INFO  | main | org.apache.catalina.core.StandardService-line:173 | Starting service [Tomcat]
2020-12-21 17:52:25.623 | INFO  | main | org.apache.catalina.core.StandardEngine-line:173 | Starting Servlet engine: [Apache Tomcat/9.0.38]
2020-12-21 17:52:25.728 | INFO  | main | org.apache.catalina.core.ContainerBase.[Tomcat].[localhost].[/]-line:173 | Initializing Spring embedded WebApplicationContext
2020-12-21 17:52:25.729 | INFO  | main | org.springframework.boot.web.servlet.context.ServletWebServerApplicationContext-line:285 | Root WebApplicationContext: initialization completed in 8489 ms
2020-12-21 17:52:26.139 | INFO  | main | com.alibaba.druid.spring.boot.autoconfigure.DruidDataSourceAutoConfigure-line:56 | Init DruidDataSource
2020-12-21 17:52:26.213 | INFO  | main | com.alibaba.druid.pool.DruidDataSource-line:1002 | {dataSource-1} inited
2020-12-21 17:52:26.867 | INFO  | main | org.springframework.boot.autoconfigure.web.servlet.WelcomePageHandlerMapping-line:54 | Adding welcome page: class path resource [static/index.html]
2020-12-21 17:52:27.120 | INFO  | main | org.apache.coyote.http11.Http11NioProtocol-line:173 | Starting ProtocolHandler ["http-nio-8090"]
2020-12-21 17:52:27.145 | INFO  | main | org.springframework.boot.web.embedded.tomcat.TomcatWebServer-line:220 | Tomcat started on port(s): 8090 (http) with context path ''
2020-12-21 17:52:27.156 | INFO  | main | com.CloudBranchApplication-line:61 | Started CloudBranchApplication in 10.901 seconds (JVM running for 12.567)
2020-12-21 17:52:48.792 | INFO  | http-nio-8090-exec-2 | org.apache.catalina.core.ContainerBase.[Tomcat].[localhost].[/]-line:173 | Initializing Spring DispatcherServlet 'dispatcherServlet'
2020-12-21 17:52:48.794 | INFO  | http-nio-8090-exec-2 | org.springframework.web.servlet.DispatcherServlet-line:525 | Initializing Servlet 'dispatcherServlet'
2020-12-21 17:52:48.804 | INFO  | http-nio-8090-exec-2 | org.springframework.web.servlet.DispatcherServlet-line:547 | Completed initialization in 9 ms
2020-12-21 18:50:01.406 | INFO  | background-preinit | org.hibernate.validator.internal.util.Version-line:21 | HV000001: Hibernate Validator 6.1.5.Final
2020-12-21 18:50:01.434 | INFO  | main | com.CloudBranchApplication-line:55 | Starting CloudBranchApplication on PC-FRANK with PID 18804 (D:\IDEA\workspace_idea\dadal-cloud-branch\target\classes started by Administrator in D:\IDEA\workspace_idea\dadal-cloud-branch)
2020-12-21 18:50:01.579 | INFO  | main | com.CloudBranchApplication-line:655 | The following profiles are active: dev
2020-12-21 18:50:05.124 | INFO  | main | org.springframework.data.repository.config.RepositoryConfigurationDelegate-line:249 | Multiple Spring Data modules found, entering strict repository configuration mode!
2020-12-21 18:50:05.129 | INFO  | main | org.springframework.data.repository.config.RepositoryConfigurationDelegate-line:127 | Bootstrapping Spring Data Redis repositories in DEFAULT mode.
2020-12-21 18:50:06.330 | INFO  | main | org.springframework.data.repository.config.RepositoryConfigurationDelegate-line:187 | Finished Spring Data repository scanning in 1183ms. Found 0 Redis repository interfaces.
2020-12-21 18:50:07.795 | INFO  | main | org.springframework.boot.web.embedded.tomcat.TomcatWebServer-line:108 | Tomcat initialized with port(s): 8090 (http)
2020-12-21 18:50:07.804 | INFO  | main | org.apache.coyote.http11.Http11NioProtocol-line:173 | Initializing ProtocolHandler ["http-nio-8090"]
2020-12-21 18:50:07.805 | INFO  | main | org.apache.catalina.core.StandardService-line:173 | Starting service [Tomcat]
2020-12-21 18:50:07.805 | INFO  | main | org.apache.catalina.core.StandardEngine-line:173 | Starting Servlet engine: [Apache Tomcat/9.0.38]
2020-12-21 18:50:07.916 | INFO  | main | org.apache.catalina.core.ContainerBase.[Tomcat].[localhost].[/]-line:173 | Initializing Spring embedded WebApplicationContext
2020-12-21 18:50:07.916 | INFO  | main | org.springframework.boot.web.servlet.context.ServletWebServerApplicationContext-line:285 | Root WebApplicationContext: initialization completed in 6250 ms
2020-12-21 18:50:08.339 | INFO  | main | com.alibaba.druid.spring.boot.autoconfigure.DruidDataSourceAutoConfigure-line:56 | Init DruidDataSource
2020-12-21 18:50:08.420 | INFO  | main | com.alibaba.druid.pool.DruidDataSource-line:1002 | {dataSource-1} inited
2020-12-21 18:50:09.095 | INFO  | main | org.springframework.boot.autoconfigure.web.servlet.WelcomePageHandlerMapping-line:54 | Adding welcome page: class path resource [static/index.html]
2020-12-21 18:50:09.395 | INFO  | main | org.apache.coyote.http11.Http11NioProtocol-line:173 | Starting ProtocolHandler ["http-nio-8090"]
2020-12-21 18:50:09.451 | INFO  | main | org.springframework.boot.web.embedded.tomcat.TomcatWebServer-line:220 | Tomcat started on port(s): 8090 (http) with context path ''
2020-12-21 18:50:09.470 | INFO  | main | com.CloudBranchApplication-line:61 | Started CloudBranchApplication in 8.916 seconds (JVM running for 10.529)
2020-12-21 18:51:42.851 | INFO  | http-nio-8090-exec-2 | org.apache.catalina.core.ContainerBase.[Tomcat].[localhost].[/]-line:173 | Initializing Spring DispatcherServlet 'dispatcherServlet'
2020-12-21 18:51:42.852 | INFO  | http-nio-8090-exec-2 | org.springframework.web.servlet.DispatcherServlet-line:525 | Initializing Servlet 'dispatcherServlet'
2020-12-21 18:51:42.861 | INFO  | http-nio-8090-exec-2 | org.springframework.web.servlet.DispatcherServlet-line:547 | Completed initialization in 9 ms
2020-12-21 18:54:35.840 | INFO  | SpringContextShutdownHook | com.alibaba.druid.pool.DruidDataSource-line:1885 | {dataSource-1} closing ...
2020-12-21 18:54:35.842 | INFO  | SpringContextShutdownHook | com.alibaba.druid.pool.DruidDataSource-line:1955 | {dataSource-1} closed
2020-12-21 18:54:46.633 | INFO  | background-preinit | org.hibernate.validator.internal.util.Version-line:21 | HV000001: Hibernate Validator 6.1.5.Final
2020-12-21 18:54:46.640 | INFO  | main | com.CloudBranchApplication-line:55 | Starting CloudBranchApplication on PC-FRANK with PID 2276 (D:\IDEA\workspace_idea\dadal-cloud-branch\target\classes started by Administrator in D:\IDEA\workspace_idea\dadal-cloud-branch)
2020-12-21 18:54:46.642 | INFO  | main | com.CloudBranchApplication-line:655 | The following profiles are active: dev
2020-12-21 18:54:50.267 | INFO  | main | org.springframework.data.repository.config.RepositoryConfigurationDelegate-line:249 | Multiple Spring Data modules found, entering strict repository configuration mode!
2020-12-21 18:54:50.269 | INFO  | main | org.springframework.data.repository.config.RepositoryConfigurationDelegate-line:127 | Bootstrapping Spring Data Redis repositories in DEFAULT mode.
2020-12-21 18:54:51.468 | INFO  | main | org.springframework.data.repository.config.RepositoryConfigurationDelegate-line:187 | Finished Spring Data repository scanning in 1187ms. Found 0 Redis repository interfaces.
2020-12-21 18:54:52.946 | INFO  | main | org.springframework.boot.web.embedded.tomcat.TomcatWebServer-line:108 | Tomcat initialized with port(s): 8090 (http)
2020-12-21 18:54:52.954 | INFO  | main | org.apache.coyote.http11.Http11NioProtocol-line:173 | Initializing ProtocolHandler ["http-nio-8090"]
2020-12-21 18:54:52.955 | INFO  | main | org.apache.catalina.core.StandardService-line:173 | Starting service [Tomcat]
2020-12-21 18:54:52.955 | INFO  | main | org.apache.catalina.core.StandardEngine-line:173 | Starting Servlet engine: [Apache Tomcat/9.0.38]
2020-12-21 18:54:53.071 | INFO  | main | org.apache.catalina.core.ContainerBase.[Tomcat].[localhost].[/]-line:173 | Initializing Spring embedded WebApplicationContext
2020-12-21 18:54:53.071 | INFO  | main | org.springframework.boot.web.servlet.context.ServletWebServerApplicationContext-line:285 | Root WebApplicationContext: initialization completed in 6344 ms
2020-12-21 18:54:53.528 | INFO  | main | com.alibaba.druid.spring.boot.autoconfigure.DruidDataSourceAutoConfigure-line:56 | Init DruidDataSource
2020-12-21 18:54:53.631 | INFO  | main | com.alibaba.druid.pool.DruidDataSource-line:1002 | {dataSource-1} inited
2020-12-21 18:54:54.430 | INFO  | main | org.springframework.boot.autoconfigure.web.servlet.WelcomePageHandlerMapping-line:54 | Adding welcome page: class path resource [static/index.html]
2020-12-21 18:54:54.750 | INFO  | main | org.apache.coyote.http11.Http11NioProtocol-line:173 | Starting ProtocolHandler ["http-nio-8090"]
2020-12-21 18:54:54.776 | INFO  | main | org.springframework.boot.web.embedded.tomcat.TomcatWebServer-line:220 | Tomcat started on port(s): 8090 (http) with context path ''
2020-12-21 18:54:54.789 | INFO  | main | com.CloudBranchApplication-line:61 | Started CloudBranchApplication in 9.371 seconds (JVM running for 10.896)
2020-12-21 18:54:54.933 | INFO  | http-nio-8090-exec-3 | org.apache.catalina.core.ContainerBase.[Tomcat].[localhost].[/]-line:173 | Initializing Spring DispatcherServlet 'dispatcherServlet'
2020-12-21 18:54:54.933 | INFO  | http-nio-8090-exec-3 | org.springframework.web.servlet.DispatcherServlet-line:525 | Initializing Servlet 'dispatcherServlet'
2020-12-21 18:54:54.941 | INFO  | http-nio-8090-exec-3 | org.springframework.web.servlet.DispatcherServlet-line:547 | Completed initialization in 7 ms
