2020-12-30 14:15:22.347 | INFO  | background-preinit | org.hibernate.validator.internal.util.Version-line:21 | HV000001: Hibernate Validator 6.1.5.Final
2020-12-30 14:15:22.390 | INFO  | main | com.CloudBranchApplication-line:55 | Starting CloudBranchApplication on PC-FRANK with PID 18076 (D:\IDEA\workspace_idea\dadal-cloud-branch\target\classes started by Administrator in D:\IDEA\workspace_idea\dadal-cloud-branch)
2020-12-30 14:15:22.411 | INFO  | main | com.CloudBranchApplication-line:655 | The following profiles are active: dev
2020-12-30 14:15:25.152 | INFO  | main | org.springframework.data.repository.config.RepositoryConfigurationDelegate-line:249 | Multiple Spring Data modules found, entering strict repository configuration mode!
2020-12-30 14:15:25.155 | INFO  | main | org.springframework.data.repository.config.RepositoryConfigurationDelegate-line:127 | Bootstrapping Spring Data Redis repositories in DEFAULT mode.
2020-12-30 14:15:26.436 | INFO  | main | org.springframework.data.repository.config.RepositoryConfigurationDelegate-line:187 | Finished Spring Data repository scanning in 1262ms. Found 0 Redis repository interfaces.
2020-12-30 14:15:27.671 | INFO  | main | o.s.context.support.PostProcessorRegistrationDelegate$BeanPostProcessorChecker-line:335 | Bean 'shiroConfig' of type [com.modules.sys.permission.shiro.ShiroConfig$$EnhancerBySpringCGLIB$$3e1161da] is not eligible for getting processed by all BeanPostProcessors (for example: not eligible for auto-proxying)
2020-12-30 14:15:27.712 | INFO  | main | o.s.context.support.PostProcessorRegistrationDelegate$BeanPostProcessorChecker-line:335 | Bean 'mybatis-org.mybatis.spring.boot.autoconfigure.MybatisProperties' of type [org.mybatis.spring.boot.autoconfigure.MybatisProperties] is not eligible for getting processed by all BeanPostProcessors (for example: not eligible for auto-proxying)
2020-12-30 14:15:27.720 | INFO  | main | o.s.context.support.PostProcessorRegistrationDelegate$BeanPostProcessorChecker-line:335 | Bean 'org.mybatis.spring.boot.autoconfigure.MybatisAutoConfiguration' of type [org.mybatis.spring.boot.autoconfigure.MybatisAutoConfiguration$$EnhancerBySpringCGLIB$$ad2245b9] is not eligible for getting processed by all BeanPostProcessors (for example: not eligible for auto-proxying)
2020-12-30 14:15:27.726 | INFO  | main | o.s.context.support.PostProcessorRegistrationDelegate$BeanPostProcessorChecker-line:335 | Bean 'com.alibaba.druid.spring.boot.autoconfigure.DruidDataSourceAutoConfigure' of type [com.alibaba.druid.spring.boot.autoconfigure.DruidDataSourceAutoConfigure$$EnhancerBySpringCGLIB$$93f9e9fb] is not eligible for getting processed by all BeanPostProcessors (for example: not eligible for auto-proxying)
2020-12-30 14:15:27.729 | INFO  | main | com.alibaba.druid.spring.boot.autoconfigure.DruidDataSourceAutoConfigure-line:56 | Init DruidDataSource
2020-12-30 14:15:27.779 | INFO  | main | o.s.context.support.PostProcessorRegistrationDelegate$BeanPostProcessorChecker-line:335 | Bean 'spring.datasource-org.springframework.boot.autoconfigure.jdbc.DataSourceProperties' of type [org.springframework.boot.autoconfigure.jdbc.DataSourceProperties] is not eligible for getting processed by all BeanPostProcessors (for example: not eligible for auto-proxying)
2020-12-30 14:15:27.817 | INFO  | main | com.alibaba.druid.pool.DruidDataSource-line:1002 | {dataSource-1} inited
2020-12-30 14:15:27.817 | INFO  | main | o.s.context.support.PostProcessorRegistrationDelegate$BeanPostProcessorChecker-line:335 | Bean 'dataSource' of type [com.alibaba.druid.spring.boot.autoconfigure.DruidDataSourceWrapper] is not eligible for getting processed by all BeanPostProcessors (for example: not eligible for auto-proxying)
2020-12-30 14:15:27.868 | INFO  | main | o.s.context.support.PostProcessorRegistrationDelegate$BeanPostProcessorChecker-line:335 | Bean 'org.springframework.boot.autoconfigure.jdbc.DataSourceInitializerInvoker' of type [org.springframework.boot.autoconfigure.jdbc.DataSourceInitializerInvoker] is not eligible for getting processed by all BeanPostProcessors (for example: not eligible for auto-proxying)
2020-12-30 14:15:28.066 | INFO  | main | o.s.context.support.PostProcessorRegistrationDelegate$BeanPostProcessorChecker-line:335 | Bean 'sqlSessionFactory' of type [org.apache.ibatis.session.defaults.DefaultSqlSessionFactory] is not eligible for getting processed by all BeanPostProcessors (for example: not eligible for auto-proxying)
2020-12-30 14:15:28.072 | INFO  | main | o.s.context.support.PostProcessorRegistrationDelegate$BeanPostProcessorChecker-line:335 | Bean 'sqlSessionTemplate' of type [org.mybatis.spring.SqlSessionTemplate] is not eligible for getting processed by all BeanPostProcessors (for example: not eligible for auto-proxying)
2020-12-30 14:15:28.075 | INFO  | main | o.s.context.support.PostProcessorRegistrationDelegate$BeanPostProcessorChecker-line:335 | Bean 'userDao' of type [org.mybatis.spring.mapper.MapperFactoryBean] is not eligible for getting processed by all BeanPostProcessors (for example: not eligible for auto-proxying)
2020-12-30 14:15:28.077 | INFO  | main | o.s.context.support.PostProcessorRegistrationDelegate$BeanPostProcessorChecker-line:335 | Bean 'userDao' of type [com.sun.proxy.$Proxy85] is not eligible for getting processed by all BeanPostProcessors (for example: not eligible for auto-proxying)
2020-12-30 14:15:28.079 | INFO  | main | o.s.context.support.PostProcessorRegistrationDelegate$BeanPostProcessorChecker-line:335 | Bean 'userServiceImpl' of type [com.modules.sys.admin.service.impl.UserServiceImpl] is not eligible for getting processed by all BeanPostProcessors (for example: not eligible for auto-proxying)
2020-12-30 14:15:28.080 | INFO  | main | o.s.context.support.PostProcessorRegistrationDelegate$BeanPostProcessorChecker-line:335 | Bean 'userRealm' of type [com.modules.sys.permission.shiro.UserRealm] is not eligible for getting processed by all BeanPostProcessors (for example: not eligible for auto-proxying)
2020-12-30 14:15:28.135 | INFO  | main | o.s.context.support.PostProcessorRegistrationDelegate$BeanPostProcessorChecker-line:335 | Bean 'securityManager' of type [org.apache.shiro.web.mgt.DefaultWebSecurityManager] is not eligible for getting processed by all BeanPostProcessors (for example: not eligible for auto-proxying)
2020-12-30 14:15:28.450 | INFO  | main | org.springframework.boot.web.embedded.tomcat.TomcatWebServer-line:108 | Tomcat initialized with port(s): 8090 (http)
2020-12-30 14:15:28.464 | INFO  | main | org.apache.coyote.http11.Http11NioProtocol-line:173 | Initializing ProtocolHandler ["http-nio-8090"]
2020-12-30 14:15:28.465 | INFO  | main | org.apache.catalina.core.StandardService-line:173 | Starting service [Tomcat]
2020-12-30 14:15:28.465 | INFO  | main | org.apache.catalina.core.StandardEngine-line:173 | Starting Servlet engine: [Apache Tomcat/9.0.38]
2020-12-30 14:15:28.596 | INFO  | main | org.apache.catalina.core.ContainerBase.[Tomcat].[localhost].[/]-line:173 | Initializing Spring embedded WebApplicationContext
2020-12-30 14:15:28.596 | INFO  | main | org.springframework.boot.web.servlet.context.ServletWebServerApplicationContext-line:285 | Root WebApplicationContext: initialization completed in 6085 ms
2020-12-30 14:15:29.496 | INFO  | main | org.springframework.boot.autoconfigure.web.servlet.WelcomePageHandlerMapping-line:54 | Adding welcome page: class path resource [static/index.html]
2020-12-30 14:15:29.769 | INFO  | main | org.apache.coyote.http11.Http11NioProtocol-line:173 | Starting ProtocolHandler ["http-nio-8090"]
2020-12-30 14:15:29.793 | INFO  | main | org.springframework.boot.web.embedded.tomcat.TomcatWebServer-line:220 | Tomcat started on port(s): 8090 (http) with context path ''
2020-12-30 14:15:29.804 | INFO  | main | com.CloudBranchApplication-line:61 | Started CloudBranchApplication in 8.626 seconds (JVM running for 10.116)
