2020-12-29 16:50:24.669 | INFO  | background-preinit | org.hibernate.validator.internal.util.Version-line:21 | HV000001: Hibernate Validator 6.1.5.Final
2020-12-29 16:50:24.719 | INFO  | main | com.CloudBranchApplication-line:55 | Starting CloudBranchApplication on PC-FRANK with PID 3400 (D:\IDEA\workspace_idea\dadal-cloud-branch\target\classes started by Administrator in D:\IDEA\workspace_idea\dadal-cloud-branch)
2020-12-29 16:50:24.725 | INFO  | main | com.CloudBranchApplication-line:655 | The following profiles are active: dev
2020-12-29 16:50:28.816 | INFO  | main | org.springframework.data.repository.config.RepositoryConfigurationDelegate-line:249 | Multiple Spring Data modules found, entering strict repository configuration mode!
2020-12-29 16:50:28.819 | INFO  | main | org.springframework.data.repository.config.RepositoryConfigurationDelegate-line:127 | Bootstrapping Spring Data Redis repositories in DEFAULT mode.
2020-12-29 16:50:30.200 | INFO  | main | org.springframework.data.repository.config.RepositoryConfigurationDelegate-line:187 | Finished Spring Data repository scanning in 1361ms. Found 0 Redis repository interfaces.
2020-12-29 16:50:31.524 | INFO  | main | o.s.context.support.PostProcessorRegistrationDelegate$BeanPostProcessorChecker-line:335 | Bean 'shiroConfig' of type [com.modules.sys.admin.config.ShiroConfig$$EnhancerBySpringCGLIB$$780007fc] is not eligible for getting processed by all BeanPostProcessors (for example: not eligible for auto-proxying)
2020-12-29 16:50:31.567 | INFO  | main | o.s.context.support.PostProcessorRegistrationDelegate$BeanPostProcessorChecker-line:335 | Bean 'mybatis-org.mybatis.spring.boot.autoconfigure.MybatisProperties' of type [org.mybatis.spring.boot.autoconfigure.MybatisProperties] is not eligible for getting processed by all BeanPostProcessors (for example: not eligible for auto-proxying)
2020-12-29 16:50:31.574 | INFO  | main | o.s.context.support.PostProcessorRegistrationDelegate$BeanPostProcessorChecker-line:335 | Bean 'org.mybatis.spring.boot.autoconfigure.MybatisAutoConfiguration' of type [org.mybatis.spring.boot.autoconfigure.MybatisAutoConfiguration$$EnhancerBySpringCGLIB$$e710ebdb] is not eligible for getting processed by all BeanPostProcessors (for example: not eligible for auto-proxying)
2020-12-29 16:50:31.580 | INFO  | main | o.s.context.support.PostProcessorRegistrationDelegate$BeanPostProcessorChecker-line:335 | Bean 'com.alibaba.druid.spring.boot.autoconfigure.DruidDataSourceAutoConfigure' of type [com.alibaba.druid.spring.boot.autoconfigure.DruidDataSourceAutoConfigure$$EnhancerBySpringCGLIB$$cde8901d] is not eligible for getting processed by all BeanPostProcessors (for example: not eligible for auto-proxying)
2020-12-29 16:50:31.583 | INFO  | main | com.alibaba.druid.spring.boot.autoconfigure.DruidDataSourceAutoConfigure-line:56 | Init DruidDataSource
2020-12-29 16:50:31.637 | INFO  | main | o.s.context.support.PostProcessorRegistrationDelegate$BeanPostProcessorChecker-line:335 | Bean 'spring.datasource-org.springframework.boot.autoconfigure.jdbc.DataSourceProperties' of type [org.springframework.boot.autoconfigure.jdbc.DataSourceProperties] is not eligible for getting processed by all BeanPostProcessors (for example: not eligible for auto-proxying)
2020-12-29 16:50:31.673 | INFO  | main | com.alibaba.druid.pool.DruidDataSource-line:1002 | {dataSource-1} inited
2020-12-29 16:50:31.674 | INFO  | main | o.s.context.support.PostProcessorRegistrationDelegate$BeanPostProcessorChecker-line:335 | Bean 'dataSource' of type [com.alibaba.druid.spring.boot.autoconfigure.DruidDataSourceWrapper] is not eligible for getting processed by all BeanPostProcessors (for example: not eligible for auto-proxying)
2020-12-29 16:50:31.721 | INFO  | main | o.s.context.support.PostProcessorRegistrationDelegate$BeanPostProcessorChecker-line:335 | Bean 'org.springframework.boot.autoconfigure.jdbc.DataSourceInitializerInvoker' of type [org.springframework.boot.autoconfigure.jdbc.DataSourceInitializerInvoker] is not eligible for getting processed by all BeanPostProcessors (for example: not eligible for auto-proxying)
2020-12-29 16:50:31.944 | INFO  | main | o.s.context.support.PostProcessorRegistrationDelegate$BeanPostProcessorChecker-line:335 | Bean 'sqlSessionFactory' of type [org.apache.ibatis.session.defaults.DefaultSqlSessionFactory] is not eligible for getting processed by all BeanPostProcessors (for example: not eligible for auto-proxying)
2020-12-29 16:50:31.954 | INFO  | main | o.s.context.support.PostProcessorRegistrationDelegate$BeanPostProcessorChecker-line:335 | Bean 'sqlSessionTemplate' of type [org.mybatis.spring.SqlSessionTemplate] is not eligible for getting processed by all BeanPostProcessors (for example: not eligible for auto-proxying)
2020-12-29 16:50:31.957 | INFO  | main | o.s.context.support.PostProcessorRegistrationDelegate$BeanPostProcessorChecker-line:335 | Bean 'userDao' of type [org.mybatis.spring.mapper.MapperFactoryBean] is not eligible for getting processed by all BeanPostProcessors (for example: not eligible for auto-proxying)
2020-12-29 16:50:31.961 | INFO  | main | o.s.context.support.PostProcessorRegistrationDelegate$BeanPostProcessorChecker-line:335 | Bean 'userDao' of type [com.sun.proxy.$Proxy85] is not eligible for getting processed by all BeanPostProcessors (for example: not eligible for auto-proxying)
2020-12-29 16:50:31.966 | INFO  | main | o.s.context.support.PostProcessorRegistrationDelegate$BeanPostProcessorChecker-line:335 | Bean 'userServiceImpl' of type [com.modules.sys.admin.service.impl.UserServiceImpl] is not eligible for getting processed by all BeanPostProcessors (for example: not eligible for auto-proxying)
2020-12-29 16:50:31.968 | INFO  | main | o.s.context.support.PostProcessorRegistrationDelegate$BeanPostProcessorChecker-line:335 | Bean 'userRealm' of type [com.modules.sys.permission.shiro.UserRealm] is not eligible for getting processed by all BeanPostProcessors (for example: not eligible for auto-proxying)
2020-12-29 16:50:32.029 | INFO  | main | o.s.context.support.PostProcessorRegistrationDelegate$BeanPostProcessorChecker-line:335 | Bean 'securityManager' of type [org.apache.shiro.web.mgt.DefaultWebSecurityManager] is not eligible for getting processed by all BeanPostProcessors (for example: not eligible for auto-proxying)
2020-12-29 16:50:32.570 | INFO  | main | org.springframework.boot.web.embedded.tomcat.TomcatWebServer-line:108 | Tomcat initialized with port(s): 8090 (http)
2020-12-29 16:50:32.591 | INFO  | main | org.apache.coyote.http11.Http11NioProtocol-line:173 | Initializing ProtocolHandler ["http-nio-8090"]
2020-12-29 16:50:32.592 | INFO  | main | org.apache.catalina.core.StandardService-line:173 | Starting service [Tomcat]
2020-12-29 16:50:32.593 | INFO  | main | org.apache.catalina.core.StandardEngine-line:173 | Starting Servlet engine: [Apache Tomcat/9.0.38]
2020-12-29 16:50:32.929 | INFO  | main | org.apache.catalina.core.ContainerBase.[Tomcat].[localhost].[/]-line:173 | Initializing Spring embedded WebApplicationContext
2020-12-29 16:50:32.930 | INFO  | main | org.springframework.boot.web.servlet.context.ServletWebServerApplicationContext-line:285 | Root WebApplicationContext: initialization completed in 8145 ms
2020-12-29 16:50:33.986 | INFO  | main | org.springframework.boot.autoconfigure.web.servlet.WelcomePageHandlerMapping-line:54 | Adding welcome page: class path resource [static/index.html]
2020-12-29 16:50:34.266 | INFO  | main | org.apache.coyote.http11.Http11NioProtocol-line:173 | Starting ProtocolHandler ["http-nio-8090"]
2020-12-29 16:50:34.298 | INFO  | main | org.springframework.boot.web.embedded.tomcat.TomcatWebServer-line:220 | Tomcat started on port(s): 8090 (http) with context path ''
2020-12-29 16:50:34.309 | INFO  | main | com.CloudBranchApplication-line:61 | Started CloudBranchApplication in 10.453 seconds (JVM running for 14.237)
2020-12-29 16:52:56.225 | INFO  | http-nio-8090-exec-1 | org.apache.catalina.core.ContainerBase.[Tomcat].[localhost].[/]-line:173 | Initializing Spring DispatcherServlet 'dispatcherServlet'
2020-12-29 16:52:56.226 | INFO  | http-nio-8090-exec-1 | org.springframework.web.servlet.DispatcherServlet-line:525 | Initializing Servlet 'dispatcherServlet'
2020-12-29 16:52:56.234 | INFO  | http-nio-8090-exec-1 | org.springframework.web.servlet.DispatcherServlet-line:547 | Completed initialization in 8 ms
2020-12-29 17:10:41.319 | INFO  | SpringContextShutdownHook | com.alibaba.druid.pool.DruidDataSource-line:1885 | {dataSource-1} closing ...
2020-12-29 17:10:41.321 | INFO  | SpringContextShutdownHook | com.alibaba.druid.pool.DruidDataSource-line:1955 | {dataSource-1} closed
2020-12-29 17:46:49.157 | INFO  | background-preinit | org.hibernate.validator.internal.util.Version-line:21 | HV000001: Hibernate Validator 6.1.5.Final
2020-12-29 17:46:49.195 | INFO  | main | com.CloudBranchApplication-line:55 | Starting CloudBranchApplication on PC-FRANK with PID 6692 (D:\IDEA\workspace_idea\dadal-cloud-branch\target\classes started by Administrator in D:\IDEA\workspace_idea\dadal-cloud-branch)
2020-12-29 17:46:49.199 | INFO  | main | com.CloudBranchApplication-line:655 | The following profiles are active: dev
2020-12-29 17:46:51.583 | INFO  | main | org.springframework.data.repository.config.RepositoryConfigurationDelegate-line:249 | Multiple Spring Data modules found, entering strict repository configuration mode!
2020-12-29 17:46:51.584 | INFO  | main | org.springframework.data.repository.config.RepositoryConfigurationDelegate-line:127 | Bootstrapping Spring Data Redis repositories in DEFAULT mode.
2020-12-29 17:46:52.717 | INFO  | main | org.springframework.data.repository.config.RepositoryConfigurationDelegate-line:187 | Finished Spring Data repository scanning in 1120ms. Found 0 Redis repository interfaces.
2020-12-29 17:46:53.849 | INFO  | main | o.s.context.support.PostProcessorRegistrationDelegate$BeanPostProcessorChecker-line:335 | Bean 'shiroConfig' of type [com.modules.sys.admin.config.ShiroConfig$$EnhancerBySpringCGLIB$$973659a4] is not eligible for getting processed by all BeanPostProcessors (for example: not eligible for auto-proxying)
2020-12-29 17:46:53.888 | INFO  | main | o.s.context.support.PostProcessorRegistrationDelegate$BeanPostProcessorChecker-line:335 | Bean 'mybatis-org.mybatis.spring.boot.autoconfigure.MybatisProperties' of type [org.mybatis.spring.boot.autoconfigure.MybatisProperties] is not eligible for getting processed by all BeanPostProcessors (for example: not eligible for auto-proxying)
2020-12-29 17:46:53.897 | INFO  | main | o.s.context.support.PostProcessorRegistrationDelegate$BeanPostProcessorChecker-line:335 | Bean 'org.mybatis.spring.boot.autoconfigure.MybatisAutoConfiguration' of type [org.mybatis.spring.boot.autoconfigure.MybatisAutoConfiguration$$EnhancerBySpringCGLIB$$6473d83] is not eligible for getting processed by all BeanPostProcessors (for example: not eligible for auto-proxying)
2020-12-29 17:46:53.901 | INFO  | main | o.s.context.support.PostProcessorRegistrationDelegate$BeanPostProcessorChecker-line:335 | Bean 'com.alibaba.druid.spring.boot.autoconfigure.DruidDataSourceAutoConfigure' of type [com.alibaba.druid.spring.boot.autoconfigure.DruidDataSourceAutoConfigure$$EnhancerBySpringCGLIB$$ed1ee1c5] is not eligible for getting processed by all BeanPostProcessors (for example: not eligible for auto-proxying)
2020-12-29 17:46:53.904 | INFO  | main | com.alibaba.druid.spring.boot.autoconfigure.DruidDataSourceAutoConfigure-line:56 | Init DruidDataSource
2020-12-29 17:46:53.953 | INFO  | main | o.s.context.support.PostProcessorRegistrationDelegate$BeanPostProcessorChecker-line:335 | Bean 'spring.datasource-org.springframework.boot.autoconfigure.jdbc.DataSourceProperties' of type [org.springframework.boot.autoconfigure.jdbc.DataSourceProperties] is not eligible for getting processed by all BeanPostProcessors (for example: not eligible for auto-proxying)
2020-12-29 17:46:53.988 | INFO  | main | com.alibaba.druid.pool.DruidDataSource-line:1002 | {dataSource-1} inited
2020-12-29 17:46:53.989 | INFO  | main | o.s.context.support.PostProcessorRegistrationDelegate$BeanPostProcessorChecker-line:335 | Bean 'dataSource' of type [com.alibaba.druid.spring.boot.autoconfigure.DruidDataSourceWrapper] is not eligible for getting processed by all BeanPostProcessors (for example: not eligible for auto-proxying)
2020-12-29 17:46:54.038 | INFO  | main | o.s.context.support.PostProcessorRegistrationDelegate$BeanPostProcessorChecker-line:335 | Bean 'org.springframework.boot.autoconfigure.jdbc.DataSourceInitializerInvoker' of type [org.springframework.boot.autoconfigure.jdbc.DataSourceInitializerInvoker] is not eligible for getting processed by all BeanPostProcessors (for example: not eligible for auto-proxying)
2020-12-29 17:46:54.202 | INFO  | main | o.s.context.support.PostProcessorRegistrationDelegate$BeanPostProcessorChecker-line:335 | Bean 'sqlSessionFactory' of type [org.apache.ibatis.session.defaults.DefaultSqlSessionFactory] is not eligible for getting processed by all BeanPostProcessors (for example: not eligible for auto-proxying)
2020-12-29 17:46:54.208 | INFO  | main | o.s.context.support.PostProcessorRegistrationDelegate$BeanPostProcessorChecker-line:335 | Bean 'sqlSessionTemplate' of type [org.mybatis.spring.SqlSessionTemplate] is not eligible for getting processed by all BeanPostProcessors (for example: not eligible for auto-proxying)
2020-12-29 17:46:54.211 | INFO  | main | o.s.context.support.PostProcessorRegistrationDelegate$BeanPostProcessorChecker-line:335 | Bean 'userDao' of type [org.mybatis.spring.mapper.MapperFactoryBean] is not eligible for getting processed by all BeanPostProcessors (for example: not eligible for auto-proxying)
2020-12-29 17:46:54.213 | INFO  | main | o.s.context.support.PostProcessorRegistrationDelegate$BeanPostProcessorChecker-line:335 | Bean 'userDao' of type [com.sun.proxy.$Proxy85] is not eligible for getting processed by all BeanPostProcessors (for example: not eligible for auto-proxying)
2020-12-29 17:46:54.214 | INFO  | main | o.s.context.support.PostProcessorRegistrationDelegate$BeanPostProcessorChecker-line:335 | Bean 'userServiceImpl' of type [com.modules.sys.admin.service.impl.UserServiceImpl] is not eligible for getting processed by all BeanPostProcessors (for example: not eligible for auto-proxying)
2020-12-29 17:46:54.215 | INFO  | main | o.s.context.support.PostProcessorRegistrationDelegate$BeanPostProcessorChecker-line:335 | Bean 'userRealm' of type [com.modules.sys.permission.shiro.UserRealm] is not eligible for getting processed by all BeanPostProcessors (for example: not eligible for auto-proxying)
2020-12-29 17:46:54.271 | INFO  | main | o.s.context.support.PostProcessorRegistrationDelegate$BeanPostProcessorChecker-line:335 | Bean 'securityManager' of type [org.apache.shiro.web.mgt.DefaultWebSecurityManager] is not eligible for getting processed by all BeanPostProcessors (for example: not eligible for auto-proxying)
2020-12-29 17:46:54.499 | INFO  | main | org.springframework.boot.web.embedded.tomcat.TomcatWebServer-line:108 | Tomcat initialized with port(s): 8090 (http)
2020-12-29 17:46:54.508 | INFO  | main | org.apache.coyote.http11.Http11NioProtocol-line:173 | Initializing ProtocolHandler ["http-nio-8090"]
2020-12-29 17:46:54.508 | INFO  | main | org.apache.catalina.core.StandardService-line:173 | Starting service [Tomcat]
2020-12-29 17:46:54.509 | INFO  | main | org.apache.catalina.core.StandardEngine-line:173 | Starting Servlet engine: [Apache Tomcat/9.0.38]
2020-12-29 17:46:54.608 | INFO  | main | org.apache.catalina.core.ContainerBase.[Tomcat].[localhost].[/]-line:173 | Initializing Spring embedded WebApplicationContext
2020-12-29 17:46:54.608 | INFO  | main | org.springframework.boot.web.servlet.context.ServletWebServerApplicationContext-line:285 | Root WebApplicationContext: initialization completed in 5317 ms
2020-12-29 17:46:55.393 | INFO  | main | org.springframework.boot.autoconfigure.web.servlet.WelcomePageHandlerMapping-line:54 | Adding welcome page: class path resource [static/index.html]
2020-12-29 17:46:55.628 | INFO  | main | org.apache.coyote.http11.Http11NioProtocol-line:173 | Starting ProtocolHandler ["http-nio-8090"]
2020-12-29 17:46:55.653 | INFO  | main | org.springframework.boot.web.embedded.tomcat.TomcatWebServer-line:220 | Tomcat started on port(s): 8090 (http) with context path ''
2020-12-29 17:46:55.664 | INFO  | main | com.CloudBranchApplication-line:61 | Started CloudBranchApplication in 7.731 seconds (JVM running for 9.191)
2020-12-29 17:48:58.277 | INFO  | http-nio-8090-exec-3 | org.apache.catalina.core.ContainerBase.[Tomcat].[localhost].[/]-line:173 | Initializing Spring DispatcherServlet 'dispatcherServlet'
2020-12-29 17:48:58.278 | INFO  | http-nio-8090-exec-3 | org.springframework.web.servlet.DispatcherServlet-line:525 | Initializing Servlet 'dispatcherServlet'
2020-12-29 17:48:58.289 | INFO  | http-nio-8090-exec-3 | org.springframework.web.servlet.DispatcherServlet-line:547 | Completed initialization in 11 ms
2020-12-29 18:01:15.139 | INFO  | SpringContextShutdownHook | com.alibaba.druid.pool.DruidDataSource-line:1885 | {dataSource-1} closing ...
2020-12-29 18:01:15.143 | INFO  | SpringContextShutdownHook | com.alibaba.druid.pool.DruidDataSource-line:1955 | {dataSource-1} closed
2020-12-29 18:01:20.406 | INFO  | background-preinit | org.hibernate.validator.internal.util.Version-line:21 | HV000001: Hibernate Validator 6.1.5.Final
2020-12-29 18:01:20.418 | INFO  | main | com.CloudBranchApplication-line:55 | Starting CloudBranchApplication on PC-FRANK with PID 16864 (D:\IDEA\workspace_idea\dadal-cloud-branch\target\classes started by Administrator in D:\IDEA\workspace_idea\dadal-cloud-branch)
2020-12-29 18:01:20.420 | INFO  | main | com.CloudBranchApplication-line:655 | The following profiles are active: dev
2020-12-29 18:01:24.322 | INFO  | main | org.springframework.data.repository.config.RepositoryConfigurationDelegate-line:249 | Multiple Spring Data modules found, entering strict repository configuration mode!
2020-12-29 18:01:24.325 | INFO  | main | org.springframework.data.repository.config.RepositoryConfigurationDelegate-line:127 | Bootstrapping Spring Data Redis repositories in DEFAULT mode.
2020-12-29 18:01:26.444 | INFO  | main | org.springframework.data.repository.config.RepositoryConfigurationDelegate-line:187 | Finished Spring Data repository scanning in 2089ms. Found 0 Redis repository interfaces.
2020-12-29 18:01:27.565 | INFO  | main | o.s.context.support.PostProcessorRegistrationDelegate$BeanPostProcessorChecker-line:335 | Bean 'shiroConfig' of type [com.modules.sys.admin.config.ShiroConfig$$EnhancerBySpringCGLIB$$c8f0448e] is not eligible for getting processed by all BeanPostProcessors (for example: not eligible for auto-proxying)
2020-12-29 18:01:27.603 | INFO  | main | o.s.context.support.PostProcessorRegistrationDelegate$BeanPostProcessorChecker-line:335 | Bean 'mybatis-org.mybatis.spring.boot.autoconfigure.MybatisProperties' of type [org.mybatis.spring.boot.autoconfigure.MybatisProperties] is not eligible for getting processed by all BeanPostProcessors (for example: not eligible for auto-proxying)
2020-12-29 18:01:27.611 | INFO  | main | o.s.context.support.PostProcessorRegistrationDelegate$BeanPostProcessorChecker-line:335 | Bean 'org.mybatis.spring.boot.autoconfigure.MybatisAutoConfiguration' of type [org.mybatis.spring.boot.autoconfigure.MybatisAutoConfiguration$$EnhancerBySpringCGLIB$$3801286d] is not eligible for getting processed by all BeanPostProcessors (for example: not eligible for auto-proxying)
2020-12-29 18:01:27.615 | INFO  | main | o.s.context.support.PostProcessorRegistrationDelegate$BeanPostProcessorChecker-line:335 | Bean 'com.alibaba.druid.spring.boot.autoconfigure.DruidDataSourceAutoConfigure' of type [com.alibaba.druid.spring.boot.autoconfigure.DruidDataSourceAutoConfigure$$EnhancerBySpringCGLIB$$1ed8ccaf] is not eligible for getting processed by all BeanPostProcessors (for example: not eligible for auto-proxying)
2020-12-29 18:01:27.618 | INFO  | main | com.alibaba.druid.spring.boot.autoconfigure.DruidDataSourceAutoConfigure-line:56 | Init DruidDataSource
2020-12-29 18:01:27.674 | INFO  | main | o.s.context.support.PostProcessorRegistrationDelegate$BeanPostProcessorChecker-line:335 | Bean 'spring.datasource-org.springframework.boot.autoconfigure.jdbc.DataSourceProperties' of type [org.springframework.boot.autoconfigure.jdbc.DataSourceProperties] is not eligible for getting processed by all BeanPostProcessors (for example: not eligible for auto-proxying)
2020-12-29 18:01:27.715 | INFO  | main | com.alibaba.druid.pool.DruidDataSource-line:1002 | {dataSource-1} inited
2020-12-29 18:01:27.715 | INFO  | main | o.s.context.support.PostProcessorRegistrationDelegate$BeanPostProcessorChecker-line:335 | Bean 'dataSource' of type [com.alibaba.druid.spring.boot.autoconfigure.DruidDataSourceWrapper] is not eligible for getting processed by all BeanPostProcessors (for example: not eligible for auto-proxying)
2020-12-29 18:01:27.770 | INFO  | main | o.s.context.support.PostProcessorRegistrationDelegate$BeanPostProcessorChecker-line:335 | Bean 'org.springframework.boot.autoconfigure.jdbc.DataSourceInitializerInvoker' of type [org.springframework.boot.autoconfigure.jdbc.DataSourceInitializerInvoker] is not eligible for getting processed by all BeanPostProcessors (for example: not eligible for auto-proxying)
2020-12-29 18:01:27.953 | INFO  | main | o.s.context.support.PostProcessorRegistrationDelegate$BeanPostProcessorChecker-line:335 | Bean 'sqlSessionFactory' of type [org.apache.ibatis.session.defaults.DefaultSqlSessionFactory] is not eligible for getting processed by all BeanPostProcessors (for example: not eligible for auto-proxying)
2020-12-29 18:01:27.960 | INFO  | main | o.s.context.support.PostProcessorRegistrationDelegate$BeanPostProcessorChecker-line:335 | Bean 'sqlSessionTemplate' of type [org.mybatis.spring.SqlSessionTemplate] is not eligible for getting processed by all BeanPostProcessors (for example: not eligible for auto-proxying)
2020-12-29 18:01:27.962 | INFO  | main | o.s.context.support.PostProcessorRegistrationDelegate$BeanPostProcessorChecker-line:335 | Bean 'userDao' of type [org.mybatis.spring.mapper.MapperFactoryBean] is not eligible for getting processed by all BeanPostProcessors (for example: not eligible for auto-proxying)
2020-12-29 18:01:27.964 | INFO  | main | o.s.context.support.PostProcessorRegistrationDelegate$BeanPostProcessorChecker-line:335 | Bean 'userDao' of type [com.sun.proxy.$Proxy85] is not eligible for getting processed by all BeanPostProcessors (for example: not eligible for auto-proxying)
2020-12-29 18:01:27.966 | INFO  | main | o.s.context.support.PostProcessorRegistrationDelegate$BeanPostProcessorChecker-line:335 | Bean 'userServiceImpl' of type [com.modules.sys.admin.service.impl.UserServiceImpl] is not eligible for getting processed by all BeanPostProcessors (for example: not eligible for auto-proxying)
2020-12-29 18:01:27.967 | INFO  | main | o.s.context.support.PostProcessorRegistrationDelegate$BeanPostProcessorChecker-line:335 | Bean 'userRealm' of type [com.modules.sys.permission.shiro.UserRealm] is not eligible for getting processed by all BeanPostProcessors (for example: not eligible for auto-proxying)
2020-12-29 18:01:28.028 | INFO  | main | o.s.context.support.PostProcessorRegistrationDelegate$BeanPostProcessorChecker-line:335 | Bean 'securityManager' of type [org.apache.shiro.web.mgt.DefaultWebSecurityManager] is not eligible for getting processed by all BeanPostProcessors (for example: not eligible for auto-proxying)
2020-12-29 18:01:28.272 | INFO  | main | org.springframework.boot.web.embedded.tomcat.TomcatWebServer-line:108 | Tomcat initialized with port(s): 8090 (http)
2020-12-29 18:01:28.281 | INFO  | main | org.apache.coyote.http11.Http11NioProtocol-line:173 | Initializing ProtocolHandler ["http-nio-8090"]
2020-12-29 18:01:28.282 | INFO  | main | org.apache.catalina.core.StandardService-line:173 | Starting service [Tomcat]
2020-12-29 18:01:28.282 | INFO  | main | org.apache.catalina.core.StandardEngine-line:173 | Starting Servlet engine: [Apache Tomcat/9.0.38]
2020-12-29 18:01:28.384 | INFO  | main | org.apache.catalina.core.ContainerBase.[Tomcat].[localhost].[/]-line:173 | Initializing Spring embedded WebApplicationContext
2020-12-29 18:01:28.384 | INFO  | main | org.springframework.boot.web.servlet.context.ServletWebServerApplicationContext-line:285 | Root WebApplicationContext: initialization completed in 7891 ms
2020-12-29 18:01:29.151 | INFO  | main | org.springframework.boot.autoconfigure.web.servlet.WelcomePageHandlerMapping-line:54 | Adding welcome page: class path resource [static/index.html]
2020-12-29 18:01:29.398 | INFO  | main | org.apache.coyote.http11.Http11NioProtocol-line:173 | Starting ProtocolHandler ["http-nio-8090"]
2020-12-29 18:01:29.422 | INFO  | main | org.springframework.boot.web.embedded.tomcat.TomcatWebServer-line:220 | Tomcat started on port(s): 8090 (http) with context path ''
2020-12-29 18:01:29.434 | INFO  | main | com.CloudBranchApplication-line:61 | Started CloudBranchApplication in 10.571 seconds (JVM running for 13.091)
2020-12-29 18:12:45.574 | INFO  | SpringContextShutdownHook | com.alibaba.druid.pool.DruidDataSource-line:1885 | {dataSource-1} closing ...
2020-12-29 18:12:45.576 | INFO  | SpringContextShutdownHook | com.alibaba.druid.pool.DruidDataSource-line:1955 | {dataSource-1} closed
2020-12-29 18:12:49.535 | INFO  | background-preinit | org.hibernate.validator.internal.util.Version-line:21 | HV000001: Hibernate Validator 6.1.5.Final
2020-12-29 18:12:49.553 | INFO  | main | com.CloudBranchApplication-line:55 | Starting CloudBranchApplication on PC-FRANK with PID 9632 (D:\IDEA\workspace_idea\dadal-cloud-branch\target\classes started by Administrator in D:\IDEA\workspace_idea\dadal-cloud-branch)
2020-12-29 18:12:49.555 | INFO  | main | com.CloudBranchApplication-line:655 | The following profiles are active: dev
2020-12-29 18:12:53.728 | INFO  | main | org.springframework.data.repository.config.RepositoryConfigurationDelegate-line:249 | Multiple Spring Data modules found, entering strict repository configuration mode!
2020-12-29 18:12:53.731 | INFO  | main | org.springframework.data.repository.config.RepositoryConfigurationDelegate-line:127 | Bootstrapping Spring Data Redis repositories in DEFAULT mode.
2020-12-29 18:12:56.115 | INFO  | main | org.springframework.data.repository.config.RepositoryConfigurationDelegate-line:187 | Finished Spring Data repository scanning in 2356ms. Found 0 Redis repository interfaces.
2020-12-29 18:12:57.462 | INFO  | main | o.s.context.support.PostProcessorRegistrationDelegate$BeanPostProcessorChecker-line:335 | Bean 'shiroConfig' of type [com.modules.sys.admin.config.ShiroConfig$$EnhancerBySpringCGLIB$$de5b57f] is not eligible for getting processed by all BeanPostProcessors (for example: not eligible for auto-proxying)
2020-12-29 18:12:57.505 | INFO  | main | o.s.context.support.PostProcessorRegistrationDelegate$BeanPostProcessorChecker-line:335 | Bean 'mybatis-org.mybatis.spring.boot.autoconfigure.MybatisProperties' of type [org.mybatis.spring.boot.autoconfigure.MybatisProperties] is not eligible for getting processed by all BeanPostProcessors (for example: not eligible for auto-proxying)
2020-12-29 18:12:57.513 | INFO  | main | o.s.context.support.PostProcessorRegistrationDelegate$BeanPostProcessorChecker-line:335 | Bean 'org.mybatis.spring.boot.autoconfigure.MybatisAutoConfiguration' of type [org.mybatis.spring.boot.autoconfigure.MybatisAutoConfiguration$$EnhancerBySpringCGLIB$$7cf6995e] is not eligible for getting processed by all BeanPostProcessors (for example: not eligible for auto-proxying)
2020-12-29 18:12:57.521 | INFO  | main | o.s.context.support.PostProcessorRegistrationDelegate$BeanPostProcessorChecker-line:335 | Bean 'com.alibaba.druid.spring.boot.autoconfigure.DruidDataSourceAutoConfigure' of type [com.alibaba.druid.spring.boot.autoconfigure.DruidDataSourceAutoConfigure$$EnhancerBySpringCGLIB$$63ce3da0] is not eligible for getting processed by all BeanPostProcessors (for example: not eligible for auto-proxying)
2020-12-29 18:12:57.524 | INFO  | main | com.alibaba.druid.spring.boot.autoconfigure.DruidDataSourceAutoConfigure-line:56 | Init DruidDataSource
2020-12-29 18:12:57.580 | INFO  | main | o.s.context.support.PostProcessorRegistrationDelegate$BeanPostProcessorChecker-line:335 | Bean 'spring.datasource-org.springframework.boot.autoconfigure.jdbc.DataSourceProperties' of type [org.springframework.boot.autoconfigure.jdbc.DataSourceProperties] is not eligible for getting processed by all BeanPostProcessors (for example: not eligible for auto-proxying)
2020-12-29 18:12:57.620 | INFO  | main | com.alibaba.druid.pool.DruidDataSource-line:1002 | {dataSource-1} inited
2020-12-29 18:12:57.620 | INFO  | main | o.s.context.support.PostProcessorRegistrationDelegate$BeanPostProcessorChecker-line:335 | Bean 'dataSource' of type [com.alibaba.druid.spring.boot.autoconfigure.DruidDataSourceWrapper] is not eligible for getting processed by all BeanPostProcessors (for example: not eligible for auto-proxying)
2020-12-29 18:12:57.689 | INFO  | main | o.s.context.support.PostProcessorRegistrationDelegate$BeanPostProcessorChecker-line:335 | Bean 'org.springframework.boot.autoconfigure.jdbc.DataSourceInitializerInvoker' of type [org.springframework.boot.autoconfigure.jdbc.DataSourceInitializerInvoker] is not eligible for getting processed by all BeanPostProcessors (for example: not eligible for auto-proxying)
2020-12-29 18:12:57.889 | INFO  | main | o.s.context.support.PostProcessorRegistrationDelegate$BeanPostProcessorChecker-line:335 | Bean 'sqlSessionFactory' of type [org.apache.ibatis.session.defaults.DefaultSqlSessionFactory] is not eligible for getting processed by all BeanPostProcessors (for example: not eligible for auto-proxying)
2020-12-29 18:12:57.907 | INFO  | main | o.s.context.support.PostProcessorRegistrationDelegate$BeanPostProcessorChecker-line:335 | Bean 'sqlSessionTemplate' of type [org.mybatis.spring.SqlSessionTemplate] is not eligible for getting processed by all BeanPostProcessors (for example: not eligible for auto-proxying)
2020-12-29 18:12:57.910 | INFO  | main | o.s.context.support.PostProcessorRegistrationDelegate$BeanPostProcessorChecker-line:335 | Bean 'userDao' of type [org.mybatis.spring.mapper.MapperFactoryBean] is not eligible for getting processed by all BeanPostProcessors (for example: not eligible for auto-proxying)
2020-12-29 18:12:57.913 | INFO  | main | o.s.context.support.PostProcessorRegistrationDelegate$BeanPostProcessorChecker-line:335 | Bean 'userDao' of type [com.sun.proxy.$Proxy85] is not eligible for getting processed by all BeanPostProcessors (for example: not eligible for auto-proxying)
2020-12-29 18:12:57.916 | INFO  | main | o.s.context.support.PostProcessorRegistrationDelegate$BeanPostProcessorChecker-line:335 | Bean 'userServiceImpl' of type [com.modules.sys.admin.service.impl.UserServiceImpl] is not eligible for getting processed by all BeanPostProcessors (for example: not eligible for auto-proxying)
2020-12-29 18:12:57.917 | INFO  | main | o.s.context.support.PostProcessorRegistrationDelegate$BeanPostProcessorChecker-line:335 | Bean 'userRealm' of type [com.modules.sys.permission.shiro.UserRealm] is not eligible for getting processed by all BeanPostProcessors (for example: not eligible for auto-proxying)
2020-12-29 18:12:57.979 | INFO  | main | o.s.context.support.PostProcessorRegistrationDelegate$BeanPostProcessorChecker-line:335 | Bean 'securityManager' of type [org.apache.shiro.web.mgt.DefaultWebSecurityManager] is not eligible for getting processed by all BeanPostProcessors (for example: not eligible for auto-proxying)
2020-12-29 18:12:58.244 | INFO  | main | org.springframework.boot.web.embedded.tomcat.TomcatWebServer-line:108 | Tomcat initialized with port(s): 8090 (http)
2020-12-29 18:12:58.255 | INFO  | main | org.apache.coyote.http11.Http11NioProtocol-line:173 | Initializing ProtocolHandler ["http-nio-8090"]
2020-12-29 18:12:58.255 | INFO  | main | org.apache.catalina.core.StandardService-line:173 | Starting service [Tomcat]
2020-12-29 18:12:58.256 | INFO  | main | org.apache.catalina.core.StandardEngine-line:173 | Starting Servlet engine: [Apache Tomcat/9.0.38]
2020-12-29 18:12:58.372 | INFO  | main | org.apache.catalina.core.ContainerBase.[Tomcat].[localhost].[/]-line:173 | Initializing Spring embedded WebApplicationContext
2020-12-29 18:12:58.372 | INFO  | main | org.springframework.boot.web.servlet.context.ServletWebServerApplicationContext-line:285 | Root WebApplicationContext: initialization completed in 8758 ms
2020-12-29 18:12:59.210 | INFO  | main | org.springframework.boot.autoconfigure.web.servlet.WelcomePageHandlerMapping-line:54 | Adding welcome page: class path resource [static/index.html]
2020-12-29 18:12:59.461 | INFO  | main | org.apache.coyote.http11.Http11NioProtocol-line:173 | Starting ProtocolHandler ["http-nio-8090"]
2020-12-29 18:12:59.491 | INFO  | main | org.springframework.boot.web.embedded.tomcat.TomcatWebServer-line:220 | Tomcat started on port(s): 8090 (http) with context path ''
2020-12-29 18:12:59.504 | INFO  | main | com.CloudBranchApplication-line:61 | Started CloudBranchApplication in 11.132 seconds (JVM running for 13.045)
2020-12-29 18:18:10.701 | INFO  | http-nio-8090-exec-1 | org.apache.catalina.core.ContainerBase.[Tomcat].[localhost].[/]-line:173 | Initializing Spring DispatcherServlet 'dispatcherServlet'
2020-12-29 18:18:10.702 | INFO  | http-nio-8090-exec-1 | org.springframework.web.servlet.DispatcherServlet-line:525 | Initializing Servlet 'dispatcherServlet'
2020-12-29 18:18:10.713 | INFO  | http-nio-8090-exec-1 | org.springframework.web.servlet.DispatcherServlet-line:547 | Completed initialization in 10 ms
